{"C:\\Users\\Pongo\\project\\MoneyTrackerApp\\src\\constants\\theme.js": {"path":"C:\\Users\\Pongo\\project\\MoneyTrackerApp\\src\\constants\\theme.js","statementMap":{"0":{"start":{"line":8,"column":22},"end":{"line":42,"column":1}},"1":{"start":{"line":44,"column":25},"end":{"line":54,"column":1}},"2":{"start":{"line":56,"column":27},"end":{"line":62,"column":1}},"3":{"start":{"line":64,"column":22},"end":{"line":72,"column":1}},"4":{"start":{"line":74,"column":23},"end":{"line":81,"column":1}},"5":{"start":{"line":84,"column":37},"end":{"line":88,"column":1}}},"fnMap":{},"branchMap":{},"s":{"0":1,"1":1,"2":1,"3":1,"4":1,"5":1},"f":{},"b":{},"_coverageSchema":"1a1c01bbd47fc00a2c39e90264f33305004495a9","hash":"f11903373fe2456ad8d3484787af1401c25d29f1"}
,"C:\\Users\\Pongo\\project\\MoneyTrackerApp\\src\\db\\database.js": {"path":"C:\\Users\\Pongo\\project\\MoneyTrackerApp\\src\\db\\database.js","statementMap":{"0":{"start":{"line":3,"column":19},"end":{"line":3,"column":20}},"1":{"start":{"line":6,"column":2},"end":{"line":76,"column":3}},"2":{"start":{"line":8,"column":4},"end":{"line":8,"column":53}},"3":{"start":{"line":11,"column":4},"end":{"line":60,"column":7}},"4":{"start":{"line":63,"column":4},"end":{"line":63,"column":28}},"5":{"start":{"line":66,"column":21},"end":{"line":66,"column":85}},"6":{"start":{"line":67,"column":4},"end":{"line":70,"column":5}},"7":{"start":{"line":68,"column":6},"end":{"line":68,"column":29}},"8":{"start":{"line":69,"column":6},"end":{"line":69,"column":31}},"9":{"start":{"line":72,"column":4},"end":{"line":72,"column":14}},"10":{"start":{"line":74,"column":4},"end":{"line":74,"column":53}},"11":{"start":{"line":75,"column":4},"end":{"line":75,"column":16}},"12":{"start":{"line":80,"column":14},"end":{"line":80,"column":94}},"13":{"start":{"line":81,"column":25},"end":{"line":81,"column":58}},"14":{"start":{"line":84,"column":2},"end":{"line":86,"column":3}},"15":{"start":{"line":85,"column":4},"end":{"line":85,"column":110}},"16":{"start":{"line":85,"column":10},"end":{"line":85,"column":95}},"17":{"start":{"line":92,"column":2},"end":{"line":97,"column":3}},"18":{"start":{"line":93,"column":4},"end":{"line":96,"column":6}},"19":{"start":{"line":101,"column":23},"end":{"line":111,"column":3}},"20":{"start":{"line":113,"column":2},"end":{"line":118,"column":3}},"21":{"start":{"line":114,"column":4},"end":{"line":117,"column":6}},"22":{"start":{"line":122,"column":25},"end":{"line":141,"column":3}},"23":{"start":{"line":143,"column":2},"end":{"line":152,"column":3}},"24":{"start":{"line":144,"column":19},"end":{"line":147,"column":5}},"25":{"start":{"line":148,"column":18},"end":{"line":148,"column":40}},"26":{"start":{"line":149,"column":4},"end":{"line":151,"column":5}},"27":{"start":{"line":150,"column":6},"end":{"line":150,"column":101}},"28":{"start":{"line":156,"column":14},"end":{"line":156,"column":24}},"29":{"start":{"line":157,"column":14},"end":{"line":157,"column":25}},"30":{"start":{"line":158,"column":12},"end":{"line":158,"column":51}},"31":{"start":{"line":160,"column":2},"end":{"line":175,"column":3}},"32":{"start":{"line":161,"column":4},"end":{"line":161,"column":71}},"33":{"start":{"line":162,"column":4},"end":{"line":162,"column":81}},"34":{"start":{"line":163,"column":9},"end":{"line":175,"column":3}},"35":{"start":{"line":164,"column":16},"end":{"line":164,"column":28}},"36":{"start":{"line":165,"column":17},"end":{"line":165,"column":59}},"37":{"start":{"line":166,"column":4},"end":{"line":166,"column":40}},"38":{"start":{"line":167,"column":4},"end":{"line":167,"column":28}},"39":{"start":{"line":168,"column":9},"end":{"line":175,"column":3}},"40":{"start":{"line":169,"column":4},"end":{"line":169,"column":59}},"41":{"start":{"line":170,"column":9},"end":{"line":175,"column":3}},"42":{"start":{"line":171,"column":4},"end":{"line":171,"column":46}},"43":{"start":{"line":172,"column":9},"end":{"line":175,"column":3}},"44":{"start":{"line":173,"column":4},"end":{"line":173,"column":50}},"45":{"start":{"line":174,"column":4},"end":{"line":174,"column":62}},"46":{"start":{"line":176,"column":2},"end":{"line":176,"column":64}},"47":{"start":{"line":180,"column":2},"end":{"line":180,"column":76}},"48":{"start":{"line":184,"column":17},"end":{"line":184,"column":140}},"49":{"start":{"line":185,"column":2},"end":{"line":185,"column":28}},"50":{"start":{"line":189,"column":2},"end":{"line":189,"column":137}},"51":{"start":{"line":193,"column":2},"end":{"line":193,"column":97}},"52":{"start":{"line":198,"column":2},"end":{"line":198,"column":122}},"53":{"start":{"line":202,"column":2},"end":{"line":202,"column":94}},"54":{"start":{"line":206,"column":2},"end":{"line":206,"column":83}},"55":{"start":{"line":211,"column":14},"end":{"line":211,"column":89}},"56":{"start":{"line":212,"column":2},"end":{"line":212,"column":40}},"57":{"start":{"line":216,"column":2},"end":{"line":216,"column":105}},"58":{"start":{"line":221,"column":2},"end":{"line":221,"column":111}},"59":{"start":{"line":225,"column":18},"end":{"line":232,"column":52}},"60":{"start":{"line":234,"column":4},"end":{"line":234,"column":23}},"61":{"start":{"line":234,"column":16},"end":{"line":234,"column":23}},"62":{"start":{"line":236,"column":16},"end":{"line":236,"column":104}},"63":{"start":{"line":237,"column":4},"end":{"line":237,"column":21}},"64":{"start":{"line":237,"column":14},"end":{"line":237,"column":21}},"65":{"start":{"line":239,"column":23},"end":{"line":243,"column":40}},"66":{"start":{"line":245,"column":4},"end":{"line":245,"column":103}},"67":{"start":{"line":249,"column":2},"end":{"line":275,"column":3}},"68":{"start":{"line":250,"column":4},"end":{"line":250,"column":44}},"69":{"start":{"line":251,"column":19},"end":{"line":264,"column":5}},"70":{"start":{"line":266,"column":4},"end":{"line":266,"column":54}},"71":{"start":{"line":267,"column":4},"end":{"line":269,"column":5}},"72":{"start":{"line":268,"column":6},"end":{"line":268,"column":59}},"73":{"start":{"line":270,"column":4},"end":{"line":270,"column":33}},"74":{"start":{"line":271,"column":4},"end":{"line":271,"column":18}},"75":{"start":{"line":273,"column":4},"end":{"line":273,"column":35}},"76":{"start":{"line":274,"column":4},"end":{"line":274,"column":12}},"77":{"start":{"line":279,"column":2},"end":{"line":303,"column":3}},"78":{"start":{"line":281,"column":15},"end":{"line":281,"column":97}},"79":{"start":{"line":282,"column":4},"end":{"line":282,"column":49}},"80":{"start":{"line":282,"column":36},"end":{"line":282,"column":49}},"81":{"start":{"line":285,"column":4},"end":{"line":285,"column":44}},"82":{"start":{"line":288,"column":4},"end":{"line":288,"column":94}},"83":{"start":{"line":291,"column":4},"end":{"line":291,"column":50}},"84":{"start":{"line":292,"column":4},"end":{"line":294,"column":5}},"85":{"start":{"line":293,"column":6},"end":{"line":293,"column":55}},"86":{"start":{"line":297,"column":4},"end":{"line":297,"column":33}},"87":{"start":{"line":298,"column":4},"end":{"line":298,"column":16}},"88":{"start":{"line":300,"column":4},"end":{"line":300,"column":35}},"89":{"start":{"line":301,"column":4},"end":{"line":301,"column":45}},"90":{"start":{"line":302,"column":4},"end":{"line":302,"column":12}},"91":{"start":{"line":307,"column":2},"end":{"line":340,"column":3}},"92":{"start":{"line":308,"column":4},"end":{"line":308,"column":44}},"93":{"start":{"line":310,"column":4},"end":{"line":324,"column":6}},"94":{"start":{"line":327,"column":29},"end":{"line":327,"column":75}},"95":{"start":{"line":328,"column":4},"end":{"line":328,"column":71}},"96":{"start":{"line":328,"column":29},"end":{"line":328,"column":71}},"97":{"start":{"line":329,"column":4},"end":{"line":329,"column":73}},"98":{"start":{"line":329,"column":30},"end":{"line":329,"column":73}},"99":{"start":{"line":331,"column":4},"end":{"line":333,"column":5}},"100":{"start":{"line":332,"column":6},"end":{"line":332,"column":55}},"101":{"start":{"line":332,"column":17},"end":{"line":332,"column":55}},"102":{"start":{"line":335,"column":4},"end":{"line":335,"column":33}},"103":{"start":{"line":336,"column":4},"end":{"line":336,"column":16}},"104":{"start":{"line":338,"column":4},"end":{"line":338,"column":35}},"105":{"start":{"line":339,"column":4},"end":{"line":339,"column":12}},"106":{"start":{"line":344,"column":25},"end":{"line":344,"column":105}},"107":{"start":{"line":346,"column":14},"end":{"line":354,"column":3}},"108":{"start":{"line":355,"column":17},"end":{"line":355,"column":29}},"109":{"start":{"line":357,"column":2},"end":{"line":360,"column":3}},"110":{"start":{"line":358,"column":4},"end":{"line":358,"column":31}},"111":{"start":{"line":359,"column":4},"end":{"line":359,"column":28}},"112":{"start":{"line":362,"column":2},"end":{"line":366,"column":3}},"113":{"start":{"line":363,"column":4},"end":{"line":363,"column":119}},"114":{"start":{"line":364,"column":18},"end":{"line":364,"column":41}},"115":{"start":{"line":365,"column":4},"end":{"line":365,"column":37}},"116":{"start":{"line":368,"column":2},"end":{"line":368,"column":35}},"117":{"start":{"line":370,"column":2},"end":{"line":370,"column":45}},"118":{"start":{"line":374,"column":25},"end":{"line":374,"column":105}},"119":{"start":{"line":375,"column":2},"end":{"line":384,"column":26}},"120":{"start":{"line":388,"column":25},"end":{"line":388,"column":105}},"121":{"start":{"line":389,"column":17},"end":{"line":389,"column":169}},"122":{"start":{"line":391,"column":15},"end":{"line":391,"column":16}},"123":{"start":{"line":392,"column":16},"end":{"line":392,"column":17}},"124":{"start":{"line":393,"column":2},"end":{"line":396,"column":5}},"125":{"start":{"line":394,"column":4},"end":{"line":394,"column":50}},"126":{"start":{"line":394,"column":31},"end":{"line":394,"column":50}},"127":{"start":{"line":395,"column":4},"end":{"line":395,"column":52}},"128":{"start":{"line":395,"column":32},"end":{"line":395,"column":52}},"129":{"start":{"line":398,"column":20},"end":{"line":398,"column":177}},"130":{"start":{"line":399,"column":2},"end":{"line":401,"column":3}},"131":{"start":{"line":400,"column":4},"end":{"line":400,"column":35}},"132":{"start":{"line":403,"column":2},"end":{"line":403,"column":56}},"133":{"start":{"line":407,"column":25},"end":{"line":407,"column":105}},"134":{"start":{"line":408,"column":2},"end":{"line":415,"column":19}},"135":{"start":{"line":419,"column":25},"end":{"line":419,"column":105}},"136":{"start":{"line":420,"column":2},"end":{"line":428,"column":19}},"137":{"start":{"line":432,"column":25},"end":{"line":432,"column":105}},"138":{"start":{"line":433,"column":2},"end":{"line":443,"column":31}},"139":{"start":{"line":447,"column":14},"end":{"line":447,"column":24}},"140":{"start":{"line":448,"column":20},"end":{"line":448,"column":80}},"141":{"start":{"line":449,"column":20},"end":{"line":449,"column":96}},"142":{"start":{"line":450,"column":20},"end":{"line":450,"column":84}},"143":{"start":{"line":451,"column":20},"end":{"line":451,"column":92}},"144":{"start":{"line":453,"column":33},"end":{"line":456,"column":4}},"145":{"start":{"line":457,"column":2},"end":{"line":457,"column":34}},"146":{"start":{"line":461,"column":22},"end":{"line":461,"column":74}},"147":{"start":{"line":462,"column":14},"end":{"line":462,"column":55}},"148":{"start":{"line":463,"column":21},"end":{"line":463,"column":67}},"149":{"start":{"line":464,"column":17},"end":{"line":464,"column":59}},"150":{"start":{"line":465,"column":22},"end":{"line":465,"column":38}},"151":{"start":{"line":467,"column":14},"end":{"line":467,"column":15}},"152":{"start":{"line":468,"column":2},"end":{"line":471,"column":40}},"153":{"start":{"line":468,"column":25},"end":{"line":468,"column":37}},"154":{"start":{"line":469,"column":7},"end":{"line":471,"column":40}},"155":{"start":{"line":469,"column":30},"end":{"line":469,"column":42}},"156":{"start":{"line":470,"column":7},"end":{"line":471,"column":40}},"157":{"start":{"line":470,"column":30},"end":{"line":470,"column":42}},"158":{"start":{"line":471,"column":7},"end":{"line":471,"column":40}},"159":{"start":{"line":471,"column":29},"end":{"line":471,"column":40}},"160":{"start":{"line":473,"column":2},"end":{"line":476,"column":33}},"161":{"start":{"line":473,"column":17},"end":{"line":473,"column":29}},"162":{"start":{"line":474,"column":7},"end":{"line":476,"column":33}},"163":{"start":{"line":474,"column":22},"end":{"line":474,"column":34}},"164":{"start":{"line":475,"column":7},"end":{"line":476,"column":33}},"165":{"start":{"line":475,"column":22},"end":{"line":475,"column":34}},"166":{"start":{"line":476,"column":7},"end":{"line":476,"column":33}},"167":{"start":{"line":476,"column":22},"end":{"line":476,"column":33}},"168":{"start":{"line":478,"column":2},"end":{"line":480,"column":40}},"169":{"start":{"line":478,"column":24},"end":{"line":478,"column":36}},"170":{"start":{"line":479,"column":7},"end":{"line":480,"column":40}},"171":{"start":{"line":479,"column":29},"end":{"line":479,"column":41}},"172":{"start":{"line":480,"column":7},"end":{"line":480,"column":40}},"173":{"start":{"line":480,"column":29},"end":{"line":480,"column":40}},"174":{"start":{"line":482,"column":2},"end":{"line":484,"column":35}},"175":{"start":{"line":482,"column":19},"end":{"line":482,"column":31}},"176":{"start":{"line":483,"column":7},"end":{"line":484,"column":35}},"177":{"start":{"line":483,"column":24},"end":{"line":483,"column":36}},"178":{"start":{"line":484,"column":7},"end":{"line":484,"column":35}},"179":{"start":{"line":484,"column":24},"end":{"line":484,"column":35}},"180":{"start":{"line":486,"column":2},"end":{"line":494,"column":4}},"181":{"start":{"line":498,"column":74},"end":{"line":498,"column":81}},"182":{"start":{"line":499,"column":16},"end":{"line":499,"column":18}},"183":{"start":{"line":501,"column":2},"end":{"line":507,"column":3}},"184":{"start":{"line":502,"column":4},"end":{"line":502,"column":83}},"185":{"start":{"line":503,"column":9},"end":{"line":507,"column":3}},"186":{"start":{"line":504,"column":4},"end":{"line":504,"column":79}},"187":{"start":{"line":506,"column":4},"end":{"line":506,"column":76}},"188":{"start":{"line":509,"column":2},"end":{"line":515,"column":3}},"189":{"start":{"line":510,"column":4},"end":{"line":510,"column":128}},"190":{"start":{"line":511,"column":9},"end":{"line":515,"column":3}},"191":{"start":{"line":512,"column":4},"end":{"line":512,"column":93}},"192":{"start":{"line":514,"column":4},"end":{"line":514,"column":95}},"193":{"start":{"line":517,"column":2},"end":{"line":521,"column":3}},"194":{"start":{"line":518,"column":4},"end":{"line":518,"column":100}},"195":{"start":{"line":519,"column":9},"end":{"line":521,"column":3}},"196":{"start":{"line":520,"column":4},"end":{"line":520,"column":94}},"197":{"start":{"line":523,"column":2},"end":{"line":529,"column":3}},"198":{"start":{"line":524,"column":4},"end":{"line":524,"column":97}},"199":{"start":{"line":525,"column":9},"end":{"line":529,"column":3}},"200":{"start":{"line":526,"column":4},"end":{"line":526,"column":92}},"201":{"start":{"line":528,"column":4},"end":{"line":528,"column":79}},"202":{"start":{"line":531,"column":2},"end":{"line":538,"column":3}},"203":{"start":{"line":532,"column":16},"end":{"line":532,"column":32}},"204":{"start":{"line":533,"column":21},"end":{"line":533,"column":42}},"205":{"start":{"line":534,"column":16},"end":{"line":534,"column":57}},"206":{"start":{"line":535,"column":4},"end":{"line":537,"column":5}},"207":{"start":{"line":536,"column":6},"end":{"line":536,"column":82}},"208":{"start":{"line":540,"column":2},"end":{"line":540,"column":25}},"209":{"start":{"line":544,"column":2},"end":{"line":567,"column":3}},"210":{"start":{"line":545,"column":4},"end":{"line":545,"column":54}},"211":{"start":{"line":548,"column":4},"end":{"line":551,"column":7}},"212":{"start":{"line":554,"column":4},"end":{"line":556,"column":7}},"213":{"start":{"line":559,"column":4},"end":{"line":561,"column":6}},"214":{"start":{"line":563,"column":4},"end":{"line":563,"column":33}},"215":{"start":{"line":565,"column":4},"end":{"line":565,"column":35}},"216":{"start":{"line":566,"column":4},"end":{"line":566,"column":16}}},"fnMap":{"0":{"name":"initDatabase","decl":{"start":{"line":5,"column":22},"end":{"line":5,"column":34}},"loc":{"start":{"line":5,"column":39},"end":{"line":77,"column":1}},"line":5},"1":{"name":"runMigrations","decl":{"start":{"line":79,"column":15},"end":{"line":79,"column":28}},"loc":{"start":{"line":79,"column":33},"end":{"line":98,"column":1}},"line":79},"2":{"name":"seedAccounts","decl":{"start":{"line":100,"column":15},"end":{"line":100,"column":27}},"loc":{"start":{"line":100,"column":32},"end":{"line":119,"column":1}},"line":100},"3":{"name":"seedCategories","decl":{"start":{"line":121,"column":15},"end":{"line":121,"column":29}},"loc":{"start":{"line":121,"column":34},"end":{"line":153,"column":1}},"line":121},"4":{"name":"getDateFilterBoundary","decl":{"start":{"line":155,"column":16},"end":{"line":155,"column":37}},"loc":{"start":{"line":155,"column":46},"end":{"line":177,"column":1}},"line":155},"5":{"name":"getAccounts","decl":{"start":{"line":179,"column":22},"end":{"line":179,"column":33}},"loc":{"start":{"line":179,"column":38},"end":{"line":181,"column":1}},"line":179},"6":{"name":"getTotalHarta","decl":{"start":{"line":183,"column":22},"end":{"line":183,"column":35}},"loc":{"start":{"line":183,"column":40},"end":{"line":186,"column":1}},"line":183},"7":{"name":"getCategories","decl":{"start":{"line":188,"column":22},"end":{"line":188,"column":35}},"loc":{"start":{"line":188,"column":46},"end":{"line":190,"column":1}},"line":188},"8":{"name":"getSubCategories","decl":{"start":{"line":192,"column":22},"end":{"line":192,"column":38}},"loc":{"start":{"line":192,"column":55},"end":{"line":194,"column":1}},"line":192},"9":{"name":"addCategory","decl":{"start":{"line":197,"column":22},"end":{"line":197,"column":33}},"loc":{"start":{"line":197,"column":64},"end":{"line":199,"column":1}},"line":197},"10":{"name":"deleteCategory","decl":{"start":{"line":201,"column":22},"end":{"line":201,"column":36}},"loc":{"start":{"line":201,"column":45},"end":{"line":203,"column":1}},"line":201},"11":{"name":"deleteSubCategory","decl":{"start":{"line":205,"column":22},"end":{"line":205,"column":39}},"loc":{"start":{"line":205,"column":48},"end":{"line":207,"column":1}},"line":205},"12":{"name":"getPref","decl":{"start":{"line":210,"column":22},"end":{"line":210,"column":29}},"loc":{"start":{"line":210,"column":57},"end":{"line":213,"column":1}},"line":210},"13":{"name":"setPref","decl":{"start":{"line":215,"column":22},"end":{"line":215,"column":29}},"loc":{"start":{"line":215,"column":45},"end":{"line":217,"column":1}},"line":215},"14":{"name":"addSubCategory","decl":{"start":{"line":220,"column":22},"end":{"line":220,"column":36}},"loc":{"start":{"line":220,"column":64},"end":{"line":222,"column":1}},"line":220},"15":{"name":"updateAccountBalance","decl":{"start":{"line":224,"column":22},"end":{"line":224,"column":42}},"loc":{"start":{"line":224,"column":58},"end":{"line":246,"column":1}},"line":224},"16":{"name":"addTransaction","decl":{"start":{"line":248,"column":22},"end":{"line":248,"column":36}},"loc":{"start":{"line":248,"column":49},"end":{"line":276,"column":1}},"line":248},"17":{"name":"deleteTransaction","decl":{"start":{"line":278,"column":22},"end":{"line":278,"column":39}},"loc":{"start":{"line":278,"column":59},"end":{"line":304,"column":1}},"line":278},"18":{"name":"updateTransaction","decl":{"start":{"line":306,"column":22},"end":{"line":306,"column":39}},"loc":{"start":{"line":306,"column":74},"end":{"line":341,"column":1}},"line":306},"19":{"name":"getAllTransactions","decl":{"start":{"line":343,"column":22},"end":{"line":343,"column":40}},"loc":{"start":{"line":343,"column":91},"end":{"line":371,"column":1}},"line":343},"20":{"name":"getRecentTransactions","decl":{"start":{"line":373,"column":22},"end":{"line":373,"column":43}},"loc":{"start":{"line":373,"column":68},"end":{"line":385,"column":1}},"line":373},"21":{"name":"getStats","decl":{"start":{"line":387,"column":22},"end":{"line":387,"column":30}},"loc":{"start":{"line":387,"column":43},"end":{"line":404,"column":1}},"line":387},"22":{"name":"(anonymous_22)","decl":{"start":{"line":393,"column":17},"end":{"line":393,"column":18}},"loc":{"start":{"line":393,"column":24},"end":{"line":396,"column":3}},"line":393},"23":{"name":"getExpenseByCategory","decl":{"start":{"line":406,"column":22},"end":{"line":406,"column":42}},"loc":{"start":{"line":406,"column":55},"end":{"line":416,"column":1}},"line":406},"24":{"name":"getFixedVsVariableExpense","decl":{"start":{"line":418,"column":22},"end":{"line":418,"column":47}},"loc":{"start":{"line":418,"column":60},"end":{"line":429,"column":1}},"line":418},"25":{"name":"getSubCategoryExpense","decl":{"start":{"line":431,"column":22},"end":{"line":431,"column":43}},"loc":{"start":{"line":431,"column":68},"end":{"line":444,"column":1}},"line":431},"26":{"name":"getMonthComparison","decl":{"start":{"line":446,"column":22},"end":{"line":446,"column":40}},"loc":{"start":{"line":446,"column":45},"end":{"line":458,"column":1}},"line":446},"27":{"name":"calculateFinancialHealth","decl":{"start":{"line":460,"column":16},"end":{"line":460,"column":40}},"loc":{"start":{"line":460,"column":85},"end":{"line":495,"column":1}},"line":460},"28":{"name":"generateSummary","decl":{"start":{"line":497,"column":16},"end":{"line":497,"column":31}},"loc":{"start":{"line":497,"column":56},"end":{"line":541,"column":1}},"line":497},"29":{"name":"factoryReset","decl":{"start":{"line":543,"column":22},"end":{"line":543,"column":34}},"loc":{"start":{"line":543,"column":39},"end":{"line":568,"column":1}},"line":543}},"branchMap":{"0":{"loc":{"start":{"line":67,"column":4},"end":{"line":70,"column":5}},"type":"if","locations":[{"start":{"line":67,"column":4},"end":{"line":70,"column":5}},{"start":{},"end":{}}],"line":67},"1":{"loc":{"start":{"line":81,"column":25},"end":{"line":81,"column":58}},"type":"cond-expr","locations":[{"start":{"line":81,"column":31},"end":{"line":81,"column":54}},{"start":{"line":81,"column":57},"end":{"line":81,"column":58}}],"line":81},"2":{"loc":{"start":{"line":84,"column":2},"end":{"line":86,"column":3}},"type":"if","locations":[{"start":{"line":84,"column":2},"end":{"line":86,"column":3}},{"start":{},"end":{}}],"line":84},"3":{"loc":{"start":{"line":92,"column":2},"end":{"line":97,"column":3}},"type":"if","locations":[{"start":{"line":92,"column":2},"end":{"line":97,"column":3}},{"start":{},"end":{}}],"line":92},"4":{"loc":{"start":{"line":160,"column":2},"end":{"line":175,"column":3}},"type":"if","locations":[{"start":{"line":160,"column":2},"end":{"line":175,"column":3}},{"start":{"line":163,"column":9},"end":{"line":175,"column":3}}],"line":160},"5":{"loc":{"start":{"line":163,"column":9},"end":{"line":175,"column":3}},"type":"if","locations":[{"start":{"line":163,"column":9},"end":{"line":175,"column":3}},{"start":{"line":168,"column":9},"end":{"line":175,"column":3}}],"line":163},"6":{"loc":{"start":{"line":165,"column":40},"end":{"line":165,"column":58}},"type":"cond-expr","locations":[{"start":{"line":165,"column":52},"end":{"line":165,"column":54}},{"start":{"line":165,"column":57},"end":{"line":165,"column":58}}],"line":165},"7":{"loc":{"start":{"line":168,"column":9},"end":{"line":175,"column":3}},"type":"if","locations":[{"start":{"line":168,"column":9},"end":{"line":175,"column":3}},{"start":{"line":170,"column":9},"end":{"line":175,"column":3}}],"line":168},"8":{"loc":{"start":{"line":170,"column":9},"end":{"line":175,"column":3}},"type":"if","locations":[{"start":{"line":170,"column":9},"end":{"line":175,"column":3}},{"start":{"line":172,"column":9},"end":{"line":175,"column":3}}],"line":170},"9":{"loc":{"start":{"line":172,"column":9},"end":{"line":175,"column":3}},"type":"if","locations":[{"start":{"line":172,"column":9},"end":{"line":175,"column":3}},{"start":{},"end":{}}],"line":172},"10":{"loc":{"start":{"line":185,"column":9},"end":{"line":185,"column":27}},"type":"binary-expr","locations":[{"start":{"line":185,"column":9},"end":{"line":185,"column":22}},{"start":{"line":185,"column":26},"end":{"line":185,"column":27}}],"line":185},"11":{"loc":{"start":{"line":189,"column":117},"end":{"line":189,"column":134}},"type":"binary-expr","locations":[{"start":{"line":189,"column":117},"end":{"line":189,"column":121}},{"start":{"line":189,"column":125},"end":{"line":189,"column":134}}],"line":189},"12":{"loc":{"start":{"line":198,"column":106},"end":{"line":198,"column":119}},"type":"binary-expr","locations":[{"start":{"line":198,"column":106},"end":{"line":198,"column":114}},{"start":{"line":198,"column":118},"end":{"line":198,"column":119}}],"line":198},"13":{"loc":{"start":{"line":202,"column":81},"end":{"line":202,"column":91}},"type":"binary-expr","locations":[{"start":{"line":202,"column":81},"end":{"line":202,"column":83}},{"start":{"line":202,"column":87},"end":{"line":202,"column":91}}],"line":202},"14":{"loc":{"start":{"line":206,"column":70},"end":{"line":206,"column":80}},"type":"binary-expr","locations":[{"start":{"line":206,"column":70},"end":{"line":206,"column":72}},{"start":{"line":206,"column":76},"end":{"line":206,"column":80}}],"line":206},"15":{"loc":{"start":{"line":210,"column":38},"end":{"line":210,"column":55}},"type":"default-arg","locations":[{"start":{"line":210,"column":53},"end":{"line":210,"column":55}}],"line":210},"16":{"loc":{"start":{"line":212,"column":9},"end":{"line":212,"column":39}},"type":"cond-expr","locations":[{"start":{"line":212,"column":15},"end":{"line":212,"column":24}},{"start":{"line":212,"column":27},"end":{"line":212,"column":39}}],"line":212},"17":{"loc":{"start":{"line":234,"column":4},"end":{"line":234,"column":23}},"type":"if","locations":[{"start":{"line":234,"column":4},"end":{"line":234,"column":23}},{"start":{},"end":{}}],"line":234},"18":{"loc":{"start":{"line":237,"column":4},"end":{"line":237,"column":21}},"type":"if","locations":[{"start":{"line":237,"column":4},"end":{"line":237,"column":21}},{"start":{},"end":{}}],"line":237},"19":{"loc":{"start":{"line":239,"column":24},"end":{"line":239,"column":48}},"type":"binary-expr","locations":[{"start":{"line":239,"column":24},"end":{"line":239,"column":43}},{"start":{"line":239,"column":47},"end":{"line":239,"column":48}}],"line":239},"20":{"loc":{"start":{"line":240,"column":24},"end":{"line":240,"column":44}},"type":"binary-expr","locations":[{"start":{"line":240,"column":24},"end":{"line":240,"column":39}},{"start":{"line":240,"column":43},"end":{"line":240,"column":44}}],"line":240},"21":{"loc":{"start":{"line":241,"column":24},"end":{"line":241,"column":44}},"type":"binary-expr","locations":[{"start":{"line":241,"column":24},"end":{"line":241,"column":39}},{"start":{"line":241,"column":43},"end":{"line":241,"column":44}}],"line":241},"22":{"loc":{"start":{"line":242,"column":24},"end":{"line":242,"column":40}},"type":"binary-expr","locations":[{"start":{"line":242,"column":24},"end":{"line":242,"column":35}},{"start":{"line":242,"column":39},"end":{"line":242,"column":40}}],"line":242},"23":{"loc":{"start":{"line":243,"column":24},"end":{"line":243,"column":39}},"type":"binary-expr","locations":[{"start":{"line":243,"column":24},"end":{"line":243,"column":34}},{"start":{"line":243,"column":38},"end":{"line":243,"column":39}}],"line":243},"24":{"loc":{"start":{"line":255,"column":8},"end":{"line":255,"column":23}},"type":"binary-expr","locations":[{"start":{"line":255,"column":8},"end":{"line":255,"column":18}},{"start":{"line":255,"column":22},"end":{"line":255,"column":23}}],"line":255},"25":{"loc":{"start":{"line":258,"column":8},"end":{"line":258,"column":36}},"type":"binary-expr","locations":[{"start":{"line":258,"column":8},"end":{"line":258,"column":28}},{"start":{"line":258,"column":32},"end":{"line":258,"column":36}}],"line":258},"26":{"loc":{"start":{"line":259,"column":8},"end":{"line":259,"column":34}},"type":"binary-expr","locations":[{"start":{"line":259,"column":8},"end":{"line":259,"column":26}},{"start":{"line":259,"column":30},"end":{"line":259,"column":34}}],"line":259},"27":{"loc":{"start":{"line":260,"column":8},"end":{"line":260,"column":37}},"type":"binary-expr","locations":[{"start":{"line":260,"column":8},"end":{"line":260,"column":29}},{"start":{"line":260,"column":33},"end":{"line":260,"column":37}}],"line":260},"28":{"loc":{"start":{"line":261,"column":8},"end":{"line":261,"column":32}},"type":"binary-expr","locations":[{"start":{"line":261,"column":8},"end":{"line":261,"column":26}},{"start":{"line":261,"column":30},"end":{"line":261,"column":32}}],"line":261},"29":{"loc":{"start":{"line":267,"column":4},"end":{"line":269,"column":5}},"type":"if","locations":[{"start":{"line":267,"column":4},"end":{"line":269,"column":5}},{"start":{},"end":{}}],"line":267},"30":{"loc":{"start":{"line":282,"column":4},"end":{"line":282,"column":49}},"type":"if","locations":[{"start":{"line":282,"column":4},"end":{"line":282,"column":49}},{"start":{},"end":{}}],"line":282},"31":{"loc":{"start":{"line":282,"column":8},"end":{"line":282,"column":34}},"type":"binary-expr","locations":[{"start":{"line":282,"column":8},"end":{"line":282,"column":11}},{"start":{"line":282,"column":15},"end":{"line":282,"column":34}}],"line":282},"32":{"loc":{"start":{"line":292,"column":4},"end":{"line":294,"column":5}},"type":"if","locations":[{"start":{"line":292,"column":4},"end":{"line":294,"column":5}},{"start":{},"end":{}}],"line":292},"33":{"loc":{"start":{"line":314,"column":8},"end":{"line":314,"column":23}},"type":"binary-expr","locations":[{"start":{"line":314,"column":8},"end":{"line":314,"column":18}},{"start":{"line":314,"column":22},"end":{"line":314,"column":23}}],"line":314},"34":{"loc":{"start":{"line":317,"column":8},"end":{"line":317,"column":36}},"type":"binary-expr","locations":[{"start":{"line":317,"column":8},"end":{"line":317,"column":28}},{"start":{"line":317,"column":32},"end":{"line":317,"column":36}}],"line":317},"35":{"loc":{"start":{"line":318,"column":8},"end":{"line":318,"column":34}},"type":"binary-expr","locations":[{"start":{"line":318,"column":8},"end":{"line":318,"column":26}},{"start":{"line":318,"column":30},"end":{"line":318,"column":34}}],"line":318},"36":{"loc":{"start":{"line":319,"column":8},"end":{"line":319,"column":37}},"type":"binary-expr","locations":[{"start":{"line":319,"column":8},"end":{"line":319,"column":29}},{"start":{"line":319,"column":33},"end":{"line":319,"column":37}}],"line":319},"37":{"loc":{"start":{"line":320,"column":8},"end":{"line":320,"column":32}},"type":"binary-expr","locations":[{"start":{"line":320,"column":8},"end":{"line":320,"column":26}},{"start":{"line":320,"column":30},"end":{"line":320,"column":32}}],"line":320},"38":{"loc":{"start":{"line":328,"column":4},"end":{"line":328,"column":71}},"type":"if","locations":[{"start":{"line":328,"column":4},"end":{"line":328,"column":71}},{"start":{},"end":{}}],"line":328},"39":{"loc":{"start":{"line":329,"column":4},"end":{"line":329,"column":73}},"type":"if","locations":[{"start":{"line":329,"column":4},"end":{"line":329,"column":73}},{"start":{},"end":{}}],"line":329},"40":{"loc":{"start":{"line":332,"column":6},"end":{"line":332,"column":55}},"type":"if","locations":[{"start":{"line":332,"column":6},"end":{"line":332,"column":55}},{"start":{},"end":{}}],"line":332},"41":{"loc":{"start":{"line":343,"column":45},"end":{"line":343,"column":61}},"type":"default-arg","locations":[{"start":{"line":343,"column":59},"end":{"line":343,"column":61}}],"line":343},"42":{"loc":{"start":{"line":343,"column":63},"end":{"line":343,"column":81}},"type":"default-arg","locations":[{"start":{"line":343,"column":76},"end":{"line":343,"column":81}}],"line":343},"43":{"loc":{"start":{"line":344,"column":25},"end":{"line":344,"column":105}},"type":"binary-expr","locations":[{"start":{"line":344,"column":25},"end":{"line":344,"column":31}},{"start":{"line":344,"column":35},"end":{"line":344,"column":105}}],"line":344},"44":{"loc":{"start":{"line":357,"column":2},"end":{"line":360,"column":3}},"type":"if","locations":[{"start":{"line":357,"column":2},"end":{"line":360,"column":3}},{"start":{},"end":{}}],"line":357},"45":{"loc":{"start":{"line":362,"column":2},"end":{"line":366,"column":3}},"type":"if","locations":[{"start":{"line":362,"column":2},"end":{"line":366,"column":3}},{"start":{},"end":{}}],"line":362},"46":{"loc":{"start":{"line":373,"column":48},"end":{"line":373,"column":58}},"type":"default-arg","locations":[{"start":{"line":373,"column":56},"end":{"line":373,"column":58}}],"line":373},"47":{"loc":{"start":{"line":374,"column":25},"end":{"line":374,"column":105}},"type":"binary-expr","locations":[{"start":{"line":374,"column":25},"end":{"line":374,"column":31}},{"start":{"line":374,"column":35},"end":{"line":374,"column":105}}],"line":374},"48":{"loc":{"start":{"line":388,"column":25},"end":{"line":388,"column":105}},"type":"binary-expr","locations":[{"start":{"line":388,"column":25},"end":{"line":388,"column":31}},{"start":{"line":388,"column":35},"end":{"line":388,"column":105}}],"line":388},"49":{"loc":{"start":{"line":394,"column":4},"end":{"line":394,"column":50}},"type":"if","locations":[{"start":{"line":394,"column":4},"end":{"line":394,"column":50}},{"start":{},"end":{}}],"line":394},"50":{"loc":{"start":{"line":395,"column":4},"end":{"line":395,"column":52}},"type":"if","locations":[{"start":{"line":395,"column":4},"end":{"line":395,"column":52}},{"start":{},"end":{}}],"line":395},"51":{"loc":{"start":{"line":399,"column":2},"end":{"line":401,"column":3}},"type":"if","locations":[{"start":{"line":399,"column":2},"end":{"line":401,"column":3}},{"start":{},"end":{}}],"line":399},"52":{"loc":{"start":{"line":399,"column":6},"end":{"line":399,"column":38}},"type":"binary-expr","locations":[{"start":{"line":399,"column":6},"end":{"line":399,"column":15}},{"start":{"line":399,"column":19},"end":{"line":399,"column":38}}],"line":399},"53":{"loc":{"start":{"line":407,"column":25},"end":{"line":407,"column":105}},"type":"binary-expr","locations":[{"start":{"line":407,"column":25},"end":{"line":407,"column":31}},{"start":{"line":407,"column":35},"end":{"line":407,"column":105}}],"line":407},"54":{"loc":{"start":{"line":419,"column":25},"end":{"line":419,"column":105}},"type":"binary-expr","locations":[{"start":{"line":419,"column":25},"end":{"line":419,"column":31}},{"start":{"line":419,"column":35},"end":{"line":419,"column":105}}],"line":419},"55":{"loc":{"start":{"line":432,"column":25},"end":{"line":432,"column":105}},"type":"binary-expr","locations":[{"start":{"line":432,"column":25},"end":{"line":432,"column":31}},{"start":{"line":432,"column":35},"end":{"line":432,"column":105}}],"line":432},"56":{"loc":{"start":{"line":461,"column":22},"end":{"line":461,"column":74}},"type":"cond-expr","locations":[{"start":{"line":461,"column":35},"end":{"line":461,"column":70}},{"start":{"line":461,"column":73},"end":{"line":461,"column":74}}],"line":461},"57":{"loc":{"start":{"line":462,"column":14},"end":{"line":462,"column":55}},"type":"cond-expr","locations":[{"start":{"line":462,"column":27},"end":{"line":462,"column":51}},{"start":{"line":462,"column":54},"end":{"line":462,"column":55}}],"line":462},"58":{"loc":{"start":{"line":463,"column":21},"end":{"line":463,"column":67}},"type":"cond-expr","locations":[{"start":{"line":463,"column":34},"end":{"line":463,"column":63}},{"start":{"line":463,"column":66},"end":{"line":463,"column":67}}],"line":463},"59":{"loc":{"start":{"line":464,"column":17},"end":{"line":464,"column":59}},"type":"cond-expr","locations":[{"start":{"line":464,"column":31},"end":{"line":464,"column":48}},{"start":{"line":464,"column":51},"end":{"line":464,"column":59}}],"line":464},"60":{"loc":{"start":{"line":468,"column":2},"end":{"line":471,"column":40}},"type":"if","locations":[{"start":{"line":468,"column":2},"end":{"line":471,"column":40}},{"start":{"line":469,"column":7},"end":{"line":471,"column":40}}],"line":468},"61":{"loc":{"start":{"line":469,"column":7},"end":{"line":471,"column":40}},"type":"if","locations":[{"start":{"line":469,"column":7},"end":{"line":471,"column":40}},{"start":{"line":470,"column":7},"end":{"line":471,"column":40}}],"line":469},"62":{"loc":{"start":{"line":470,"column":7},"end":{"line":471,"column":40}},"type":"if","locations":[{"start":{"line":470,"column":7},"end":{"line":471,"column":40}},{"start":{"line":471,"column":7},"end":{"line":471,"column":40}}],"line":470},"63":{"loc":{"start":{"line":471,"column":7},"end":{"line":471,"column":40}},"type":"if","locations":[{"start":{"line":471,"column":7},"end":{"line":471,"column":40}},{"start":{},"end":{}}],"line":471},"64":{"loc":{"start":{"line":473,"column":2},"end":{"line":476,"column":33}},"type":"if","locations":[{"start":{"line":473,"column":2},"end":{"line":476,"column":33}},{"start":{"line":474,"column":7},"end":{"line":476,"column":33}}],"line":473},"65":{"loc":{"start":{"line":474,"column":7},"end":{"line":476,"column":33}},"type":"if","locations":[{"start":{"line":474,"column":7},"end":{"line":476,"column":33}},{"start":{"line":475,"column":7},"end":{"line":476,"column":33}}],"line":474},"66":{"loc":{"start":{"line":475,"column":7},"end":{"line":476,"column":33}},"type":"if","locations":[{"start":{"line":475,"column":7},"end":{"line":476,"column":33}},{"start":{"line":476,"column":7},"end":{"line":476,"column":33}}],"line":475},"67":{"loc":{"start":{"line":476,"column":7},"end":{"line":476,"column":33}},"type":"if","locations":[{"start":{"line":476,"column":7},"end":{"line":476,"column":33}},{"start":{},"end":{}}],"line":476},"68":{"loc":{"start":{"line":478,"column":2},"end":{"line":480,"column":40}},"type":"if","locations":[{"start":{"line":478,"column":2},"end":{"line":480,"column":40}},{"start":{"line":479,"column":7},"end":{"line":480,"column":40}}],"line":478},"69":{"loc":{"start":{"line":479,"column":7},"end":{"line":480,"column":40}},"type":"if","locations":[{"start":{"line":479,"column":7},"end":{"line":480,"column":40}},{"start":{"line":480,"column":7},"end":{"line":480,"column":40}}],"line":479},"70":{"loc":{"start":{"line":480,"column":7},"end":{"line":480,"column":40}},"type":"if","locations":[{"start":{"line":480,"column":7},"end":{"line":480,"column":40}},{"start":{},"end":{}}],"line":480},"71":{"loc":{"start":{"line":482,"column":2},"end":{"line":484,"column":35}},"type":"if","locations":[{"start":{"line":482,"column":2},"end":{"line":484,"column":35}},{"start":{"line":483,"column":7},"end":{"line":484,"column":35}}],"line":482},"72":{"loc":{"start":{"line":483,"column":7},"end":{"line":484,"column":35}},"type":"if","locations":[{"start":{"line":483,"column":7},"end":{"line":484,"column":35}},{"start":{"line":484,"column":7},"end":{"line":484,"column":35}}],"line":483},"73":{"loc":{"start":{"line":484,"column":7},"end":{"line":484,"column":35}},"type":"if","locations":[{"start":{"line":484,"column":7},"end":{"line":484,"column":35}},{"start":{},"end":{}}],"line":484},"74":{"loc":{"start":{"line":493,"column":12},"end":{"line":493,"column":70}},"type":"cond-expr","locations":[{"start":{"line":493,"column":26},"end":{"line":493,"column":33}},{"start":{"line":493,"column":36},"end":{"line":493,"column":70}}],"line":493},"75":{"loc":{"start":{"line":493,"column":36},"end":{"line":493,"column":70}},"type":"cond-expr","locations":[{"start":{"line":493,"column":50},"end":{"line":493,"column":59}},{"start":{"line":493,"column":62},"end":{"line":493,"column":70}}],"line":493},"76":{"loc":{"start":{"line":501,"column":2},"end":{"line":507,"column":3}},"type":"if","locations":[{"start":{"line":501,"column":2},"end":{"line":507,"column":3}},{"start":{"line":503,"column":9},"end":{"line":507,"column":3}}],"line":501},"77":{"loc":{"start":{"line":503,"column":9},"end":{"line":507,"column":3}},"type":"if","locations":[{"start":{"line":503,"column":9},"end":{"line":507,"column":3}},{"start":{"line":505,"column":9},"end":{"line":507,"column":3}}],"line":503},"78":{"loc":{"start":{"line":509,"column":2},"end":{"line":515,"column":3}},"type":"if","locations":[{"start":{"line":509,"column":2},"end":{"line":515,"column":3}},{"start":{"line":511,"column":9},"end":{"line":515,"column":3}}],"line":509},"79":{"loc":{"start":{"line":511,"column":9},"end":{"line":515,"column":3}},"type":"if","locations":[{"start":{"line":511,"column":9},"end":{"line":515,"column":3}},{"start":{"line":513,"column":9},"end":{"line":515,"column":3}}],"line":511},"80":{"loc":{"start":{"line":517,"column":2},"end":{"line":521,"column":3}},"type":"if","locations":[{"start":{"line":517,"column":2},"end":{"line":521,"column":3}},{"start":{"line":519,"column":9},"end":{"line":521,"column":3}}],"line":517},"81":{"loc":{"start":{"line":519,"column":9},"end":{"line":521,"column":3}},"type":"if","locations":[{"start":{"line":519,"column":9},"end":{"line":521,"column":3}},{"start":{},"end":{}}],"line":519},"82":{"loc":{"start":{"line":523,"column":2},"end":{"line":529,"column":3}},"type":"if","locations":[{"start":{"line":523,"column":2},"end":{"line":529,"column":3}},{"start":{"line":525,"column":9},"end":{"line":529,"column":3}}],"line":523},"83":{"loc":{"start":{"line":525,"column":9},"end":{"line":529,"column":3}},"type":"if","locations":[{"start":{"line":525,"column":9},"end":{"line":529,"column":3}},{"start":{"line":527,"column":9},"end":{"line":529,"column":3}}],"line":525},"84":{"loc":{"start":{"line":531,"column":2},"end":{"line":538,"column":3}},"type":"if","locations":[{"start":{"line":531,"column":2},"end":{"line":538,"column":3}},{"start":{},"end":{}}],"line":531},"85":{"loc":{"start":{"line":531,"column":6},"end":{"line":531,"column":47}},"type":"binary-expr","locations":[{"start":{"line":531,"column":6},"end":{"line":531,"column":19}},{"start":{"line":531,"column":23},"end":{"line":531,"column":47}}],"line":531},"86":{"loc":{"start":{"line":533,"column":21},"end":{"line":533,"column":42}},"type":"binary-expr","locations":[{"start":{"line":533,"column":21},"end":{"line":533,"column":37}},{"start":{"line":533,"column":41},"end":{"line":533,"column":42}}],"line":533},"87":{"loc":{"start":{"line":535,"column":4},"end":{"line":537,"column":5}},"type":"if","locations":[{"start":{"line":535,"column":4},"end":{"line":537,"column":5}},{"start":{},"end":{}}],"line":535}},"s":{"0":1,"1":0,"2":0,"3":0,"4":0,"5":0,"6":0,"7":0,"8":0,"9":0,"10":0,"11":0,"12":0,"13":0,"14":0,"15":0,"16":0,"17":0,"18":0,"19":0,"20":0,"21":0,"22":0,"23":0,"24":0,"25":0,"26":0,"27":0,"28":9,"29":9,"30":9,"31":9,"32":2,"33":2,"34":7,"35":1,"36":1,"37":1,"38":1,"39":6,"40":2,"41":4,"42":1,"43":3,"44":1,"45":1,"46":9,"47":1,"48":2,"49":2,"50":0,"51":0,"52":1,"53":1,"54":0,"55":0,"56":0,"57":0,"58":0,"59":0,"60":0,"61":0,"62":0,"63":0,"64":0,"65":0,"66":0,"67":0,"68":0,"69":0,"70":0,"71":0,"72":0,"73":0,"74":0,"75":0,"76":0,"77":0,"78":0,"79":0,"80":0,"81":0,"82":0,"83":0,"84":0,"85":0,"86":0,"87":0,"88":0,"89":0,"90":0,"91":0,"92":0,"93":0,"94":0,"95":0,"96":0,"97":0,"98":0,"99":0,"100":0,"101":0,"102":0,"103":0,"104":0,"105":0,"106":0,"107":0,"108":0,"109":0,"110":0,"111":0,"112":0,"113":0,"114":0,"115":0,"116":0,"117":0,"118":0,"119":0,"120":0,"121":0,"122":0,"123":0,"124":0,"125":0,"126":0,"127":0,"128":0,"129":0,"130":0,"131":0,"132":0,"133":0,"134":0,"135":0,"136":0,"137":0,"138":0,"139":0,"140":0,"141":0,"142":0,"143":0,"144":0,"145":0,"146":8,"147":8,"148":8,"149":8,"150":8,"151":8,"152":8,"153":5,"154":3,"155":1,"156":2,"157":0,"158":2,"159":1,"160":8,"161":6,"162":2,"163":1,"164":1,"165":0,"166":1,"167":0,"168":8,"169":6,"170":2,"171":1,"172":1,"173":0,"174":8,"175":4,"176":4,"177":1,"178":3,"179":1,"180":8,"181":6,"182":6,"183":6,"184":1,"185":5,"186":4,"187":1,"188":6,"189":1,"190":5,"191":0,"192":5,"193":6,"194":0,"195":6,"196":1,"197":6,"198":1,"199":5,"200":0,"201":5,"202":6,"203":1,"204":1,"205":1,"206":1,"207":1,"208":6,"209":0,"210":0,"211":0,"212":0,"213":0,"214":0,"215":0,"216":0},"f":{"0":0,"1":0,"2":0,"3":0,"4":9,"5":1,"6":2,"7":0,"8":0,"9":1,"10":1,"11":0,"12":0,"13":0,"14":0,"15":0,"16":0,"17":0,"18":0,"19":0,"20":0,"21":0,"22":0,"23":0,"24":0,"25":0,"26":0,"27":8,"28":6,"29":0},"b":{"0":[0,0],"1":[0,0],"2":[0,0],"3":[0,0],"4":[2,7],"5":[1,6],"6":[0,1],"7":[2,4],"8":[1,3],"9":[1,2],"10":[2,1],"11":[0,0],"12":[1,0],"13":[1,0],"14":[0,0],"15":[0],"16":[0,0],"17":[0,0],"18":[0,0],"19":[0,0],"20":[0,0],"21":[0,0],"22":[0,0],"23":[0,0],"24":[0,0],"25":[0,0],"26":[0,0],"27":[0,0],"28":[0,0],"29":[0,0],"30":[0,0],"31":[0,0],"32":[0,0],"33":[0,0],"34":[0,0],"35":[0,0],"36":[0,0],"37":[0,0],"38":[0,0],"39":[0,0],"40":[0,0],"41":[0],"42":[0],"43":[0,0],"44":[0,0],"45":[0,0],"46":[0],"47":[0,0],"48":[0,0],"49":[0,0],"50":[0,0],"51":[0,0],"52":[0,0],"53":[0,0],"54":[0,0],"55":[0,0],"56":[7,1],"57":[7,1],"58":[7,1],"59":[6,2],"60":[5,3],"61":[1,2],"62":[0,2],"63":[1,1],"64":[6,2],"65":[1,1],"66":[0,1],"67":[0,1],"68":[6,2],"69":[1,1],"70":[0,1],"71":[4,4],"72":[1,3],"73":[1,2],"74":[6,2],"75":[1,1],"76":[1,5],"77":[4,1],"78":[1,5],"79":[0,5],"80":[0,6],"81":[1,5],"82":[1,5],"83":[0,5],"84":[1,5],"85":[6,4],"86":[1,0],"87":[1,0]},"_coverageSchema":"1a1c01bbd47fc00a2c39e90264f33305004495a9","hash":"f0256add7ff0b96b548ebaf1044c8536788eeb12"}
,"C:\\Users\\Pongo\\project\\MoneyTrackerApp\\src\\utils\\formatting.js": {"path":"C:\\Users\\Pongo\\project\\MoneyTrackerApp\\src\\utils\\formatting.js","statementMap":{"0":{"start":{"line":13,"column":2},"end":{"line":13,"column":39}},"1":{"start":{"line":13,"column":25},"end":{"line":13,"column":39}},"2":{"start":{"line":14,"column":14},"end":{"line":14,"column":27}},"3":{"start":{"line":15,"column":2},"end":{"line":15,"column":78}},"4":{"start":{"line":15,"column":28},"end":{"line":15,"column":78}},"5":{"start":{"line":16,"column":2},"end":{"line":16,"column":75}},"6":{"start":{"line":16,"column":28},"end":{"line":16,"column":75}},"7":{"start":{"line":17,"column":2},"end":{"line":17,"column":70}},"8":{"start":{"line":25,"column":2},"end":{"line":25,"column":77}},"9":{"start":{"line":33,"column":12},"end":{"line":33,"column":31}},"10":{"start":{"line":34,"column":2},"end":{"line":34,"column":92}},"11":{"start":{"line":42,"column":12},"end":{"line":42,"column":31}},"12":{"start":{"line":43,"column":2},"end":{"line":43,"column":75}},"13":{"start":{"line":50,"column":12},"end":{"line":50,"column":31}},"14":{"start":{"line":51,"column":16},"end":{"line":51,"column":52}},"15":{"start":{"line":52,"column":16},"end":{"line":52,"column":57}},"16":{"start":{"line":53,"column":16},"end":{"line":53,"column":31}},"17":{"start":{"line":54,"column":2},"end":{"line":54,"column":35}},"18":{"start":{"line":61,"column":12},"end":{"line":61,"column":31}},"19":{"start":{"line":62,"column":2},"end":{"line":62,"column":94}},"20":{"start":{"line":70,"column":2},"end":{"line":70,"column":28}},"21":{"start":{"line":70,"column":16},"end":{"line":70,"column":28}},"22":{"start":{"line":71,"column":16},"end":{"line":71,"column":34}},"23":{"start":{"line":72,"column":2},"end":{"line":72,"column":38}},"24":{"start":{"line":72,"column":26},"end":{"line":72,"column":38}},"25":{"start":{"line":73,"column":29},"end":{"line":73,"column":34}},"26":{"start":{"line":75,"column":13},"end":{"line":75,"column":32}},"27":{"start":{"line":76,"column":13},"end":{"line":76,"column":32}},"28":{"start":{"line":77,"column":13},"end":{"line":77,"column":32}},"29":{"start":{"line":79,"column":2},"end":{"line":79,"column":78}},"30":{"start":{"line":79,"column":66},"end":{"line":79,"column":78}},"31":{"start":{"line":82,"column":15},"end":{"line":82,"column":36}},"32":{"start":{"line":83,"column":2},"end":{"line":83,"column":41}},"33":{"start":{"line":83,"column":29},"end":{"line":83,"column":41}},"34":{"start":{"line":84,"column":2},"end":{"line":84,"column":99}},"35":{"start":{"line":84,"column":87},"end":{"line":84,"column":99}},"36":{"start":{"line":87,"column":2},"end":{"line":87,"column":55}},"37":{"start":{"line":94,"column":12},"end":{"line":94,"column":33}},"38":{"start":{"line":95,"column":2},"end":{"line":95,"column":36}},"39":{"start":{"line":95,"column":14},"end":{"line":95,"column":36}},"40":{"start":{"line":96,"column":2},"end":{"line":96,"column":37}},"41":{"start":{"line":96,"column":14},"end":{"line":96,"column":37}},"42":{"start":{"line":97,"column":2},"end":{"line":97,"column":36}},"43":{"start":{"line":97,"column":14},"end":{"line":97,"column":36}},"44":{"start":{"line":98,"column":2},"end":{"line":98,"column":25}},"45":{"start":{"line":106,"column":2},"end":{"line":106,"column":51}},"46":{"start":{"line":106,"column":41},"end":{"line":106,"column":51}},"47":{"start":{"line":107,"column":12},"end":{"line":107,"column":23}},"48":{"start":{"line":108,"column":2},"end":{"line":110,"column":3}},"49":{"start":{"line":109,"column":4},"end":{"line":109,"column":45}},"50":{"start":{"line":111,"column":2},"end":{"line":111,"column":11}}},"fnMap":{"0":{"name":"formatRupiah","decl":{"start":{"line":12,"column":16},"end":{"line":12,"column":28}},"loc":{"start":{"line":12,"column":34},"end":{"line":18,"column":1}},"line":12},"1":{"name":"formatRupiahFull","decl":{"start":{"line":24,"column":16},"end":{"line":24,"column":32}},"loc":{"start":{"line":24,"column":38},"end":{"line":26,"column":1}},"line":24},"2":{"name":"formatDate","decl":{"start":{"line":32,"column":16},"end":{"line":32,"column":26}},"loc":{"start":{"line":32,"column":38},"end":{"line":35,"column":1}},"line":32},"3":{"name":"formatDateShort","decl":{"start":{"line":41,"column":16},"end":{"line":41,"column":31}},"loc":{"start":{"line":41,"column":43},"end":{"line":44,"column":1}},"line":41},"4":{"name":"formatDateInput","decl":{"start":{"line":49,"column":16},"end":{"line":49,"column":31}},"loc":{"start":{"line":49,"column":43},"end":{"line":55,"column":1}},"line":49},"5":{"name":"formatDateCSV","decl":{"start":{"line":60,"column":16},"end":{"line":60,"column":29}},"loc":{"start":{"line":60,"column":41},"end":{"line":63,"column":1}},"line":60},"6":{"name":"parseDateInput","decl":{"start":{"line":69,"column":16},"end":{"line":69,"column":30}},"loc":{"start":{"line":69,"column":40},"end":{"line":88,"column":1}},"line":69},"7":{"name":"getGreeting","decl":{"start":{"line":93,"column":16},"end":{"line":93,"column":27}},"loc":{"start":{"line":93,"column":30},"end":{"line":99,"column":1}},"line":93},"8":{"name":"escapeCSV","decl":{"start":{"line":105,"column":16},"end":{"line":105,"column":25}},"loc":{"start":{"line":105,"column":31},"end":{"line":112,"column":1}},"line":105}},"branchMap":{"0":{"loc":{"start":{"line":13,"column":2},"end":{"line":13,"column":39}},"type":"if","locations":[{"start":{"line":13,"column":2},"end":{"line":13,"column":39}},{"start":{},"end":{}}],"line":13},"1":{"loc":{"start":{"line":13,"column":6},"end":{"line":13,"column":23}},"type":"binary-expr","locations":[{"start":{"line":13,"column":6},"end":{"line":13,"column":10}},{"start":{"line":13,"column":14},"end":{"line":13,"column":23}}],"line":13},"2":{"loc":{"start":{"line":15,"column":2},"end":{"line":15,"column":78}},"type":"if","locations":[{"start":{"line":15,"column":2},"end":{"line":15,"column":78}},{"start":{},"end":{}}],"line":15},"3":{"loc":{"start":{"line":16,"column":2},"end":{"line":16,"column":75}},"type":"if","locations":[{"start":{"line":16,"column":2},"end":{"line":16,"column":75}},{"start":{},"end":{}}],"line":16},"4":{"loc":{"start":{"line":25,"column":18},"end":{"line":25,"column":26}},"type":"binary-expr","locations":[{"start":{"line":25,"column":18},"end":{"line":25,"column":21}},{"start":{"line":25,"column":25},"end":{"line":25,"column":26}}],"line":25},"5":{"loc":{"start":{"line":70,"column":2},"end":{"line":70,"column":28}},"type":"if","locations":[{"start":{"line":70,"column":2},"end":{"line":70,"column":28}},{"start":{},"end":{}}],"line":70},"6":{"loc":{"start":{"line":72,"column":2},"end":{"line":72,"column":38}},"type":"if","locations":[{"start":{"line":72,"column":2},"end":{"line":72,"column":38}},{"start":{},"end":{}}],"line":72},"7":{"loc":{"start":{"line":79,"column":2},"end":{"line":79,"column":78}},"type":"if","locations":[{"start":{"line":79,"column":2},"end":{"line":79,"column":78}},{"start":{},"end":{}}],"line":79},"8":{"loc":{"start":{"line":79,"column":6},"end":{"line":79,"column":64}},"type":"binary-expr","locations":[{"start":{"line":79,"column":6},"end":{"line":79,"column":11}},{"start":{"line":79,"column":15},"end":{"line":79,"column":21}},{"start":{"line":79,"column":25},"end":{"line":79,"column":30}},{"start":{"line":79,"column":34},"end":{"line":79,"column":40}},{"start":{"line":79,"column":44},"end":{"line":79,"column":52}},{"start":{"line":79,"column":56},"end":{"line":79,"column":64}}],"line":79},"9":{"loc":{"start":{"line":83,"column":2},"end":{"line":83,"column":41}},"type":"if","locations":[{"start":{"line":83,"column":2},"end":{"line":83,"column":41}},{"start":{},"end":{}}],"line":83},"10":{"loc":{"start":{"line":84,"column":2},"end":{"line":84,"column":99}},"type":"if","locations":[{"start":{"line":84,"column":2},"end":{"line":84,"column":99}},{"start":{},"end":{}}],"line":84},"11":{"loc":{"start":{"line":84,"column":6},"end":{"line":84,"column":85}},"type":"binary-expr","locations":[{"start":{"line":84,"column":6},"end":{"line":84,"column":26}},{"start":{"line":84,"column":30},"end":{"line":84,"column":57}},{"start":{"line":84,"column":61},"end":{"line":84,"column":85}}],"line":84},"12":{"loc":{"start":{"line":95,"column":2},"end":{"line":95,"column":36}},"type":"if","locations":[{"start":{"line":95,"column":2},"end":{"line":95,"column":36}},{"start":{},"end":{}}],"line":95},"13":{"loc":{"start":{"line":96,"column":2},"end":{"line":96,"column":37}},"type":"if","locations":[{"start":{"line":96,"column":2},"end":{"line":96,"column":37}},{"start":{},"end":{}}],"line":96},"14":{"loc":{"start":{"line":97,"column":2},"end":{"line":97,"column":36}},"type":"if","locations":[{"start":{"line":97,"column":2},"end":{"line":97,"column":36}},{"start":{},"end":{}}],"line":97},"15":{"loc":{"start":{"line":106,"column":2},"end":{"line":106,"column":51}},"type":"if","locations":[{"start":{"line":106,"column":2},"end":{"line":106,"column":51}},{"start":{},"end":{}}],"line":106},"16":{"loc":{"start":{"line":106,"column":6},"end":{"line":106,"column":39}},"type":"binary-expr","locations":[{"start":{"line":106,"column":6},"end":{"line":106,"column":18}},{"start":{"line":106,"column":22},"end":{"line":106,"column":39}}],"line":106},"17":{"loc":{"start":{"line":108,"column":2},"end":{"line":110,"column":3}},"type":"if","locations":[{"start":{"line":108,"column":2},"end":{"line":110,"column":3}},{"start":{},"end":{}}],"line":108},"18":{"loc":{"start":{"line":108,"column":6},"end":{"line":108,"column":60}},"type":"binary-expr","locations":[{"start":{"line":108,"column":6},"end":{"line":108,"column":21}},{"start":{"line":108,"column":25},"end":{"line":108,"column":40}},{"start":{"line":108,"column":44},"end":{"line":108,"column":60}}],"line":108}},"s":{"0":13,"1":2,"2":11,"3":11,"4":2,"5":9,"6":4,"7":5,"8":5,"9":0,"10":0,"11":0,"12":0,"13":0,"14":0,"15":0,"16":0,"17":0,"18":0,"19":0,"20":13,"21":3,"22":10,"23":10,"24":3,"25":7,"26":7,"27":7,"28":7,"29":7,"30":5,"31":2,"32":2,"33":0,"34":2,"35":1,"36":1,"37":4,"38":4,"39":1,"40":3,"41":1,"42":2,"43":1,"44":1,"45":7,"46":2,"47":5,"48":5,"49":3,"50":2},"f":{"0":13,"1":5,"2":0,"3":0,"4":0,"5":0,"6":13,"7":4,"8":7},"b":{"0":[2,11],"1":[13,3],"2":[2,9],"3":[4,5],"4":[5,3],"5":[3,10],"6":[3,7],"7":[5,2],"8":[7,6,5,5,4,3],"9":[0,2],"10":[1,1],"11":[2,1,1],"12":[1,3],"13":[1,2],"14":[1,1],"15":[2,5],"16":[7,6],"17":[3,2],"18":[5,4,3]},"_coverageSchema":"1a1c01bbd47fc00a2c39e90264f33305004495a9","hash":"bcc81e5be1488bfdb71d9cf3d16159df9ab45741"}
}
