{"C:\\Users\\Rizal TH\\self\\MoneyTrackerApp\\src\\constants\\benchmarks.js": {"path":"C:\\Users\\Rizal TH\\self\\MoneyTrackerApp\\src\\constants\\benchmarks.js","statementMap":{"0":{"start":{"line":9,"column":34},"end":{"line":17,"column":1}},"1":{"start":{"line":20,"column":38},"end":{"line":24,"column":1}},"2":{"start":{"line":27,"column":30},"end":{"line":33,"column":1}},"3":{"start":{"line":36,"column":39},"end":{"line":40,"column":1}},"4":{"start":{"line":44,"column":34},"end":{"line":52,"column":1}},"5":{"start":{"line":55,"column":38},"end":{"line":55,"column":42}},"6":{"start":{"line":58,"column":29},"end":{"line":65,"column":1}},"7":{"start":{"line":68,"column":29},"end":{"line":74,"column":1}},"8":{"start":{"line":77,"column":2},"end":{"line":77,"column":110}},"9":{"start":{"line":77,"column":33},"end":{"line":77,"column":65}}},"fnMap":{"0":{"name":"getHealthLevel","decl":{"start":{"line":76,"column":16},"end":{"line":76,"column":30}},"loc":{"start":{"line":76,"column":38},"end":{"line":78,"column":1}},"line":76},"1":{"name":"(anonymous_1)","decl":{"start":{"line":77,"column":28},"end":{"line":77,"column":29}},"loc":{"start":{"line":77,"column":33},"end":{"line":77,"column":65}},"line":77}},"branchMap":{"0":{"loc":{"start":{"line":77,"column":9},"end":{"line":77,"column":109}},"type":"binary-expr","locations":[{"start":{"line":77,"column":9},"end":{"line":77,"column":66}},{"start":{"line":77,"column":70},"end":{"line":77,"column":109}}],"line":77},"1":{"loc":{"start":{"line":77,"column":33},"end":{"line":77,"column":65}},"type":"binary-expr","locations":[{"start":{"line":77,"column":33},"end":{"line":77,"column":47}},{"start":{"line":77,"column":51},"end":{"line":77,"column":65}}],"line":77}},"s":{"0":4,"1":4,"2":4,"3":4,"4":4,"5":4,"6":4,"7":4,"8":22,"9":60},"f":{"0":22,"1":60},"b":{"0":[22,1],"1":[60,21]},"_coverageSchema":"1a1c01bbd47fc00a2c39e90264f33305004495a9","hash":"e7a21cad17144a6347c7db42276b7cbbe6dfa834"}
,"C:\\Users\\Rizal TH\\self\\MoneyTrackerApp\\src\\constants\\categoryMap.js": {"path":"C:\\Users\\Rizal TH\\self\\MoneyTrackerApp\\src\\constants\\categoryMap.js","statementMap":{"0":{"start":{"line":11,"column":34},"end":{"line":47,"column":1}},"1":{"start":{"line":50,"column":37},"end":{"line":72,"column":1}},"2":{"start":{"line":75,"column":31},"end":{"line":87,"column":1}},"3":{"start":{"line":94,"column":2},"end":{"line":96,"column":3}},"4":{"start":{"line":95,"column":4},"end":{"line":95,"column":50}},"5":{"start":{"line":97,"column":2},"end":{"line":99,"column":3}},"6":{"start":{"line":98,"column":4},"end":{"line":98,"column":44}},"7":{"start":{"line":100,"column":2},"end":{"line":100,"column":17}}},"fnMap":{"0":{"name":"getAnalysisGroup","decl":{"start":{"line":93,"column":16},"end":{"line":93,"column":32}},"loc":{"start":{"line":93,"column":64},"end":{"line":101,"column":1}},"line":93}},"branchMap":{"0":{"loc":{"start":{"line":94,"column":2},"end":{"line":96,"column":3}},"type":"if","locations":[{"start":{"line":94,"column":2},"end":{"line":96,"column":3}},{"start":{},"end":{}}],"line":94},"1":{"loc":{"start":{"line":94,"column":6},"end":{"line":94,"column":63}},"type":"binary-expr","locations":[{"start":{"line":94,"column":6},"end":{"line":94,"column":21}},{"start":{"line":94,"column":25},"end":{"line":94,"column":63}}],"line":94},"2":{"loc":{"start":{"line":97,"column":2},"end":{"line":99,"column":3}},"type":"if","locations":[{"start":{"line":97,"column":2},"end":{"line":99,"column":3}},{"start":{},"end":{}}],"line":97},"3":{"loc":{"start":{"line":97,"column":6},"end":{"line":97,"column":54}},"type":"binary-expr","locations":[{"start":{"line":97,"column":6},"end":{"line":97,"column":18}},{"start":{"line":97,"column":22},"end":{"line":97,"column":54}}],"line":97}},"s":{"0":3,"1":3,"2":3,"3":21,"4":9,"5":12,"6":5,"7":7},"f":{"0":21},"b":{"0":[9,12],"1":[21,9],"2":[5,7],"3":[12,6]},"_coverageSchema":"1a1c01bbd47fc00a2c39e90264f33305004495a9","hash":"4269cc9fc070f5005d83e207a54de352f458b8e8"}
,"C:\\Users\\Rizal TH\\self\\MoneyTrackerApp\\src\\constants\\theme.js": {"path":"C:\\Users\\Rizal TH\\self\\MoneyTrackerApp\\src\\constants\\theme.js","statementMap":{"0":{"start":{"line":19,"column":24},"end":{"line":19,"column":33}},"1":{"start":{"line":20,"column":25},"end":{"line":20,"column":34}},"2":{"start":{"line":21,"column":25},"end":{"line":21,"column":34}},"3":{"start":{"line":23,"column":19},"end":{"line":51,"column":1}},"4":{"start":{"line":53,"column":20},"end":{"line":81,"column":1}},"5":{"start":{"line":84,"column":21},"end":{"line":91,"column":1}},"6":{"start":{"line":93,"column":30},"end":{"line":98,"column":1}},"7":{"start":{"line":94,"column":2},"end":{"line":96,"column":3}},"8":{"start":{"line":95,"column":4},"end":{"line":95,"column":47}},"9":{"start":{"line":97,"column":2},"end":{"line":97,"column":44}},"10":{"start":{"line":100,"column":25},"end":{"line":110,"column":1}},"11":{"start":{"line":112,"column":27},"end":{"line":118,"column":1}},"12":{"start":{"line":120,"column":22},"end":{"line":128,"column":1}},"13":{"start":{"line":130,"column":23},"end":{"line":137,"column":1}},"14":{"start":{"line":139,"column":40},"end":{"line":164,"column":1}},"15":{"start":{"line":140,"column":17},"end":{"line":140,"column":38}},"16":{"start":{"line":141,"column":2},"end":{"line":163,"column":4}}},"fnMap":{"0":{"name":"(anonymous_0)","decl":{"start":{"line":93,"column":30},"end":{"line":93,"column":31}},"loc":{"start":{"line":93,"column":50},"end":{"line":98,"column":1}},"line":93},"1":{"name":"(anonymous_1)","decl":{"start":{"line":139,"column":40},"end":{"line":139,"column":41}},"loc":{"start":{"line":139,"column":60},"end":{"line":164,"column":1}},"line":139}},"branchMap":{"0":{"loc":{"start":{"line":93,"column":31},"end":{"line":93,"column":45}},"type":"default-arg","locations":[{"start":{"line":93,"column":39},"end":{"line":93,"column":45}}],"line":93},"1":{"loc":{"start":{"line":94,"column":2},"end":{"line":96,"column":3}},"type":"if","locations":[{"start":{"line":94,"column":2},"end":{"line":96,"column":3}},{"start":{},"end":{}}],"line":94},"2":{"loc":{"start":{"line":139,"column":41},"end":{"line":139,"column":55}},"type":"default-arg","locations":[{"start":{"line":139,"column":49},"end":{"line":139,"column":55}}],"line":139}},"s":{"0":1,"1":1,"2":1,"3":1,"4":1,"5":1,"6":1,"7":12,"8":3,"9":9,"10":1,"11":1,"12":1,"13":1,"14":1,"15":4,"16":4},"f":{"0":12,"1":4},"b":{"0":[1],"1":[3,9],"2":[0]},"_coverageSchema":"1a1c01bbd47fc00a2c39e90264f33305004495a9","hash":"4c0c9977bcad1f395cd574a3a73cbc3bf3aa6de5"}
,"C:\\Users\\Rizal TH\\self\\MoneyTrackerApp\\src\\db\\database.js": {"path":"C:\\Users\\Rizal TH\\self\\MoneyTrackerApp\\src\\db\\database.js","statementMap":{"0":{"start":{"line":3,"column":19},"end":{"line":3,"column":20}},"1":{"start":{"line":6,"column":2},"end":{"line":127,"column":3}},"2":{"start":{"line":8,"column":4},"end":{"line":8,"column":53}},"3":{"start":{"line":11,"column":4},"end":{"line":111,"column":7}},"4":{"start":{"line":114,"column":4},"end":{"line":114,"column":28}},"5":{"start":{"line":117,"column":21},"end":{"line":117,"column":85}},"6":{"start":{"line":118,"column":4},"end":{"line":121,"column":5}},"7":{"start":{"line":119,"column":6},"end":{"line":119,"column":29}},"8":{"start":{"line":120,"column":6},"end":{"line":120,"column":31}},"9":{"start":{"line":123,"column":4},"end":{"line":123,"column":14}},"10":{"start":{"line":125,"column":4},"end":{"line":125,"column":53}},"11":{"start":{"line":126,"column":4},"end":{"line":126,"column":16}},"12":{"start":{"line":131,"column":14},"end":{"line":131,"column":94}},"13":{"start":{"line":132,"column":25},"end":{"line":132,"column":58}},"14":{"start":{"line":135,"column":2},"end":{"line":137,"column":3}},"15":{"start":{"line":136,"column":4},"end":{"line":136,"column":110}},"16":{"start":{"line":136,"column":10},"end":{"line":136,"column":95}},"17":{"start":{"line":139,"column":2},"end":{"line":141,"column":3}},"18":{"start":{"line":140,"column":4},"end":{"line":140,"column":138}},"19":{"start":{"line":140,"column":10},"end":{"line":140,"column":123}},"20":{"start":{"line":144,"column":2},"end":{"line":194,"column":3}},"21":{"start":{"line":145,"column":4},"end":{"line":193,"column":18}},"22":{"start":{"line":146,"column":6},"end":{"line":192,"column":9}},"23":{"start":{"line":197,"column":2},"end":{"line":289,"column":3}},"24":{"start":{"line":198,"column":4},"end":{"line":288,"column":69}},"25":{"start":{"line":199,"column":6},"end":{"line":287,"column":9}},"26":{"start":{"line":288,"column":19},"end":{"line":288,"column":67}},"27":{"start":{"line":292,"column":2},"end":{"line":297,"column":3}},"28":{"start":{"line":293,"column":4},"end":{"line":296,"column":6}},"29":{"start":{"line":301,"column":23},"end":{"line":311,"column":3}},"30":{"start":{"line":313,"column":2},"end":{"line":318,"column":3}},"31":{"start":{"line":314,"column":4},"end":{"line":317,"column":6}},"32":{"start":{"line":322,"column":25},"end":{"line":341,"column":3}},"33":{"start":{"line":343,"column":2},"end":{"line":352,"column":3}},"34":{"start":{"line":344,"column":19},"end":{"line":347,"column":5}},"35":{"start":{"line":348,"column":18},"end":{"line":348,"column":40}},"36":{"start":{"line":349,"column":4},"end":{"line":351,"column":5}},"37":{"start":{"line":350,"column":6},"end":{"line":350,"column":101}},"38":{"start":{"line":356,"column":14},"end":{"line":356,"column":24}},"39":{"start":{"line":357,"column":14},"end":{"line":357,"column":25}},"40":{"start":{"line":358,"column":12},"end":{"line":358,"column":51}},"41":{"start":{"line":360,"column":2},"end":{"line":376,"column":3}},"42":{"start":{"line":361,"column":4},"end":{"line":361,"column":71}},"43":{"start":{"line":362,"column":4},"end":{"line":362,"column":81}},"44":{"start":{"line":363,"column":9},"end":{"line":376,"column":3}},"45":{"start":{"line":364,"column":14},"end":{"line":364,"column":24}},"46":{"start":{"line":365,"column":16},"end":{"line":365,"column":26}},"47":{"start":{"line":366,"column":25},"end":{"line":366,"column":65}},"48":{"start":{"line":367,"column":4},"end":{"line":367,"column":66}},"49":{"start":{"line":368,"column":4},"end":{"line":368,"column":28}},"50":{"start":{"line":369,"column":9},"end":{"line":376,"column":3}},"51":{"start":{"line":370,"column":4},"end":{"line":370,"column":59}},"52":{"start":{"line":371,"column":9},"end":{"line":376,"column":3}},"53":{"start":{"line":372,"column":4},"end":{"line":372,"column":46}},"54":{"start":{"line":373,"column":9},"end":{"line":376,"column":3}},"55":{"start":{"line":374,"column":4},"end":{"line":374,"column":50}},"56":{"start":{"line":375,"column":4},"end":{"line":375,"column":62}},"57":{"start":{"line":377,"column":2},"end":{"line":377,"column":64}},"58":{"start":{"line":381,"column":2},"end":{"line":381,"column":76}},"59":{"start":{"line":385,"column":17},"end":{"line":385,"column":140}},"60":{"start":{"line":386,"column":2},"end":{"line":386,"column":28}},"61":{"start":{"line":390,"column":2},"end":{"line":390,"column":137}},"62":{"start":{"line":394,"column":2},"end":{"line":394,"column":97}},"63":{"start":{"line":399,"column":2},"end":{"line":399,"column":122}},"64":{"start":{"line":403,"column":2},"end":{"line":403,"column":94}},"65":{"start":{"line":407,"column":2},"end":{"line":407,"column":83}},"66":{"start":{"line":412,"column":14},"end":{"line":412,"column":89}},"67":{"start":{"line":413,"column":2},"end":{"line":413,"column":40}},"68":{"start":{"line":417,"column":2},"end":{"line":417,"column":105}},"69":{"start":{"line":422,"column":2},"end":{"line":422,"column":111}},"70":{"start":{"line":426,"column":18},"end":{"line":433,"column":52}},"71":{"start":{"line":435,"column":4},"end":{"line":435,"column":23}},"72":{"start":{"line":435,"column":16},"end":{"line":435,"column":23}},"73":{"start":{"line":437,"column":16},"end":{"line":437,"column":104}},"74":{"start":{"line":438,"column":4},"end":{"line":438,"column":21}},"75":{"start":{"line":438,"column":14},"end":{"line":438,"column":21}},"76":{"start":{"line":440,"column":23},"end":{"line":444,"column":40}},"77":{"start":{"line":446,"column":4},"end":{"line":446,"column":103}},"78":{"start":{"line":450,"column":2},"end":{"line":476,"column":3}},"79":{"start":{"line":451,"column":4},"end":{"line":451,"column":44}},"80":{"start":{"line":452,"column":19},"end":{"line":465,"column":5}},"81":{"start":{"line":467,"column":4},"end":{"line":467,"column":54}},"82":{"start":{"line":468,"column":4},"end":{"line":470,"column":5}},"83":{"start":{"line":469,"column":6},"end":{"line":469,"column":59}},"84":{"start":{"line":471,"column":4},"end":{"line":471,"column":33}},"85":{"start":{"line":472,"column":4},"end":{"line":472,"column":18}},"86":{"start":{"line":474,"column":4},"end":{"line":474,"column":35}},"87":{"start":{"line":475,"column":4},"end":{"line":475,"column":12}},"88":{"start":{"line":480,"column":2},"end":{"line":504,"column":3}},"89":{"start":{"line":482,"column":15},"end":{"line":482,"column":97}},"90":{"start":{"line":483,"column":4},"end":{"line":483,"column":49}},"91":{"start":{"line":483,"column":36},"end":{"line":483,"column":49}},"92":{"start":{"line":486,"column":4},"end":{"line":486,"column":44}},"93":{"start":{"line":489,"column":4},"end":{"line":489,"column":94}},"94":{"start":{"line":492,"column":4},"end":{"line":492,"column":50}},"95":{"start":{"line":493,"column":4},"end":{"line":495,"column":5}},"96":{"start":{"line":494,"column":6},"end":{"line":494,"column":55}},"97":{"start":{"line":498,"column":4},"end":{"line":498,"column":33}},"98":{"start":{"line":499,"column":4},"end":{"line":499,"column":16}},"99":{"start":{"line":501,"column":4},"end":{"line":501,"column":35}},"100":{"start":{"line":502,"column":4},"end":{"line":502,"column":45}},"101":{"start":{"line":503,"column":4},"end":{"line":503,"column":12}},"102":{"start":{"line":508,"column":2},"end":{"line":541,"column":3}},"103":{"start":{"line":509,"column":4},"end":{"line":509,"column":44}},"104":{"start":{"line":511,"column":4},"end":{"line":525,"column":6}},"105":{"start":{"line":528,"column":29},"end":{"line":528,"column":75}},"106":{"start":{"line":529,"column":4},"end":{"line":529,"column":71}},"107":{"start":{"line":529,"column":29},"end":{"line":529,"column":71}},"108":{"start":{"line":530,"column":4},"end":{"line":530,"column":73}},"109":{"start":{"line":530,"column":30},"end":{"line":530,"column":73}},"110":{"start":{"line":532,"column":4},"end":{"line":534,"column":5}},"111":{"start":{"line":533,"column":6},"end":{"line":533,"column":55}},"112":{"start":{"line":533,"column":17},"end":{"line":533,"column":55}},"113":{"start":{"line":536,"column":4},"end":{"line":536,"column":33}},"114":{"start":{"line":537,"column":4},"end":{"line":537,"column":16}},"115":{"start":{"line":539,"column":4},"end":{"line":539,"column":35}},"116":{"start":{"line":540,"column":4},"end":{"line":540,"column":12}},"117":{"start":{"line":545,"column":25},"end":{"line":545,"column":105}},"118":{"start":{"line":547,"column":14},"end":{"line":555,"column":3}},"119":{"start":{"line":556,"column":17},"end":{"line":556,"column":29}},"120":{"start":{"line":558,"column":2},"end":{"line":561,"column":3}},"121":{"start":{"line":559,"column":4},"end":{"line":559,"column":31}},"122":{"start":{"line":560,"column":4},"end":{"line":560,"column":28}},"123":{"start":{"line":563,"column":2},"end":{"line":567,"column":3}},"124":{"start":{"line":564,"column":4},"end":{"line":564,"column":119}},"125":{"start":{"line":565,"column":18},"end":{"line":565,"column":41}},"126":{"start":{"line":566,"column":4},"end":{"line":566,"column":37}},"127":{"start":{"line":569,"column":2},"end":{"line":572,"column":3}},"128":{"start":{"line":570,"column":4},"end":{"line":570,"column":62}},"129":{"start":{"line":571,"column":4},"end":{"line":571,"column":38}},"130":{"start":{"line":574,"column":2},"end":{"line":574,"column":35}},"131":{"start":{"line":576,"column":2},"end":{"line":579,"column":3}},"132":{"start":{"line":577,"column":4},"end":{"line":577,"column":33}},"133":{"start":{"line":578,"column":4},"end":{"line":578,"column":31}},"134":{"start":{"line":581,"column":2},"end":{"line":581,"column":45}},"135":{"start":{"line":585,"column":25},"end":{"line":585,"column":105}},"136":{"start":{"line":586,"column":2},"end":{"line":595,"column":26}},"137":{"start":{"line":599,"column":25},"end":{"line":599,"column":105}},"138":{"start":{"line":600,"column":17},"end":{"line":600,"column":169}},"139":{"start":{"line":602,"column":15},"end":{"line":602,"column":16}},"140":{"start":{"line":603,"column":16},"end":{"line":603,"column":17}},"141":{"start":{"line":604,"column":2},"end":{"line":607,"column":5}},"142":{"start":{"line":605,"column":4},"end":{"line":605,"column":50}},"143":{"start":{"line":605,"column":31},"end":{"line":605,"column":50}},"144":{"start":{"line":606,"column":4},"end":{"line":606,"column":52}},"145":{"start":{"line":606,"column":32},"end":{"line":606,"column":52}},"146":{"start":{"line":609,"column":20},"end":{"line":609,"column":177}},"147":{"start":{"line":610,"column":2},"end":{"line":612,"column":3}},"148":{"start":{"line":611,"column":4},"end":{"line":611,"column":35}},"149":{"start":{"line":614,"column":2},"end":{"line":614,"column":56}},"150":{"start":{"line":618,"column":25},"end":{"line":618,"column":105}},"151":{"start":{"line":619,"column":2},"end":{"line":626,"column":19}},"152":{"start":{"line":630,"column":25},"end":{"line":630,"column":105}},"153":{"start":{"line":631,"column":2},"end":{"line":639,"column":19}},"154":{"start":{"line":643,"column":25},"end":{"line":643,"column":105}},"155":{"start":{"line":644,"column":2},"end":{"line":654,"column":31}},"156":{"start":{"line":658,"column":14},"end":{"line":658,"column":24}},"157":{"start":{"line":659,"column":20},"end":{"line":659,"column":80}},"158":{"start":{"line":660,"column":20},"end":{"line":660,"column":96}},"159":{"start":{"line":661,"column":20},"end":{"line":661,"column":84}},"160":{"start":{"line":662,"column":20},"end":{"line":662,"column":92}},"161":{"start":{"line":664,"column":33},"end":{"line":667,"column":4}},"162":{"start":{"line":668,"column":2},"end":{"line":668,"column":34}},"163":{"start":{"line":672,"column":22},"end":{"line":672,"column":74}},"164":{"start":{"line":673,"column":14},"end":{"line":673,"column":55}},"165":{"start":{"line":674,"column":21},"end":{"line":674,"column":67}},"166":{"start":{"line":675,"column":17},"end":{"line":675,"column":59}},"167":{"start":{"line":676,"column":22},"end":{"line":676,"column":38}},"168":{"start":{"line":678,"column":14},"end":{"line":678,"column":15}},"169":{"start":{"line":679,"column":2},"end":{"line":682,"column":40}},"170":{"start":{"line":679,"column":25},"end":{"line":679,"column":37}},"171":{"start":{"line":680,"column":7},"end":{"line":682,"column":40}},"172":{"start":{"line":680,"column":30},"end":{"line":680,"column":42}},"173":{"start":{"line":681,"column":7},"end":{"line":682,"column":40}},"174":{"start":{"line":681,"column":30},"end":{"line":681,"column":42}},"175":{"start":{"line":682,"column":7},"end":{"line":682,"column":40}},"176":{"start":{"line":682,"column":29},"end":{"line":682,"column":40}},"177":{"start":{"line":684,"column":2},"end":{"line":687,"column":33}},"178":{"start":{"line":684,"column":17},"end":{"line":684,"column":29}},"179":{"start":{"line":685,"column":7},"end":{"line":687,"column":33}},"180":{"start":{"line":685,"column":22},"end":{"line":685,"column":34}},"181":{"start":{"line":686,"column":7},"end":{"line":687,"column":33}},"182":{"start":{"line":686,"column":22},"end":{"line":686,"column":34}},"183":{"start":{"line":687,"column":7},"end":{"line":687,"column":33}},"184":{"start":{"line":687,"column":22},"end":{"line":687,"column":33}},"185":{"start":{"line":689,"column":2},"end":{"line":691,"column":40}},"186":{"start":{"line":689,"column":24},"end":{"line":689,"column":36}},"187":{"start":{"line":690,"column":7},"end":{"line":691,"column":40}},"188":{"start":{"line":690,"column":29},"end":{"line":690,"column":41}},"189":{"start":{"line":691,"column":7},"end":{"line":691,"column":40}},"190":{"start":{"line":691,"column":29},"end":{"line":691,"column":40}},"191":{"start":{"line":693,"column":2},"end":{"line":695,"column":35}},"192":{"start":{"line":693,"column":19},"end":{"line":693,"column":31}},"193":{"start":{"line":694,"column":7},"end":{"line":695,"column":35}},"194":{"start":{"line":694,"column":24},"end":{"line":694,"column":36}},"195":{"start":{"line":695,"column":7},"end":{"line":695,"column":35}},"196":{"start":{"line":695,"column":24},"end":{"line":695,"column":35}},"197":{"start":{"line":697,"column":2},"end":{"line":705,"column":4}},"198":{"start":{"line":709,"column":74},"end":{"line":709,"column":81}},"199":{"start":{"line":710,"column":16},"end":{"line":710,"column":18}},"200":{"start":{"line":712,"column":2},"end":{"line":718,"column":3}},"201":{"start":{"line":713,"column":4},"end":{"line":713,"column":83}},"202":{"start":{"line":714,"column":9},"end":{"line":718,"column":3}},"203":{"start":{"line":715,"column":4},"end":{"line":715,"column":79}},"204":{"start":{"line":717,"column":4},"end":{"line":717,"column":76}},"205":{"start":{"line":720,"column":2},"end":{"line":726,"column":3}},"206":{"start":{"line":721,"column":4},"end":{"line":721,"column":128}},"207":{"start":{"line":722,"column":9},"end":{"line":726,"column":3}},"208":{"start":{"line":723,"column":4},"end":{"line":723,"column":93}},"209":{"start":{"line":725,"column":4},"end":{"line":725,"column":95}},"210":{"start":{"line":728,"column":2},"end":{"line":732,"column":3}},"211":{"start":{"line":729,"column":4},"end":{"line":729,"column":100}},"212":{"start":{"line":730,"column":9},"end":{"line":732,"column":3}},"213":{"start":{"line":731,"column":4},"end":{"line":731,"column":94}},"214":{"start":{"line":734,"column":2},"end":{"line":740,"column":3}},"215":{"start":{"line":735,"column":4},"end":{"line":735,"column":97}},"216":{"start":{"line":736,"column":9},"end":{"line":740,"column":3}},"217":{"start":{"line":737,"column":4},"end":{"line":737,"column":92}},"218":{"start":{"line":739,"column":4},"end":{"line":739,"column":79}},"219":{"start":{"line":742,"column":2},"end":{"line":749,"column":3}},"220":{"start":{"line":743,"column":16},"end":{"line":743,"column":32}},"221":{"start":{"line":744,"column":21},"end":{"line":744,"column":42}},"222":{"start":{"line":745,"column":16},"end":{"line":745,"column":57}},"223":{"start":{"line":746,"column":4},"end":{"line":748,"column":5}},"224":{"start":{"line":747,"column":6},"end":{"line":747,"column":82}},"225":{"start":{"line":751,"column":2},"end":{"line":751,"column":25}},"226":{"start":{"line":757,"column":2},"end":{"line":763,"column":5}},"227":{"start":{"line":767,"column":20},"end":{"line":767,"column":62}},"228":{"start":{"line":768,"column":18},"end":{"line":768,"column":68}},"229":{"start":{"line":770,"column":2},"end":{"line":781,"column":27}},"230":{"start":{"line":785,"column":2},"end":{"line":788,"column":4}},"231":{"start":{"line":792,"column":2},"end":{"line":792,"column":69}},"232":{"start":{"line":798,"column":2},"end":{"line":805,"column":5}},"233":{"start":{"line":809,"column":2},"end":{"line":813,"column":4}},"234":{"start":{"line":817,"column":2},"end":{"line":820,"column":4}},"235":{"start":{"line":824,"column":2},"end":{"line":824,"column":84}},"236":{"start":{"line":828,"column":2},"end":{"line":828,"column":115}},"237":{"start":{"line":832,"column":12},"end":{"line":832,"column":33}},"238":{"start":{"line":833,"column":2},"end":{"line":848,"column":3}},"239":{"start":{"line":835,"column":6},"end":{"line":835,"column":33}},"240":{"start":{"line":836,"column":6},"end":{"line":836,"column":12}},"241":{"start":{"line":838,"column":6},"end":{"line":838,"column":33}},"242":{"start":{"line":839,"column":6},"end":{"line":839,"column":12}},"243":{"start":{"line":841,"column":6},"end":{"line":841,"column":35}},"244":{"start":{"line":842,"column":6},"end":{"line":842,"column":12}},"245":{"start":{"line":844,"column":6},"end":{"line":844,"column":41}},"246":{"start":{"line":845,"column":6},"end":{"line":845,"column":12}},"247":{"start":{"line":847,"column":6},"end":{"line":847,"column":35}},"248":{"start":{"line":849,"column":2},"end":{"line":849,"column":39}},"249":{"start":{"line":853,"column":16},"end":{"line":853,"column":54}},"250":{"start":{"line":854,"column":19},"end":{"line":857,"column":3}},"251":{"start":{"line":859,"column":18},"end":{"line":859,"column":20}},"252":{"start":{"line":860,"column":2},"end":{"line":877,"column":3}},"253":{"start":{"line":861,"column":4},"end":{"line":876,"column":5}},"254":{"start":{"line":862,"column":6},"end":{"line":862,"column":46}},"255":{"start":{"line":863,"column":21},"end":{"line":866,"column":7}},"256":{"start":{"line":867,"column":6},"end":{"line":867,"column":54}},"257":{"start":{"line":868,"column":6},"end":{"line":868,"column":81}},"258":{"start":{"line":868,"column":30},"end":{"line":868,"column":81}},"259":{"start":{"line":869,"column":23},"end":{"line":869,"column":72}},"260":{"start":{"line":870,"column":6},"end":{"line":870,"column":109}},"261":{"start":{"line":871,"column":6},"end":{"line":871,"column":35}},"262":{"start":{"line":872,"column":6},"end":{"line":872,"column":71}},"263":{"start":{"line":874,"column":6},"end":{"line":874,"column":37}},"264":{"start":{"line":875,"column":6},"end":{"line":875,"column":70}},"265":{"start":{"line":878,"column":2},"end":{"line":878,"column":17}},"266":{"start":{"line":884,"column":2},"end":{"line":886,"column":3}},"267":{"start":{"line":885,"column":4},"end":{"line":885,"column":112}},"268":{"start":{"line":887,"column":2},"end":{"line":887,"column":87}},"269":{"start":{"line":891,"column":21},"end":{"line":891,"column":158}},"270":{"start":{"line":892,"column":18},"end":{"line":892,"column":152}},"271":{"start":{"line":893,"column":2},"end":{"line":897,"column":4}},"272":{"start":{"line":901,"column":2},"end":{"line":904,"column":4}},"273":{"start":{"line":908,"column":2},"end":{"line":924,"column":3}},"274":{"start":{"line":909,"column":4},"end":{"line":909,"column":44}},"275":{"start":{"line":910,"column":4},"end":{"line":913,"column":6}},"276":{"start":{"line":914,"column":17},"end":{"line":914,"column":85}},"277":{"start":{"line":915,"column":4},"end":{"line":915,"column":49}},"278":{"start":{"line":915,"column":15},"end":{"line":915,"column":49}},"279":{"start":{"line":916,"column":25},"end":{"line":916,"column":68}},"280":{"start":{"line":917,"column":22},"end":{"line":917,"column":64}},"281":{"start":{"line":918,"column":4},"end":{"line":918,"column":123}},"282":{"start":{"line":919,"column":4},"end":{"line":919,"column":33}},"283":{"start":{"line":920,"column":4},"end":{"line":920,"column":54}},"284":{"start":{"line":922,"column":4},"end":{"line":922,"column":35}},"285":{"start":{"line":923,"column":4},"end":{"line":923,"column":12}},"286":{"start":{"line":928,"column":15},"end":{"line":928,"column":83}},"287":{"start":{"line":929,"column":2},"end":{"line":929,"column":47}},"288":{"start":{"line":929,"column":13},"end":{"line":929,"column":47}},"289":{"start":{"line":930,"column":2},"end":{"line":932,"column":3}},"290":{"start":{"line":931,"column":4},"end":{"line":931,"column":99}},"291":{"start":{"line":933,"column":2},"end":{"line":933,"column":111}},"292":{"start":{"line":937,"column":2},"end":{"line":945,"column":3}},"293":{"start":{"line":938,"column":4},"end":{"line":938,"column":44}},"294":{"start":{"line":939,"column":4},"end":{"line":939,"column":79}},"295":{"start":{"line":940,"column":4},"end":{"line":940,"column":66}},"296":{"start":{"line":941,"column":4},"end":{"line":941,"column":33}},"297":{"start":{"line":943,"column":4},"end":{"line":943,"column":35}},"298":{"start":{"line":944,"column":4},"end":{"line":944,"column":12}},"299":{"start":{"line":949,"column":2},"end":{"line":949,"column":108}},"300":{"start":{"line":953,"column":2},"end":{"line":975,"column":3}},"301":{"start":{"line":954,"column":4},"end":{"line":954,"column":54}},"302":{"start":{"line":956,"column":4},"end":{"line":961,"column":7}},"303":{"start":{"line":963,"column":4},"end":{"line":965,"column":7}},"304":{"start":{"line":967,"column":4},"end":{"line":969,"column":6}},"305":{"start":{"line":971,"column":4},"end":{"line":971,"column":33}},"306":{"start":{"line":973,"column":4},"end":{"line":973,"column":35}},"307":{"start":{"line":974,"column":4},"end":{"line":974,"column":16}},"308":{"start":{"line":985,"column":2},"end":{"line":985,"column":80}},"309":{"start":{"line":989,"column":19},"end":{"line":989,"column":48}},"310":{"start":{"line":990,"column":2},"end":{"line":1012,"column":3}},"311":{"start":{"line":991,"column":4},"end":{"line":1001,"column":6}},"312":{"start":{"line":1003,"column":4},"end":{"line":1011,"column":6}},"313":{"start":{"line":1018,"column":2},"end":{"line":1018,"column":101}},"314":{"start":{"line":1022,"column":17},"end":{"line":1025,"column":3}},"315":{"start":{"line":1026,"column":2},"end":{"line":1026,"column":32}},"316":{"start":{"line":1030,"column":2},"end":{"line":1033,"column":4}},"317":{"start":{"line":1037,"column":2},"end":{"line":1037,"column":78}},"318":{"start":{"line":1041,"column":18},"end":{"line":1041,"column":44}},"319":{"start":{"line":1042,"column":2},"end":{"line":1047,"column":8}},"320":{"start":{"line":1043,"column":20},"end":{"line":1045,"column":28}},"321":{"start":{"line":1046,"column":4},"end":{"line":1046,"column":25}},"322":{"start":{"line":1053,"column":2},"end":{"line":1053,"column":111}},"323":{"start":{"line":1057,"column":17},"end":{"line":1060,"column":3}},"324":{"start":{"line":1061,"column":2},"end":{"line":1061,"column":32}},"325":{"start":{"line":1065,"column":2},"end":{"line":1068,"column":4}},"326":{"start":{"line":1072,"column":2},"end":{"line":1072,"column":78}},"327":{"start":{"line":1078,"column":2},"end":{"line":1080,"column":3}},"328":{"start":{"line":1079,"column":4},"end":{"line":1079,"column":95}},"329":{"start":{"line":1081,"column":2},"end":{"line":1084,"column":4}},"330":{"start":{"line":1088,"column":17},"end":{"line":1092,"column":3}},"331":{"start":{"line":1093,"column":2},"end":{"line":1093,"column":32}},"332":{"start":{"line":1097,"column":2},"end":{"line":1101,"column":4}},"333":{"start":{"line":1105,"column":15},"end":{"line":1105,"column":91}},"334":{"start":{"line":1106,"column":2},"end":{"line":1106,"column":47}},"335":{"start":{"line":1106,"column":13},"end":{"line":1106,"column":47}},"336":{"start":{"line":1107,"column":20},"end":{"line":1107,"column":78}},"337":{"start":{"line":1108,"column":20},"end":{"line":1108,"column":76}},"338":{"start":{"line":1109,"column":2},"end":{"line":1112,"column":4}},"339":{"start":{"line":1113,"column":2},"end":{"line":1113,"column":34}},"340":{"start":{"line":1117,"column":2},"end":{"line":1117,"column":68}},"341":{"start":{"line":1123,"column":2},"end":{"line":1140,"column":4}},"342":{"start":{"line":1144,"column":14},"end":{"line":1146,"column":3}},"343":{"start":{"line":1147,"column":2},"end":{"line":1147,"column":24}},"344":{"start":{"line":1147,"column":12},"end":{"line":1147,"column":24}},"345":{"start":{"line":1148,"column":2},"end":{"line":1152,"column":4}},"346":{"start":{"line":1156,"column":15},"end":{"line":1159,"column":3}},"347":{"start":{"line":1160,"column":2},"end":{"line":1164,"column":6}},"348":{"start":{"line":1160,"column":24},"end":{"line":1164,"column":3}},"349":{"start":{"line":1170,"column":16},"end":{"line":1170,"column":61}},"350":{"start":{"line":1171,"column":16},"end":{"line":1171,"column":61}},"351":{"start":{"line":1173,"column":15},"end":{"line":1185,"column":3}},"352":{"start":{"line":1187,"column":2},"end":{"line":1187,"column":14}},"353":{"start":{"line":1192,"column":14},"end":{"line":1198,"column":3}},"354":{"start":{"line":1199,"column":2},"end":{"line":1199,"column":25}},"355":{"start":{"line":1205,"column":17},"end":{"line":1208,"column":3}},"356":{"start":{"line":1209,"column":2},"end":{"line":1209,"column":32}},"357":{"start":{"line":1213,"column":15},"end":{"line":1213,"column":98}},"358":{"start":{"line":1214,"column":2},"end":{"line":1218,"column":6}},"359":{"start":{"line":1214,"column":24},"end":{"line":1218,"column":3}},"360":{"start":{"line":1222,"column":2},"end":{"line":1222,"column":64}},"361":{"start":{"line":1228,"column":2},"end":{"line":1228,"column":60}},"362":{"start":{"line":1232,"column":2},"end":{"line":1235,"column":4}}},"fnMap":{"0":{"name":"initDatabase","decl":{"start":{"line":5,"column":22},"end":{"line":5,"column":34}},"loc":{"start":{"line":5,"column":39},"end":{"line":128,"column":1}},"line":5},"1":{"name":"runMigrations","decl":{"start":{"line":130,"column":15},"end":{"line":130,"column":28}},"loc":{"start":{"line":130,"column":33},"end":{"line":298,"column":1}},"line":130},"2":{"name":"seedAccounts","decl":{"start":{"line":300,"column":15},"end":{"line":300,"column":27}},"loc":{"start":{"line":300,"column":32},"end":{"line":319,"column":1}},"line":300},"3":{"name":"seedCategories","decl":{"start":{"line":321,"column":15},"end":{"line":321,"column":29}},"loc":{"start":{"line":321,"column":34},"end":{"line":353,"column":1}},"line":321},"4":{"name":"getDateFilterBoundary","decl":{"start":{"line":355,"column":16},"end":{"line":355,"column":37}},"loc":{"start":{"line":355,"column":46},"end":{"line":378,"column":1}},"line":355},"5":{"name":"getAccounts","decl":{"start":{"line":380,"column":22},"end":{"line":380,"column":33}},"loc":{"start":{"line":380,"column":38},"end":{"line":382,"column":1}},"line":380},"6":{"name":"getTotalHarta","decl":{"start":{"line":384,"column":22},"end":{"line":384,"column":35}},"loc":{"start":{"line":384,"column":40},"end":{"line":387,"column":1}},"line":384},"7":{"name":"getCategories","decl":{"start":{"line":389,"column":22},"end":{"line":389,"column":35}},"loc":{"start":{"line":389,"column":46},"end":{"line":391,"column":1}},"line":389},"8":{"name":"getSubCategories","decl":{"start":{"line":393,"column":22},"end":{"line":393,"column":38}},"loc":{"start":{"line":393,"column":55},"end":{"line":395,"column":1}},"line":393},"9":{"name":"addCategory","decl":{"start":{"line":398,"column":22},"end":{"line":398,"column":33}},"loc":{"start":{"line":398,"column":64},"end":{"line":400,"column":1}},"line":398},"10":{"name":"deleteCategory","decl":{"start":{"line":402,"column":22},"end":{"line":402,"column":36}},"loc":{"start":{"line":402,"column":45},"end":{"line":404,"column":1}},"line":402},"11":{"name":"deleteSubCategory","decl":{"start":{"line":406,"column":22},"end":{"line":406,"column":39}},"loc":{"start":{"line":406,"column":48},"end":{"line":408,"column":1}},"line":406},"12":{"name":"getPref","decl":{"start":{"line":411,"column":22},"end":{"line":411,"column":29}},"loc":{"start":{"line":411,"column":57},"end":{"line":414,"column":1}},"line":411},"13":{"name":"setPref","decl":{"start":{"line":416,"column":22},"end":{"line":416,"column":29}},"loc":{"start":{"line":416,"column":45},"end":{"line":418,"column":1}},"line":416},"14":{"name":"addSubCategory","decl":{"start":{"line":421,"column":22},"end":{"line":421,"column":36}},"loc":{"start":{"line":421,"column":64},"end":{"line":423,"column":1}},"line":421},"15":{"name":"updateAccountBalance","decl":{"start":{"line":425,"column":22},"end":{"line":425,"column":42}},"loc":{"start":{"line":425,"column":58},"end":{"line":447,"column":1}},"line":425},"16":{"name":"addTransaction","decl":{"start":{"line":449,"column":22},"end":{"line":449,"column":36}},"loc":{"start":{"line":449,"column":49},"end":{"line":477,"column":1}},"line":449},"17":{"name":"deleteTransaction","decl":{"start":{"line":479,"column":22},"end":{"line":479,"column":39}},"loc":{"start":{"line":479,"column":59},"end":{"line":505,"column":1}},"line":479},"18":{"name":"updateTransaction","decl":{"start":{"line":507,"column":22},"end":{"line":507,"column":39}},"loc":{"start":{"line":507,"column":74},"end":{"line":542,"column":1}},"line":507},"19":{"name":"getAllTransactions","decl":{"start":{"line":544,"column":22},"end":{"line":544,"column":40}},"loc":{"start":{"line":544,"column":132},"end":{"line":582,"column":1}},"line":544},"20":{"name":"getRecentTransactions","decl":{"start":{"line":584,"column":22},"end":{"line":584,"column":43}},"loc":{"start":{"line":584,"column":68},"end":{"line":596,"column":1}},"line":584},"21":{"name":"getStats","decl":{"start":{"line":598,"column":22},"end":{"line":598,"column":30}},"loc":{"start":{"line":598,"column":43},"end":{"line":615,"column":1}},"line":598},"22":{"name":"(anonymous_22)","decl":{"start":{"line":604,"column":17},"end":{"line":604,"column":18}},"loc":{"start":{"line":604,"column":24},"end":{"line":607,"column":3}},"line":604},"23":{"name":"getExpenseByCategory","decl":{"start":{"line":617,"column":22},"end":{"line":617,"column":42}},"loc":{"start":{"line":617,"column":55},"end":{"line":627,"column":1}},"line":617},"24":{"name":"getFixedVsVariableExpense","decl":{"start":{"line":629,"column":22},"end":{"line":629,"column":47}},"loc":{"start":{"line":629,"column":60},"end":{"line":640,"column":1}},"line":629},"25":{"name":"getSubCategoryExpense","decl":{"start":{"line":642,"column":22},"end":{"line":642,"column":43}},"loc":{"start":{"line":642,"column":68},"end":{"line":655,"column":1}},"line":642},"26":{"name":"getMonthComparison","decl":{"start":{"line":657,"column":22},"end":{"line":657,"column":40}},"loc":{"start":{"line":657,"column":45},"end":{"line":669,"column":1}},"line":657},"27":{"name":"calculateFinancialHealth","decl":{"start":{"line":671,"column":16},"end":{"line":671,"column":40}},"loc":{"start":{"line":671,"column":85},"end":{"line":706,"column":1}},"line":671},"28":{"name":"generateSummary","decl":{"start":{"line":708,"column":16},"end":{"line":708,"column":31}},"loc":{"start":{"line":708,"column":56},"end":{"line":752,"column":1}},"line":708},"29":{"name":"getBudgets","decl":{"start":{"line":756,"column":22},"end":{"line":756,"column":32}},"loc":{"start":{"line":756,"column":37},"end":{"line":764,"column":1}},"line":756},"30":{"name":"getBudgetWithSpending","decl":{"start":{"line":766,"column":22},"end":{"line":766,"column":43}},"loc":{"start":{"line":766,"column":61},"end":{"line":782,"column":1}},"line":766},"31":{"name":"setBudget","decl":{"start":{"line":784,"column":22},"end":{"line":784,"column":31}},"loc":{"start":{"line":784,"column":64},"end":{"line":789,"column":1}},"line":784},"32":{"name":"deleteBudget","decl":{"start":{"line":791,"column":22},"end":{"line":791,"column":34}},"loc":{"start":{"line":791,"column":43},"end":{"line":793,"column":1}},"line":791},"33":{"name":"getRecurringTransactions","decl":{"start":{"line":797,"column":22},"end":{"line":797,"column":46}},"loc":{"start":{"line":797,"column":51},"end":{"line":806,"column":1}},"line":797},"34":{"name":"addRecurringTransaction","decl":{"start":{"line":808,"column":22},"end":{"line":808,"column":45}},"loc":{"start":{"line":808,"column":58},"end":{"line":814,"column":1}},"line":808},"35":{"name":"updateRecurringTransaction","decl":{"start":{"line":816,"column":22},"end":{"line":816,"column":48}},"loc":{"start":{"line":816,"column":65},"end":{"line":821,"column":1}},"line":816},"36":{"name":"deleteRecurringTransaction","decl":{"start":{"line":823,"column":22},"end":{"line":823,"column":48}},"loc":{"start":{"line":823,"column":57},"end":{"line":825,"column":1}},"line":823},"37":{"name":"toggleRecurringTransaction","decl":{"start":{"line":827,"column":22},"end":{"line":827,"column":48}},"loc":{"start":{"line":827,"column":67},"end":{"line":829,"column":1}},"line":827},"38":{"name":"calculateNextDate","decl":{"start":{"line":831,"column":16},"end":{"line":831,"column":33}},"loc":{"start":{"line":831,"column":58},"end":{"line":850,"column":1}},"line":831},"39":{"name":"processDueRecurring","decl":{"start":{"line":852,"column":22},"end":{"line":852,"column":41}},"loc":{"start":{"line":852,"column":46},"end":{"line":879,"column":1}},"line":852},"40":{"name":"getDebts","decl":{"start":{"line":883,"column":22},"end":{"line":883,"column":30}},"loc":{"start":{"line":883,"column":48},"end":{"line":888,"column":1}},"line":883},"41":{"name":"getDebtSummary","decl":{"start":{"line":890,"column":22},"end":{"line":890,"column":36}},"loc":{"start":{"line":890,"column":41},"end":{"line":898,"column":1}},"line":890},"42":{"name":"addDebt","decl":{"start":{"line":900,"column":22},"end":{"line":900,"column":29}},"loc":{"start":{"line":900,"column":42},"end":{"line":905,"column":1}},"line":900},"43":{"name":"addDebtPayment","decl":{"start":{"line":907,"column":22},"end":{"line":907,"column":36}},"loc":{"start":{"line":907,"column":81},"end":{"line":925,"column":1}},"line":907},"44":{"name":"settleDebt","decl":{"start":{"line":927,"column":22},"end":{"line":927,"column":32}},"loc":{"start":{"line":927,"column":45},"end":{"line":934,"column":1}},"line":927},"45":{"name":"deleteDebt","decl":{"start":{"line":936,"column":22},"end":{"line":936,"column":32}},"loc":{"start":{"line":936,"column":45},"end":{"line":946,"column":1}},"line":936},"46":{"name":"getDebtPayments","decl":{"start":{"line":948,"column":22},"end":{"line":948,"column":37}},"loc":{"start":{"line":948,"column":50},"end":{"line":950,"column":1}},"line":948},"47":{"name":"factoryReset","decl":{"start":{"line":952,"column":22},"end":{"line":952,"column":34}},"loc":{"start":{"line":952,"column":39},"end":{"line":976,"column":1}},"line":952},"48":{"name":"getFinancialProfile","decl":{"start":{"line":984,"column":22},"end":{"line":984,"column":41}},"loc":{"start":{"line":984,"column":46},"end":{"line":986,"column":1}},"line":984},"49":{"name":"saveFinancialProfile","decl":{"start":{"line":988,"column":22},"end":{"line":988,"column":42}},"loc":{"start":{"line":988,"column":56},"end":{"line":1013,"column":1}},"line":988},"50":{"name":"getIncomeSources","decl":{"start":{"line":1017,"column":22},"end":{"line":1017,"column":38}},"loc":{"start":{"line":1017,"column":43},"end":{"line":1019,"column":1}},"line":1017},"51":{"name":"addIncomeSource","decl":{"start":{"line":1021,"column":22},"end":{"line":1021,"column":37}},"loc":{"start":{"line":1021,"column":50},"end":{"line":1027,"column":1}},"line":1021},"52":{"name":"updateIncomeSource","decl":{"start":{"line":1029,"column":22},"end":{"line":1029,"column":40}},"loc":{"start":{"line":1029,"column":57},"end":{"line":1034,"column":1}},"line":1029},"53":{"name":"deleteIncomeSource","decl":{"start":{"line":1036,"column":22},"end":{"line":1036,"column":40}},"loc":{"start":{"line":1036,"column":49},"end":{"line":1038,"column":1}},"line":1036},"54":{"name":"getTotalMonthlyIncome","decl":{"start":{"line":1040,"column":22},"end":{"line":1040,"column":43}},"loc":{"start":{"line":1040,"column":48},"end":{"line":1048,"column":1}},"line":1040},"55":{"name":"(anonymous_55)","decl":{"start":{"line":1042,"column":24},"end":{"line":1042,"column":25}},"loc":{"start":{"line":1042,"column":36},"end":{"line":1047,"column":3}},"line":1042},"56":{"name":"getFixedExpenses","decl":{"start":{"line":1052,"column":22},"end":{"line":1052,"column":38}},"loc":{"start":{"line":1052,"column":43},"end":{"line":1054,"column":1}},"line":1052},"57":{"name":"addFixedExpense","decl":{"start":{"line":1056,"column":22},"end":{"line":1056,"column":37}},"loc":{"start":{"line":1056,"column":51},"end":{"line":1062,"column":1}},"line":1056},"58":{"name":"updateFixedExpense","decl":{"start":{"line":1064,"column":22},"end":{"line":1064,"column":40}},"loc":{"start":{"line":1064,"column":58},"end":{"line":1069,"column":1}},"line":1064},"59":{"name":"deleteFixedExpense","decl":{"start":{"line":1071,"column":22},"end":{"line":1071,"column":40}},"loc":{"start":{"line":1071,"column":49},"end":{"line":1073,"column":1}},"line":1071},"60":{"name":"getFinancialGoals","decl":{"start":{"line":1077,"column":22},"end":{"line":1077,"column":39}},"loc":{"start":{"line":1077,"column":69},"end":{"line":1085,"column":1}},"line":1077},"61":{"name":"addFinancialGoal","decl":{"start":{"line":1087,"column":22},"end":{"line":1087,"column":38}},"loc":{"start":{"line":1087,"column":49},"end":{"line":1094,"column":1}},"line":1087},"62":{"name":"updateFinancialGoal","decl":{"start":{"line":1096,"column":22},"end":{"line":1096,"column":41}},"loc":{"start":{"line":1096,"column":56},"end":{"line":1102,"column":1}},"line":1096},"63":{"name":"contributeToGoal","decl":{"start":{"line":1104,"column":22},"end":{"line":1104,"column":38}},"loc":{"start":{"line":1104,"column":59},"end":{"line":1114,"column":1}},"line":1104},"64":{"name":"deleteFinancialGoal","decl":{"start":{"line":1116,"column":22},"end":{"line":1116,"column":41}},"loc":{"start":{"line":1116,"column":50},"end":{"line":1118,"column":1}},"line":1116},"65":{"name":"saveFinancialAssessment","decl":{"start":{"line":1122,"column":22},"end":{"line":1122,"column":45}},"loc":{"start":{"line":1122,"column":62},"end":{"line":1141,"column":1}},"line":1122},"66":{"name":"getLatestAssessment","decl":{"start":{"line":1143,"column":22},"end":{"line":1143,"column":41}},"loc":{"start":{"line":1143,"column":46},"end":{"line":1153,"column":1}},"line":1143},"67":{"name":"getAssessmentHistory","decl":{"start":{"line":1155,"column":22},"end":{"line":1155,"column":42}},"loc":{"start":{"line":1155,"column":58},"end":{"line":1165,"column":1}},"line":1155},"68":{"name":"(anonymous_68)","decl":{"start":{"line":1160,"column":18},"end":{"line":1160,"column":19}},"loc":{"start":{"line":1160,"column":24},"end":{"line":1164,"column":3}},"line":1160},"69":{"name":"getMonthlyTransactionSummary","decl":{"start":{"line":1169,"column":22},"end":{"line":1169,"column":50}},"loc":{"start":{"line":1169,"column":68},"end":{"line":1188,"column":1}},"line":1169},"70":{"name":"getTotalLiquidBalance","decl":{"start":{"line":1190,"column":22},"end":{"line":1190,"column":43}},"loc":{"start":{"line":1190,"column":48},"end":{"line":1200,"column":1}},"line":1190},"71":{"name":"saveSimulation","decl":{"start":{"line":1204,"column":22},"end":{"line":1204,"column":36}},"loc":{"start":{"line":1204,"column":46},"end":{"line":1210,"column":1}},"line":1204},"72":{"name":"getSimulations","decl":{"start":{"line":1212,"column":22},"end":{"line":1212,"column":36}},"loc":{"start":{"line":1212,"column":41},"end":{"line":1219,"column":1}},"line":1212},"73":{"name":"(anonymous_73)","decl":{"start":{"line":1214,"column":18},"end":{"line":1214,"column":19}},"loc":{"start":{"line":1214,"column":24},"end":{"line":1218,"column":3}},"line":1214},"74":{"name":"deleteSimulation","decl":{"start":{"line":1221,"column":22},"end":{"line":1221,"column":38}},"loc":{"start":{"line":1221,"column":47},"end":{"line":1223,"column":1}},"line":1221},"75":{"name":"getAchievements","decl":{"start":{"line":1227,"column":22},"end":{"line":1227,"column":37}},"loc":{"start":{"line":1227,"column":42},"end":{"line":1229,"column":1}},"line":1227},"76":{"name":"unlockAchievement","decl":{"start":{"line":1231,"column":22},"end":{"line":1231,"column":39}},"loc":{"start":{"line":1231,"column":49},"end":{"line":1236,"column":1}},"line":1231}},"branchMap":{"0":{"loc":{"start":{"line":118,"column":4},"end":{"line":121,"column":5}},"type":"if","locations":[{"start":{"line":118,"column":4},"end":{"line":121,"column":5}},{"start":{},"end":{}}],"line":118},"1":{"loc":{"start":{"line":132,"column":25},"end":{"line":132,"column":58}},"type":"cond-expr","locations":[{"start":{"line":132,"column":31},"end":{"line":132,"column":54}},{"start":{"line":132,"column":57},"end":{"line":132,"column":58}}],"line":132},"2":{"loc":{"start":{"line":135,"column":2},"end":{"line":137,"column":3}},"type":"if","locations":[{"start":{"line":135,"column":2},"end":{"line":137,"column":3}},{"start":{},"end":{}}],"line":135},"3":{"loc":{"start":{"line":139,"column":2},"end":{"line":141,"column":3}},"type":"if","locations":[{"start":{"line":139,"column":2},"end":{"line":141,"column":3}},{"start":{},"end":{}}],"line":139},"4":{"loc":{"start":{"line":144,"column":2},"end":{"line":194,"column":3}},"type":"if","locations":[{"start":{"line":144,"column":2},"end":{"line":194,"column":3}},{"start":{},"end":{}}],"line":144},"5":{"loc":{"start":{"line":197,"column":2},"end":{"line":289,"column":3}},"type":"if","locations":[{"start":{"line":197,"column":2},"end":{"line":289,"column":3}},{"start":{},"end":{}}],"line":197},"6":{"loc":{"start":{"line":292,"column":2},"end":{"line":297,"column":3}},"type":"if","locations":[{"start":{"line":292,"column":2},"end":{"line":297,"column":3}},{"start":{},"end":{}}],"line":292},"7":{"loc":{"start":{"line":360,"column":2},"end":{"line":376,"column":3}},"type":"if","locations":[{"start":{"line":360,"column":2},"end":{"line":376,"column":3}},{"start":{"line":363,"column":9},"end":{"line":376,"column":3}}],"line":360},"8":{"loc":{"start":{"line":363,"column":9},"end":{"line":376,"column":3}},"type":"if","locations":[{"start":{"line":363,"column":9},"end":{"line":376,"column":3}},{"start":{"line":369,"column":9},"end":{"line":376,"column":3}}],"line":363},"9":{"loc":{"start":{"line":366,"column":46},"end":{"line":366,"column":64}},"type":"cond-expr","locations":[{"start":{"line":366,"column":58},"end":{"line":366,"column":60}},{"start":{"line":366,"column":63},"end":{"line":366,"column":64}}],"line":366},"10":{"loc":{"start":{"line":369,"column":9},"end":{"line":376,"column":3}},"type":"if","locations":[{"start":{"line":369,"column":9},"end":{"line":376,"column":3}},{"start":{"line":371,"column":9},"end":{"line":376,"column":3}}],"line":369},"11":{"loc":{"start":{"line":371,"column":9},"end":{"line":376,"column":3}},"type":"if","locations":[{"start":{"line":371,"column":9},"end":{"line":376,"column":3}},{"start":{"line":373,"column":9},"end":{"line":376,"column":3}}],"line":371},"12":{"loc":{"start":{"line":373,"column":9},"end":{"line":376,"column":3}},"type":"if","locations":[{"start":{"line":373,"column":9},"end":{"line":376,"column":3}},{"start":{},"end":{}}],"line":373},"13":{"loc":{"start":{"line":386,"column":9},"end":{"line":386,"column":27}},"type":"binary-expr","locations":[{"start":{"line":386,"column":9},"end":{"line":386,"column":22}},{"start":{"line":386,"column":26},"end":{"line":386,"column":27}}],"line":386},"14":{"loc":{"start":{"line":390,"column":117},"end":{"line":390,"column":134}},"type":"binary-expr","locations":[{"start":{"line":390,"column":117},"end":{"line":390,"column":121}},{"start":{"line":390,"column":125},"end":{"line":390,"column":134}}],"line":390},"15":{"loc":{"start":{"line":399,"column":106},"end":{"line":399,"column":119}},"type":"binary-expr","locations":[{"start":{"line":399,"column":106},"end":{"line":399,"column":114}},{"start":{"line":399,"column":118},"end":{"line":399,"column":119}}],"line":399},"16":{"loc":{"start":{"line":403,"column":81},"end":{"line":403,"column":91}},"type":"binary-expr","locations":[{"start":{"line":403,"column":81},"end":{"line":403,"column":83}},{"start":{"line":403,"column":87},"end":{"line":403,"column":91}}],"line":403},"17":{"loc":{"start":{"line":407,"column":70},"end":{"line":407,"column":80}},"type":"binary-expr","locations":[{"start":{"line":407,"column":70},"end":{"line":407,"column":72}},{"start":{"line":407,"column":76},"end":{"line":407,"column":80}}],"line":407},"18":{"loc":{"start":{"line":411,"column":38},"end":{"line":411,"column":55}},"type":"default-arg","locations":[{"start":{"line":411,"column":53},"end":{"line":411,"column":55}}],"line":411},"19":{"loc":{"start":{"line":413,"column":9},"end":{"line":413,"column":39}},"type":"cond-expr","locations":[{"start":{"line":413,"column":15},"end":{"line":413,"column":24}},{"start":{"line":413,"column":27},"end":{"line":413,"column":39}}],"line":413},"20":{"loc":{"start":{"line":435,"column":4},"end":{"line":435,"column":23}},"type":"if","locations":[{"start":{"line":435,"column":4},"end":{"line":435,"column":23}},{"start":{},"end":{}}],"line":435},"21":{"loc":{"start":{"line":438,"column":4},"end":{"line":438,"column":21}},"type":"if","locations":[{"start":{"line":438,"column":4},"end":{"line":438,"column":21}},{"start":{},"end":{}}],"line":438},"22":{"loc":{"start":{"line":440,"column":24},"end":{"line":440,"column":48}},"type":"binary-expr","locations":[{"start":{"line":440,"column":24},"end":{"line":440,"column":43}},{"start":{"line":440,"column":47},"end":{"line":440,"column":48}}],"line":440},"23":{"loc":{"start":{"line":441,"column":24},"end":{"line":441,"column":44}},"type":"binary-expr","locations":[{"start":{"line":441,"column":24},"end":{"line":441,"column":39}},{"start":{"line":441,"column":43},"end":{"line":441,"column":44}}],"line":441},"24":{"loc":{"start":{"line":442,"column":24},"end":{"line":442,"column":44}},"type":"binary-expr","locations":[{"start":{"line":442,"column":24},"end":{"line":442,"column":39}},{"start":{"line":442,"column":43},"end":{"line":442,"column":44}}],"line":442},"25":{"loc":{"start":{"line":443,"column":24},"end":{"line":443,"column":40}},"type":"binary-expr","locations":[{"start":{"line":443,"column":24},"end":{"line":443,"column":35}},{"start":{"line":443,"column":39},"end":{"line":443,"column":40}}],"line":443},"26":{"loc":{"start":{"line":444,"column":24},"end":{"line":444,"column":39}},"type":"binary-expr","locations":[{"start":{"line":444,"column":24},"end":{"line":444,"column":34}},{"start":{"line":444,"column":38},"end":{"line":444,"column":39}}],"line":444},"27":{"loc":{"start":{"line":456,"column":8},"end":{"line":456,"column":23}},"type":"binary-expr","locations":[{"start":{"line":456,"column":8},"end":{"line":456,"column":18}},{"start":{"line":456,"column":22},"end":{"line":456,"column":23}}],"line":456},"28":{"loc":{"start":{"line":459,"column":8},"end":{"line":459,"column":36}},"type":"binary-expr","locations":[{"start":{"line":459,"column":8},"end":{"line":459,"column":28}},{"start":{"line":459,"column":32},"end":{"line":459,"column":36}}],"line":459},"29":{"loc":{"start":{"line":460,"column":8},"end":{"line":460,"column":34}},"type":"binary-expr","locations":[{"start":{"line":460,"column":8},"end":{"line":460,"column":26}},{"start":{"line":460,"column":30},"end":{"line":460,"column":34}}],"line":460},"30":{"loc":{"start":{"line":461,"column":8},"end":{"line":461,"column":37}},"type":"binary-expr","locations":[{"start":{"line":461,"column":8},"end":{"line":461,"column":29}},{"start":{"line":461,"column":33},"end":{"line":461,"column":37}}],"line":461},"31":{"loc":{"start":{"line":462,"column":8},"end":{"line":462,"column":32}},"type":"binary-expr","locations":[{"start":{"line":462,"column":8},"end":{"line":462,"column":26}},{"start":{"line":462,"column":30},"end":{"line":462,"column":32}}],"line":462},"32":{"loc":{"start":{"line":468,"column":4},"end":{"line":470,"column":5}},"type":"if","locations":[{"start":{"line":468,"column":4},"end":{"line":470,"column":5}},{"start":{},"end":{}}],"line":468},"33":{"loc":{"start":{"line":483,"column":4},"end":{"line":483,"column":49}},"type":"if","locations":[{"start":{"line":483,"column":4},"end":{"line":483,"column":49}},{"start":{},"end":{}}],"line":483},"34":{"loc":{"start":{"line":483,"column":8},"end":{"line":483,"column":34}},"type":"binary-expr","locations":[{"start":{"line":483,"column":8},"end":{"line":483,"column":11}},{"start":{"line":483,"column":15},"end":{"line":483,"column":34}}],"line":483},"35":{"loc":{"start":{"line":493,"column":4},"end":{"line":495,"column":5}},"type":"if","locations":[{"start":{"line":493,"column":4},"end":{"line":495,"column":5}},{"start":{},"end":{}}],"line":493},"36":{"loc":{"start":{"line":515,"column":8},"end":{"line":515,"column":23}},"type":"binary-expr","locations":[{"start":{"line":515,"column":8},"end":{"line":515,"column":18}},{"start":{"line":515,"column":22},"end":{"line":515,"column":23}}],"line":515},"37":{"loc":{"start":{"line":518,"column":8},"end":{"line":518,"column":36}},"type":"binary-expr","locations":[{"start":{"line":518,"column":8},"end":{"line":518,"column":28}},{"start":{"line":518,"column":32},"end":{"line":518,"column":36}}],"line":518},"38":{"loc":{"start":{"line":519,"column":8},"end":{"line":519,"column":34}},"type":"binary-expr","locations":[{"start":{"line":519,"column":8},"end":{"line":519,"column":26}},{"start":{"line":519,"column":30},"end":{"line":519,"column":34}}],"line":519},"39":{"loc":{"start":{"line":520,"column":8},"end":{"line":520,"column":37}},"type":"binary-expr","locations":[{"start":{"line":520,"column":8},"end":{"line":520,"column":29}},{"start":{"line":520,"column":33},"end":{"line":520,"column":37}}],"line":520},"40":{"loc":{"start":{"line":521,"column":8},"end":{"line":521,"column":32}},"type":"binary-expr","locations":[{"start":{"line":521,"column":8},"end":{"line":521,"column":26}},{"start":{"line":521,"column":30},"end":{"line":521,"column":32}}],"line":521},"41":{"loc":{"start":{"line":529,"column":4},"end":{"line":529,"column":71}},"type":"if","locations":[{"start":{"line":529,"column":4},"end":{"line":529,"column":71}},{"start":{},"end":{}}],"line":529},"42":{"loc":{"start":{"line":530,"column":4},"end":{"line":530,"column":73}},"type":"if","locations":[{"start":{"line":530,"column":4},"end":{"line":530,"column":73}},{"start":{},"end":{}}],"line":530},"43":{"loc":{"start":{"line":533,"column":6},"end":{"line":533,"column":55}},"type":"if","locations":[{"start":{"line":533,"column":6},"end":{"line":533,"column":55}},{"start":{},"end":{}}],"line":533},"44":{"loc":{"start":{"line":544,"column":45},"end":{"line":544,"column":61}},"type":"default-arg","locations":[{"start":{"line":544,"column":59},"end":{"line":544,"column":61}}],"line":544},"45":{"loc":{"start":{"line":544,"column":63},"end":{"line":544,"column":81}},"type":"default-arg","locations":[{"start":{"line":544,"column":76},"end":{"line":544,"column":81}}],"line":544},"46":{"loc":{"start":{"line":544,"column":91},"end":{"line":544,"column":107}},"type":"default-arg","locations":[{"start":{"line":544,"column":103},"end":{"line":544,"column":107}}],"line":544},"47":{"loc":{"start":{"line":544,"column":109},"end":{"line":544,"column":118}},"type":"default-arg","locations":[{"start":{"line":544,"column":117},"end":{"line":544,"column":118}}],"line":544},"48":{"loc":{"start":{"line":544,"column":120},"end":{"line":544,"column":130}},"type":"default-arg","locations":[{"start":{"line":544,"column":129},"end":{"line":544,"column":130}}],"line":544},"49":{"loc":{"start":{"line":545,"column":25},"end":{"line":545,"column":105}},"type":"binary-expr","locations":[{"start":{"line":545,"column":25},"end":{"line":545,"column":31}},{"start":{"line":545,"column":35},"end":{"line":545,"column":105}}],"line":545},"50":{"loc":{"start":{"line":558,"column":2},"end":{"line":561,"column":3}},"type":"if","locations":[{"start":{"line":558,"column":2},"end":{"line":561,"column":3}},{"start":{},"end":{}}],"line":558},"51":{"loc":{"start":{"line":563,"column":2},"end":{"line":567,"column":3}},"type":"if","locations":[{"start":{"line":563,"column":2},"end":{"line":567,"column":3}},{"start":{},"end":{}}],"line":563},"52":{"loc":{"start":{"line":569,"column":2},"end":{"line":572,"column":3}},"type":"if","locations":[{"start":{"line":569,"column":2},"end":{"line":572,"column":3}},{"start":{},"end":{}}],"line":569},"53":{"loc":{"start":{"line":576,"column":2},"end":{"line":579,"column":3}},"type":"if","locations":[{"start":{"line":576,"column":2},"end":{"line":579,"column":3}},{"start":{},"end":{}}],"line":576},"54":{"loc":{"start":{"line":584,"column":48},"end":{"line":584,"column":58}},"type":"default-arg","locations":[{"start":{"line":584,"column":56},"end":{"line":584,"column":58}}],"line":584},"55":{"loc":{"start":{"line":585,"column":25},"end":{"line":585,"column":105}},"type":"binary-expr","locations":[{"start":{"line":585,"column":25},"end":{"line":585,"column":31}},{"start":{"line":585,"column":35},"end":{"line":585,"column":105}}],"line":585},"56":{"loc":{"start":{"line":599,"column":25},"end":{"line":599,"column":105}},"type":"binary-expr","locations":[{"start":{"line":599,"column":25},"end":{"line":599,"column":31}},{"start":{"line":599,"column":35},"end":{"line":599,"column":105}}],"line":599},"57":{"loc":{"start":{"line":605,"column":4},"end":{"line":605,"column":50}},"type":"if","locations":[{"start":{"line":605,"column":4},"end":{"line":605,"column":50}},{"start":{},"end":{}}],"line":605},"58":{"loc":{"start":{"line":606,"column":4},"end":{"line":606,"column":52}},"type":"if","locations":[{"start":{"line":606,"column":4},"end":{"line":606,"column":52}},{"start":{},"end":{}}],"line":606},"59":{"loc":{"start":{"line":610,"column":2},"end":{"line":612,"column":3}},"type":"if","locations":[{"start":{"line":610,"column":2},"end":{"line":612,"column":3}},{"start":{},"end":{}}],"line":610},"60":{"loc":{"start":{"line":610,"column":6},"end":{"line":610,"column":38}},"type":"binary-expr","locations":[{"start":{"line":610,"column":6},"end":{"line":610,"column":15}},{"start":{"line":610,"column":19},"end":{"line":610,"column":38}}],"line":610},"61":{"loc":{"start":{"line":618,"column":25},"end":{"line":618,"column":105}},"type":"binary-expr","locations":[{"start":{"line":618,"column":25},"end":{"line":618,"column":31}},{"start":{"line":618,"column":35},"end":{"line":618,"column":105}}],"line":618},"62":{"loc":{"start":{"line":630,"column":25},"end":{"line":630,"column":105}},"type":"binary-expr","locations":[{"start":{"line":630,"column":25},"end":{"line":630,"column":31}},{"start":{"line":630,"column":35},"end":{"line":630,"column":105}}],"line":630},"63":{"loc":{"start":{"line":643,"column":25},"end":{"line":643,"column":105}},"type":"binary-expr","locations":[{"start":{"line":643,"column":25},"end":{"line":643,"column":31}},{"start":{"line":643,"column":35},"end":{"line":643,"column":105}}],"line":643},"64":{"loc":{"start":{"line":672,"column":22},"end":{"line":672,"column":74}},"type":"cond-expr","locations":[{"start":{"line":672,"column":35},"end":{"line":672,"column":70}},{"start":{"line":672,"column":73},"end":{"line":672,"column":74}}],"line":672},"65":{"loc":{"start":{"line":673,"column":14},"end":{"line":673,"column":55}},"type":"cond-expr","locations":[{"start":{"line":673,"column":27},"end":{"line":673,"column":51}},{"start":{"line":673,"column":54},"end":{"line":673,"column":55}}],"line":673},"66":{"loc":{"start":{"line":674,"column":21},"end":{"line":674,"column":67}},"type":"cond-expr","locations":[{"start":{"line":674,"column":34},"end":{"line":674,"column":63}},{"start":{"line":674,"column":66},"end":{"line":674,"column":67}}],"line":674},"67":{"loc":{"start":{"line":675,"column":17},"end":{"line":675,"column":59}},"type":"cond-expr","locations":[{"start":{"line":675,"column":31},"end":{"line":675,"column":48}},{"start":{"line":675,"column":51},"end":{"line":675,"column":59}}],"line":675},"68":{"loc":{"start":{"line":679,"column":2},"end":{"line":682,"column":40}},"type":"if","locations":[{"start":{"line":679,"column":2},"end":{"line":682,"column":40}},{"start":{"line":680,"column":7},"end":{"line":682,"column":40}}],"line":679},"69":{"loc":{"start":{"line":680,"column":7},"end":{"line":682,"column":40}},"type":"if","locations":[{"start":{"line":680,"column":7},"end":{"line":682,"column":40}},{"start":{"line":681,"column":7},"end":{"line":682,"column":40}}],"line":680},"70":{"loc":{"start":{"line":681,"column":7},"end":{"line":682,"column":40}},"type":"if","locations":[{"start":{"line":681,"column":7},"end":{"line":682,"column":40}},{"start":{"line":682,"column":7},"end":{"line":682,"column":40}}],"line":681},"71":{"loc":{"start":{"line":682,"column":7},"end":{"line":682,"column":40}},"type":"if","locations":[{"start":{"line":682,"column":7},"end":{"line":682,"column":40}},{"start":{},"end":{}}],"line":682},"72":{"loc":{"start":{"line":684,"column":2},"end":{"line":687,"column":33}},"type":"if","locations":[{"start":{"line":684,"column":2},"end":{"line":687,"column":33}},{"start":{"line":685,"column":7},"end":{"line":687,"column":33}}],"line":684},"73":{"loc":{"start":{"line":685,"column":7},"end":{"line":687,"column":33}},"type":"if","locations":[{"start":{"line":685,"column":7},"end":{"line":687,"column":33}},{"start":{"line":686,"column":7},"end":{"line":687,"column":33}}],"line":685},"74":{"loc":{"start":{"line":686,"column":7},"end":{"line":687,"column":33}},"type":"if","locations":[{"start":{"line":686,"column":7},"end":{"line":687,"column":33}},{"start":{"line":687,"column":7},"end":{"line":687,"column":33}}],"line":686},"75":{"loc":{"start":{"line":687,"column":7},"end":{"line":687,"column":33}},"type":"if","locations":[{"start":{"line":687,"column":7},"end":{"line":687,"column":33}},{"start":{},"end":{}}],"line":687},"76":{"loc":{"start":{"line":689,"column":2},"end":{"line":691,"column":40}},"type":"if","locations":[{"start":{"line":689,"column":2},"end":{"line":691,"column":40}},{"start":{"line":690,"column":7},"end":{"line":691,"column":40}}],"line":689},"77":{"loc":{"start":{"line":690,"column":7},"end":{"line":691,"column":40}},"type":"if","locations":[{"start":{"line":690,"column":7},"end":{"line":691,"column":40}},{"start":{"line":691,"column":7},"end":{"line":691,"column":40}}],"line":690},"78":{"loc":{"start":{"line":691,"column":7},"end":{"line":691,"column":40}},"type":"if","locations":[{"start":{"line":691,"column":7},"end":{"line":691,"column":40}},{"start":{},"end":{}}],"line":691},"79":{"loc":{"start":{"line":693,"column":2},"end":{"line":695,"column":35}},"type":"if","locations":[{"start":{"line":693,"column":2},"end":{"line":695,"column":35}},{"start":{"line":694,"column":7},"end":{"line":695,"column":35}}],"line":693},"80":{"loc":{"start":{"line":694,"column":7},"end":{"line":695,"column":35}},"type":"if","locations":[{"start":{"line":694,"column":7},"end":{"line":695,"column":35}},{"start":{"line":695,"column":7},"end":{"line":695,"column":35}}],"line":694},"81":{"loc":{"start":{"line":695,"column":7},"end":{"line":695,"column":35}},"type":"if","locations":[{"start":{"line":695,"column":7},"end":{"line":695,"column":35}},{"start":{},"end":{}}],"line":695},"82":{"loc":{"start":{"line":704,"column":12},"end":{"line":704,"column":70}},"type":"cond-expr","locations":[{"start":{"line":704,"column":26},"end":{"line":704,"column":33}},{"start":{"line":704,"column":36},"end":{"line":704,"column":70}}],"line":704},"83":{"loc":{"start":{"line":704,"column":36},"end":{"line":704,"column":70}},"type":"cond-expr","locations":[{"start":{"line":704,"column":50},"end":{"line":704,"column":59}},{"start":{"line":704,"column":62},"end":{"line":704,"column":70}}],"line":704},"84":{"loc":{"start":{"line":712,"column":2},"end":{"line":718,"column":3}},"type":"if","locations":[{"start":{"line":712,"column":2},"end":{"line":718,"column":3}},{"start":{"line":714,"column":9},"end":{"line":718,"column":3}}],"line":712},"85":{"loc":{"start":{"line":714,"column":9},"end":{"line":718,"column":3}},"type":"if","locations":[{"start":{"line":714,"column":9},"end":{"line":718,"column":3}},{"start":{"line":716,"column":9},"end":{"line":718,"column":3}}],"line":714},"86":{"loc":{"start":{"line":720,"column":2},"end":{"line":726,"column":3}},"type":"if","locations":[{"start":{"line":720,"column":2},"end":{"line":726,"column":3}},{"start":{"line":722,"column":9},"end":{"line":726,"column":3}}],"line":720},"87":{"loc":{"start":{"line":722,"column":9},"end":{"line":726,"column":3}},"type":"if","locations":[{"start":{"line":722,"column":9},"end":{"line":726,"column":3}},{"start":{"line":724,"column":9},"end":{"line":726,"column":3}}],"line":722},"88":{"loc":{"start":{"line":728,"column":2},"end":{"line":732,"column":3}},"type":"if","locations":[{"start":{"line":728,"column":2},"end":{"line":732,"column":3}},{"start":{"line":730,"column":9},"end":{"line":732,"column":3}}],"line":728},"89":{"loc":{"start":{"line":730,"column":9},"end":{"line":732,"column":3}},"type":"if","locations":[{"start":{"line":730,"column":9},"end":{"line":732,"column":3}},{"start":{},"end":{}}],"line":730},"90":{"loc":{"start":{"line":734,"column":2},"end":{"line":740,"column":3}},"type":"if","locations":[{"start":{"line":734,"column":2},"end":{"line":740,"column":3}},{"start":{"line":736,"column":9},"end":{"line":740,"column":3}}],"line":734},"91":{"loc":{"start":{"line":736,"column":9},"end":{"line":740,"column":3}},"type":"if","locations":[{"start":{"line":736,"column":9},"end":{"line":740,"column":3}},{"start":{"line":738,"column":9},"end":{"line":740,"column":3}}],"line":736},"92":{"loc":{"start":{"line":742,"column":2},"end":{"line":749,"column":3}},"type":"if","locations":[{"start":{"line":742,"column":2},"end":{"line":749,"column":3}},{"start":{},"end":{}}],"line":742},"93":{"loc":{"start":{"line":742,"column":6},"end":{"line":742,"column":47}},"type":"binary-expr","locations":[{"start":{"line":742,"column":6},"end":{"line":742,"column":19}},{"start":{"line":742,"column":23},"end":{"line":742,"column":47}}],"line":742},"94":{"loc":{"start":{"line":744,"column":21},"end":{"line":744,"column":42}},"type":"binary-expr","locations":[{"start":{"line":744,"column":21},"end":{"line":744,"column":37}},{"start":{"line":744,"column":41},"end":{"line":744,"column":42}}],"line":744},"95":{"loc":{"start":{"line":746,"column":4},"end":{"line":748,"column":5}},"type":"if","locations":[{"start":{"line":746,"column":4},"end":{"line":748,"column":5}},{"start":{},"end":{}}],"line":746},"96":{"loc":{"start":{"line":812,"column":20},"end":{"line":812,"column":35}},"type":"binary-expr","locations":[{"start":{"line":812,"column":20},"end":{"line":812,"column":30}},{"start":{"line":812,"column":34},"end":{"line":812,"column":35}}],"line":812},"97":{"loc":{"start":{"line":812,"column":69},"end":{"line":812,"column":97}},"type":"binary-expr","locations":[{"start":{"line":812,"column":69},"end":{"line":812,"column":89}},{"start":{"line":812,"column":93},"end":{"line":812,"column":97}}],"line":812},"98":{"loc":{"start":{"line":812,"column":99},"end":{"line":812,"column":125}},"type":"binary-expr","locations":[{"start":{"line":812,"column":99},"end":{"line":812,"column":117}},{"start":{"line":812,"column":121},"end":{"line":812,"column":125}}],"line":812},"99":{"loc":{"start":{"line":812,"column":127},"end":{"line":812,"column":156}},"type":"binary-expr","locations":[{"start":{"line":812,"column":127},"end":{"line":812,"column":148}},{"start":{"line":812,"column":152},"end":{"line":812,"column":156}}],"line":812},"100":{"loc":{"start":{"line":812,"column":158},"end":{"line":812,"column":182}},"type":"binary-expr","locations":[{"start":{"line":812,"column":158},"end":{"line":812,"column":176}},{"start":{"line":812,"column":180},"end":{"line":812,"column":182}}],"line":812},"101":{"loc":{"start":{"line":819,"column":20},"end":{"line":819,"column":35}},"type":"binary-expr","locations":[{"start":{"line":819,"column":20},"end":{"line":819,"column":30}},{"start":{"line":819,"column":34},"end":{"line":819,"column":35}}],"line":819},"102":{"loc":{"start":{"line":819,"column":69},"end":{"line":819,"column":97}},"type":"binary-expr","locations":[{"start":{"line":819,"column":69},"end":{"line":819,"column":89}},{"start":{"line":819,"column":93},"end":{"line":819,"column":97}}],"line":819},"103":{"loc":{"start":{"line":819,"column":99},"end":{"line":819,"column":125}},"type":"binary-expr","locations":[{"start":{"line":819,"column":99},"end":{"line":819,"column":117}},{"start":{"line":819,"column":121},"end":{"line":819,"column":125}}],"line":819},"104":{"loc":{"start":{"line":819,"column":127},"end":{"line":819,"column":156}},"type":"binary-expr","locations":[{"start":{"line":819,"column":127},"end":{"line":819,"column":148}},{"start":{"line":819,"column":152},"end":{"line":819,"column":156}}],"line":819},"105":{"loc":{"start":{"line":819,"column":158},"end":{"line":819,"column":182}},"type":"binary-expr","locations":[{"start":{"line":819,"column":158},"end":{"line":819,"column":176}},{"start":{"line":819,"column":180},"end":{"line":819,"column":182}}],"line":819},"106":{"loc":{"start":{"line":819,"column":220},"end":{"line":819,"column":244}},"type":"cond-expr","locations":[{"start":{"line":819,"column":239},"end":{"line":819,"column":240}},{"start":{"line":819,"column":243},"end":{"line":819,"column":244}}],"line":819},"107":{"loc":{"start":{"line":828,"column":92},"end":{"line":828,"column":108}},"type":"cond-expr","locations":[{"start":{"line":828,"column":103},"end":{"line":828,"column":104}},{"start":{"line":828,"column":107},"end":{"line":828,"column":108}}],"line":828},"108":{"loc":{"start":{"line":833,"column":2},"end":{"line":848,"column":3}},"type":"switch","locations":[{"start":{"line":834,"column":4},"end":{"line":836,"column":12}},{"start":{"line":837,"column":4},"end":{"line":839,"column":12}},{"start":{"line":840,"column":4},"end":{"line":842,"column":12}},{"start":{"line":843,"column":4},"end":{"line":845,"column":12}},{"start":{"line":846,"column":4},"end":{"line":847,"column":35}}],"line":833},"109":{"loc":{"start":{"line":865,"column":119},"end":{"line":865,"column":141}},"type":"binary-expr","locations":[{"start":{"line":865,"column":119},"end":{"line":865,"column":135}},{"start":{"line":865,"column":139},"end":{"line":865,"column":141}}],"line":865},"110":{"loc":{"start":{"line":868,"column":6},"end":{"line":868,"column":81}},"type":"if","locations":[{"start":{"line":868,"column":6},"end":{"line":868,"column":81}},{"start":{},"end":{}}],"line":868},"111":{"loc":{"start":{"line":883,"column":35},"end":{"line":883,"column":46}},"type":"default-arg","locations":[{"start":{"line":883,"column":42},"end":{"line":883,"column":46}}],"line":883},"112":{"loc":{"start":{"line":884,"column":2},"end":{"line":886,"column":3}},"type":"if","locations":[{"start":{"line":884,"column":2},"end":{"line":886,"column":3}},{"start":{},"end":{}}],"line":884},"113":{"loc":{"start":{"line":894,"column":21},"end":{"line":894,"column":43}},"type":"binary-expr","locations":[{"start":{"line":894,"column":21},"end":{"line":894,"column":38}},{"start":{"line":894,"column":42},"end":{"line":894,"column":43}}],"line":894},"114":{"loc":{"start":{"line":895,"column":18},"end":{"line":895,"column":37}},"type":"binary-expr","locations":[{"start":{"line":895,"column":18},"end":{"line":895,"column":32}},{"start":{"line":895,"column":36},"end":{"line":895,"column":37}}],"line":895},"115":{"loc":{"start":{"line":896,"column":10},"end":{"line":896,"column":32}},"type":"binary-expr","locations":[{"start":{"line":896,"column":10},"end":{"line":896,"column":27}},{"start":{"line":896,"column":31},"end":{"line":896,"column":32}}],"line":896},"116":{"loc":{"start":{"line":896,"column":37},"end":{"line":896,"column":56}},"type":"binary-expr","locations":[{"start":{"line":896,"column":37},"end":{"line":896,"column":51}},{"start":{"line":896,"column":55},"end":{"line":896,"column":56}}],"line":896},"117":{"loc":{"start":{"line":903,"column":68},"end":{"line":903,"column":92}},"type":"binary-expr","locations":[{"start":{"line":903,"column":68},"end":{"line":903,"column":86}},{"start":{"line":903,"column":90},"end":{"line":903,"column":92}}],"line":903},"118":{"loc":{"start":{"line":903,"column":94},"end":{"line":903,"column":117}},"type":"binary-expr","locations":[{"start":{"line":903,"column":94},"end":{"line":903,"column":109}},{"start":{"line":903,"column":113},"end":{"line":903,"column":117}}],"line":903},"119":{"loc":{"start":{"line":907,"column":63},"end":{"line":907,"column":79}},"type":"default-arg","locations":[{"start":{"line":907,"column":77},"end":{"line":907,"column":79}}],"line":907},"120":{"loc":{"start":{"line":915,"column":4},"end":{"line":915,"column":49}},"type":"if","locations":[{"start":{"line":915,"column":4},"end":{"line":915,"column":49}},{"start":{},"end":{}}],"line":915},"121":{"loc":{"start":{"line":917,"column":22},"end":{"line":917,"column":64}},"type":"cond-expr","locations":[{"start":{"line":917,"column":43},"end":{"line":917,"column":52}},{"start":{"line":917,"column":55},"end":{"line":917,"column":64}}],"line":917},"122":{"loc":{"start":{"line":929,"column":2},"end":{"line":929,"column":47}},"type":"if","locations":[{"start":{"line":929,"column":2},"end":{"line":929,"column":47}},{"start":{},"end":{}}],"line":929},"123":{"loc":{"start":{"line":930,"column":2},"end":{"line":932,"column":3}},"type":"if","locations":[{"start":{"line":930,"column":2},"end":{"line":932,"column":3}},{"start":{},"end":{}}],"line":930},"124":{"loc":{"start":{"line":990,"column":2},"end":{"line":1012,"column":3}},"type":"if","locations":[{"start":{"line":990,"column":2},"end":{"line":1012,"column":3}},{"start":{"line":1002,"column":9},"end":{"line":1012,"column":3}}],"line":990},"125":{"loc":{"start":{"line":1024,"column":46},"end":{"line":1024,"column":75}},"type":"binary-expr","locations":[{"start":{"line":1024,"column":46},"end":{"line":1024,"column":62}},{"start":{"line":1024,"column":66},"end":{"line":1024,"column":75}}],"line":1024},"126":{"loc":{"start":{"line":1032,"column":46},"end":{"line":1032,"column":75}},"type":"binary-expr","locations":[{"start":{"line":1032,"column":46},"end":{"line":1032,"column":62}},{"start":{"line":1032,"column":66},"end":{"line":1032,"column":75}}],"line":1032},"127":{"loc":{"start":{"line":1043,"column":20},"end":{"line":1045,"column":28}},"type":"cond-expr","locations":[{"start":{"line":1043,"column":47},"end":{"line":1043,"column":60}},{"start":{"line":1044,"column":20},"end":{"line":1045,"column":28}}],"line":1043},"128":{"loc":{"start":{"line":1044,"column":20},"end":{"line":1045,"column":28}},"type":"cond-expr","locations":[{"start":{"line":1044,"column":48},"end":{"line":1044,"column":60}},{"start":{"line":1045,"column":20},"end":{"line":1045,"column":28}}],"line":1044},"129":{"loc":{"start":{"line":1059,"column":37},"end":{"line":1059,"column":75}},"type":"binary-expr","locations":[{"start":{"line":1059,"column":37},"end":{"line":1059,"column":60}},{"start":{"line":1059,"column":64},"end":{"line":1059,"column":75}}],"line":1059},"130":{"loc":{"start":{"line":1059,"column":93},"end":{"line":1059,"column":123}},"type":"binary-expr","locations":[{"start":{"line":1059,"column":93},"end":{"line":1059,"column":110}},{"start":{"line":1059,"column":114},"end":{"line":1059,"column":123}}],"line":1059},"131":{"loc":{"start":{"line":1067,"column":37},"end":{"line":1067,"column":75}},"type":"binary-expr","locations":[{"start":{"line":1067,"column":37},"end":{"line":1067,"column":60}},{"start":{"line":1067,"column":64},"end":{"line":1067,"column":75}}],"line":1067},"132":{"loc":{"start":{"line":1067,"column":93},"end":{"line":1067,"column":123}},"type":"binary-expr","locations":[{"start":{"line":1067,"column":93},"end":{"line":1067,"column":110}},{"start":{"line":1067,"column":114},"end":{"line":1067,"column":123}}],"line":1067},"133":{"loc":{"start":{"line":1077,"column":44},"end":{"line":1077,"column":67}},"type":"default-arg","locations":[{"start":{"line":1077,"column":59},"end":{"line":1077,"column":67}}],"line":1077},"134":{"loc":{"start":{"line":1078,"column":2},"end":{"line":1080,"column":3}},"type":"if","locations":[{"start":{"line":1078,"column":2},"end":{"line":1080,"column":3}},{"start":{},"end":{}}],"line":1078},"135":{"loc":{"start":{"line":1091,"column":47},"end":{"line":1091,"column":71}},"type":"binary-expr","locations":[{"start":{"line":1091,"column":47},"end":{"line":1091,"column":66}},{"start":{"line":1091,"column":70},"end":{"line":1091,"column":71}}],"line":1091},"136":{"loc":{"start":{"line":1091,"column":73},"end":{"line":1091,"column":96}},"type":"binary-expr","locations":[{"start":{"line":1091,"column":73},"end":{"line":1091,"column":91}},{"start":{"line":1091,"column":95},"end":{"line":1091,"column":96}}],"line":1091},"137":{"loc":{"start":{"line":1091,"column":98},"end":{"line":1091,"column":122}},"type":"binary-expr","locations":[{"start":{"line":1091,"column":98},"end":{"line":1091,"column":114}},{"start":{"line":
[...]
inary-expr","locations":[{"start":{"line":303,"column":6},"end":{"line":303,"column":19}},{"start":{"line":303,"column":23},"end":{"line":303,"column":40}}],"line":303},"80":{"loc":{"start":{"line":323,"column":2},"end":{"line":323,"column":26}},"type":"if","locations":[{"start":{"line":323,"column":2},"end":{"line":323,"column":26}},{"start":{},"end":{}}],"line":323},"81":{"loc":{"start":{"line":324,"column":2},"end":{"line":324,"column":77}},"type":"if","locations":[{"start":{"line":324,"column":2},"end":{"line":324,"column":77}},{"start":{},"end":{}}],"line":324},"82":{"loc":{"start":{"line":324,"column":6},"end":{"line":324,"column":59}},"type":"binary-expr","locations":[{"start":{"line":324,"column":6},"end":{"line":324,"column":15}},{"start":{"line":324,"column":19},"end":{"line":324,"column":59}}],"line":324},"83":{"loc":{"start":{"line":324,"column":28},"end":{"line":324,"column":58}},"type":"binary-expr","locations":[{"start":{"line":324,"column":28},"end":{"line":324,"column":38}},{"start":{"line":324,"column":42},"end":{"line":324,"column":58}}],"line":324},"84":{"loc":{"start":{"line":325,"column":2},"end":{"line":325,"column":55}},"type":"if","locations":[{"start":{"line":325,"column":2},"end":{"line":325,"column":55}},{"start":{},"end":{}}],"line":325},"85":{"loc":{"start":{"line":325,"column":6},"end":{"line":325,"column":36}},"type":"binary-expr","locations":[{"start":{"line":325,"column":6},"end":{"line":325,"column":15}},{"start":{"line":325,"column":19},"end":{"line":325,"column":36}}],"line":325}},"s":{"0":16,"1":16,"2":27,"3":13,"4":16,"5":27,"6":14,"7":16,"8":16,"9":16,"10":16,"11":16,"12":16,"13":16,"14":16,"15":16,"16":16,"17":16,"18":16,"19":16,"20":96,"21":16,"22":16,"23":16,"24":16,"25":16,"26":27,"27":13,"28":14,"29":14,"30":16,"31":2,"32":2,"33":2,"34":16,"35":16,"36":1,"37":15,"38":15,"39":165,"40":15,"41":16,"42":2,"43":1,"44":16,"45":16,"46":96,"47":96,"48":16,"49":16,"50":1,"51":15,"52":15,"53":10,"54":5,"55":1,"56":4,"57":1,"58":3,"59":1,"60":2,"61":1,"62":1,"63":16,"64":13,"65":3,"66":1,"67":2,"68":0,"69":2,"70":0,"71":2,"72":1,"73":1,"74":16,"75":16,"76":16,"77":1,"78":15,"79":1,"80":14,"81":0,"82":14,"83":1,"84":13,"85":0,"86":13,"87":16,"88":10,"89":6,"90":1,"91":5,"92":1,"93":4,"94":0,"95":4,"96":2,"97":2,"98":16,"99":11,"100":5,"101":1,"102":4,"103":0,"104":4,"105":1,"106":3,"107":1,"108":2,"109":1,"110":1,"111":16,"112":3,"113":16,"114":2,"115":16,"116":1,"117":15,"118":0,"119":15,"120":1,"121":14,"122":2,"123":2,"124":2,"125":2,"126":2,"127":2,"128":2,"129":2,"130":72,"131":2,"132":2,"133":2,"134":2,"135":2,"136":3,"137":1,"138":1,"139":2,"140":2,"141":2,"142":2,"143":2,"144":2,"145":12,"146":12,"147":12,"148":1,"149":1,"150":11,"151":11,"152":11,"153":2,"154":3,"155":3,"156":1,"157":2,"158":2,"159":3,"160":4,"161":4,"162":1,"163":3,"164":1,"165":2,"166":1,"167":1},"f":{"0":16,"1":27,"2":13,"3":27,"4":14,"5":96,"6":16,"7":16,"8":16,"9":2,"10":1,"11":16,"12":96,"13":16,"14":16,"15":16,"16":16,"17":16,"18":16,"19":16,"20":3,"21":2,"22":2,"23":2,"24":3,"25":3,"26":3,"27":4},"b":{"0":[0],"1":[0],"2":[12],"3":[12],"4":[12],"5":[12],"6":[13,3],"7":[3,1],"8":[15,1],"9":[15,1],"10":[8,8],"11":[16,14],"12":[96,33],"13":[13,3],"14":[13,14],"15":[14,14],"16":[2,0],"17":[1,1],"18":[2,2],"19":[1,15],"20":[16,15],"21":[1,0],"22":[16,14],"23":[16,11],"24":[16,13],"25":[16,16],"26":[16,16],"27":[16,14],"28":[96,0],"29":[16,11],"30":[1,15],"31":[16,15],"32":[10,5],"33":[1,4],"34":[1,3],"35":[1,2],"36":[1,1],"37":[13,3],"38":[1,2],"39":[0,2],"40":[0,2],"41":[1,1],"42":[16,0],"43":[1,15],"44":[1,14],"45":[0,14],"46":[1,13],"47":[0,13],"48":[10,6],"49":[1,5],"50":[1,4],"51":[0,4],"52":[2,2],"53":[11,5],"54":[1,4],"55":[0,4],"56":[1,3],"57":[1,2],"58":[1,1],"59":[0],"60":[2,1],"61":[1,15],"62":[16,1],"63":[0,15],"64":[1,14],"65":[0],"66":[1,1],"67":[0],"68":[2,0],"69":[72,12],"70":[2,0],"71":[2,1],"72":[1,2],"73":[3,2],"74":[1,0],"75":[13,12],"76":[1,11],"77":[1,1],"78":[1,2],"79":[3,2],"80":[1,3],"81":[1,2],"82":[3,3],"83":[3,0],"84":[1,1],"85":[2,2]},"_coverageSchema":"1a1c01bbd47fc00a2c39e90264f33305004495a9","hash":"182903f1d2507f8fccf3b9cec02f962054af6cf7"}
,"C:\\Users\\Rizal TH\\self\\MoneyTrackerApp\\src\\utils\\formatting.js": {"path":"C:\\Users\\Rizal TH\\self\\MoneyTrackerApp\\src\\utils\\formatting.js","statementMap":{"0":{"start":{"line":13,"column":2},"end":{"line":13,"column":69}},"1":{"start":{"line":13,"column":55},"end":{"line":13,"column":69}},"2":{"start":{"line":15,"column":14},"end":{"line":15,"column":27}},"3":{"start":{"line":16,"column":15},"end":{"line":16,"column":33}},"4":{"start":{"line":18,"column":24},"end":{"line":24,"column":3}},"5":{"start":{"line":19,"column":27},"end":{"line":22,"column":20}},"6":{"start":{"line":23,"column":4},"end":{"line":23,"column":49}},"7":{"start":{"line":26,"column":2},"end":{"line":26,"column":83}},"8":{"start":{"line":26,"column":32},"end":{"line":26,"column":83}},"9":{"start":{"line":27,"column":2},"end":{"line":27,"column":75}},"10":{"start":{"line":27,"column":28},"end":{"line":27,"column":75}},"11":{"start":{"line":28,"column":2},"end":{"line":28,"column":68}},"12":{"start":{"line":28,"column":24},"end":{"line":28,"column":68}},"13":{"start":{"line":29,"column":2},"end":{"line":29,"column":60}},"14":{"start":{"line":29,"column":20},"end":{"line":29,"column":60}},"15":{"start":{"line":31,"column":2},"end":{"line":31,"column":67}},"16":{"start":{"line":40,"column":14},"end":{"line":40,"column":32}},"17":{"start":{"line":41,"column":15},"end":{"line":41,"column":40}},"18":{"start":{"line":43,"column":2},"end":{"line":49,"column":3}},"19":{"start":{"line":44,"column":18},"end":{"line":47,"column":6}},"20":{"start":{"line":48,"column":4},"end":{"line":48,"column":34}},"21":{"start":{"line":51,"column":2},"end":{"line":57,"column":3}},"22":{"start":{"line":52,"column":18},"end":{"line":55,"column":6}},"23":{"start":{"line":56,"column":4},"end":{"line":56,"column":34}},"24":{"start":{"line":60,"column":20},"end":{"line":60,"column":62}},"25":{"start":{"line":61,"column":2},"end":{"line":61,"column":34}},"26":{"start":{"line":68,"column":2},"end":{"line":68,"column":23}},"27":{"start":{"line":68,"column":13},"end":{"line":68,"column":23}},"28":{"start":{"line":69,"column":14},"end":{"line":69,"column":37}},"29":{"start":{"line":70,"column":2},"end":{"line":70,"column":22}},"30":{"start":{"line":70,"column":12},"end":{"line":70,"column":22}},"31":{"start":{"line":72,"column":20},"end":{"line":72,"column":76}},"32":{"start":{"line":73,"column":2},"end":{"line":73,"column":27}},"33":{"start":{"line":80,"column":2},"end":{"line":80,"column":44}},"34":{"start":{"line":80,"column":32},"end":{"line":80,"column":44}},"35":{"start":{"line":81,"column":2},"end":{"line":81,"column":22}},"36":{"start":{"line":81,"column":13},"end":{"line":81,"column":22}},"37":{"start":{"line":82,"column":2},"end":{"line":82,"column":52}},"38":{"start":{"line":89,"column":2},"end":{"line":89,"column":29}},"39":{"start":{"line":89,"column":18},"end":{"line":89,"column":29}},"40":{"start":{"line":90,"column":12},"end":{"line":90,"column":31}},"41":{"start":{"line":91,"column":2},"end":{"line":91,"column":37}},"42":{"start":{"line":91,"column":26},"end":{"line":91,"column":37}},"43":{"start":{"line":92,"column":2},"end":{"line":96,"column":5}},"44":{"start":{"line":103,"column":2},"end":{"line":103,"column":29}},"45":{"start":{"line":103,"column":18},"end":{"line":103,"column":29}},"46":{"start":{"line":104,"column":12},"end":{"line":104,"column":31}},"47":{"start":{"line":105,"column":2},"end":{"line":105,"column":37}},"48":{"start":{"line":105,"column":26},"end":{"line":105,"column":37}},"49":{"start":{"line":106,"column":2},"end":{"line":109,"column":5}},"50":{"start":{"line":116,"column":2},"end":{"line":116,"column":28}},"51":{"start":{"line":116,"column":18},"end":{"line":116,"column":28}},"52":{"start":{"line":117,"column":12},"end":{"line":117,"column":31}},"53":{"start":{"line":118,"column":2},"end":{"line":118,"column":36}},"54":{"start":{"line":118,"column":26},"end":{"line":118,"column":36}},"55":{"start":{"line":119,"column":14},"end":{"line":119,"column":50}},"56":{"start":{"line":120,"column":16},"end":{"line":120,"column":57}},"57":{"start":{"line":121,"column":15},"end":{"line":121,"column":30}},"58":{"start":{"line":122,"column":2},"end":{"line":122,"column":35}},"59":{"start":{"line":129,"column":16},"end":{"line":129,"column":37}},"60":{"start":{"line":130,"column":2},"end":{"line":130,"column":54}},"61":{"start":{"line":130,"column":32},"end":{"line":130,"column":54}},"62":{"start":{"line":131,"column":2},"end":{"line":131,"column":56}},"63":{"start":{"line":131,"column":33},"end":{"line":131,"column":56}},"64":{"start":{"line":132,"column":2},"end":{"line":132,"column":55}},"65":{"start":{"line":132,"column":33},"end":{"line":132,"column":55}},"66":{"start":{"line":133,"column":2},"end":{"line":133,"column":25}},"67":{"start":{"line":140,"column":2},"end":{"line":140,"column":51}},"68":{"start":{"line":140,"column":41},"end":{"line":140,"column":51}},"69":{"start":{"line":141,"column":12},"end":{"line":141,"column":23}},"70":{"start":{"line":143,"column":2},"end":{"line":145,"column":3}},"71":{"start":{"line":144,"column":4},"end":{"line":144,"column":20}},"72":{"start":{"line":146,"column":2},"end":{"line":148,"column":3}},"73":{"start":{"line":147,"column":4},"end":{"line":147,"column":41}},"74":{"start":{"line":149,"column":2},"end":{"line":149,"column":13}}},"fnMap":{"0":{"name":"formatRupiah","decl":{"start":{"line":12,"column":16},"end":{"line":12,"column":28}},"loc":{"start":{"line":12,"column":34},"end":{"line":32,"column":1}},"line":12},"1":{"name":"(anonymous_1)","decl":{"start":{"line":18,"column":24},"end":{"line":18,"column":25}},"loc":{"start":{"line":18,"column":41},"end":{"line":24,"column":3}},"line":18},"2":{"name":"formatRupiahFull","decl":{"start":{"line":39,"column":16},"end":{"line":39,"column":32}},"loc":{"start":{"line":39,"column":38},"end":{"line":62,"column":1}},"line":39},"3":{"name":"formatCurrencyInput","decl":{"start":{"line":67,"column":16},"end":{"line":67,"column":35}},"loc":{"start":{"line":67,"column":42},"end":{"line":74,"column":1}},"line":67},"4":{"name":"parseCurrencyRaw","decl":{"start":{"line":79,"column":16},"end":{"line":79,"column":32}},"loc":{"start":{"line":79,"column":39},"end":{"line":83,"column":1}},"line":79},"5":{"name":"formatDate","decl":{"start":{"line":88,"column":16},"end":{"line":88,"column":26}},"loc":{"start":{"line":88,"column":38},"end":{"line":97,"column":1}},"line":88},"6":{"name":"formatDateShort","decl":{"start":{"line":102,"column":16},"end":{"line":102,"column":31}},"loc":{"start":{"line":102,"column":43},"end":{"line":110,"column":1}},"line":102},"7":{"name":"formatDateInput","decl":{"start":{"line":115,"column":16},"end":{"line":115,"column":31}},"loc":{"start":{"line":115,"column":43},"end":{"line":123,"column":1}},"line":115},"8":{"name":"getGreeting","decl":{"start":{"line":128,"column":16},"end":{"line":128,"column":27}},"loc":{"start":{"line":128,"column":30},"end":{"line":134,"column":1}},"line":128},"9":{"name":"escapeCSV","decl":{"start":{"line":139,"column":16},"end":{"line":139,"column":25}},"loc":{"start":{"line":139,"column":31},"end":{"line":150,"column":1}},"line":139}},"branchMap":{"0":{"loc":{"start":{"line":13,"column":2},"end":{"line":13,"column":69}},"type":"if","locations":[{"start":{"line":13,"column":2},"end":{"line":13,"column":69}},{"start":{},"end":{}}],"line":13},"1":{"loc":{"start":{"line":13,"column":6},"end":{"line":13,"column":53}},"type":"binary-expr","locations":[{"start":{"line":13,"column":6},"end":{"line":13,"column":18}},{"start":{"line":13,"column":22},"end":{"line":13,"column":39}},{"start":{"line":13,"column":43},"end":{"line":13,"column":53}}],"line":13},"2":{"loc":{"start":{"line":16,"column":15},"end":{"line":16,"column":33}},"type":"cond-expr","locations":[{"start":{"line":16,"column":25},"end":{"line":16,"column":28}},{"start":{"line":16,"column":31},"end":{"line":16,"column":33}}],"line":16},"3":{"loc":{"start":{"line":26,"column":2},"end":{"line":26,"column":83}},"type":"if","locations":[{"start":{"line":26,"column":2},"end":{"line":26,"column":83}},{"start":{},"end":{}}],"line":26},"4":{"loc":{"start":{"line":27,"column":2},"end":{"line":27,"column":75}},"type":"if","locations":[{"start":{"line":27,"column":2},"end":{"line":27,"column":75}},{"start":{},"end":{}}],"line":27},"5":{"loc":{"start":{"line":28,"column":2},"end":{"line":28,"column":68}},"type":"if","locations":[{"start":{"line":28,"column":2},"end":{"line":28,"column":68}},{"start":{},"end":{}}],"line":28},"6":{"loc":{"start":{"line":29,"column":2},"end":{"line":29,"column":60}},"type":"if","locations":[{"start":{"line":29,"column":2},"end":{"line":29,"column":60}},{"start":{},"end":{}}],"line":29},"7":{"loc":{"start":{"line":40,"column":23},"end":{"line":40,"column":31}},"type":"binary-expr","locations":[{"start":{"line":40,"column":23},"end":{"line":40,"column":26}},{"start":{"line":40,"column":30},"end":{"line":40,"column":31}}],"line":40},"8":{"loc":{"start":{"line":41,"column":15},"end":{"line":41,"column":40}},"type":"cond-expr","locations":[{"start":{"line":41,"column":32},"end":{"line":41,"column":35}},{"start":{"line":41,"column":38},"end":{"line":41,"column":40}}],"line":41},"9":{"loc":{"start":{"line":41,"column":16},"end":{"line":41,"column":24}},"type":"binary-expr","locations":[{"start":{"line":41,"column":16},"end":{"line":41,"column":19}},{"start":{"line":41,"column":23},"end":{"line":41,"column":24}}],"line":41},"10":{"loc":{"start":{"line":43,"column":2},"end":{"line":49,"column":3}},"type":"if","locations":[{"start":{"line":43,"column":2},"end":{"line":49,"column":3}},{"start":{},"end":{}}],"line":43},"11":{"loc":{"start":{"line":51,"column":2},"end":{"line":57,"column":3}},"type":"if","locations":[{"start":{"line":51,"column":2},"end":{"line":57,"column":3}},{"start":{},"end":{}}],"line":51},"12":{"loc":{"start":{"line":68,"column":2},"end":{"line":68,"column":23}},"type":"if","locations":[{"start":{"line":68,"column":2},"end":{"line":68,"column":23}},{"start":{},"end":{}}],"line":68},"13":{"loc":{"start":{"line":70,"column":2},"end":{"line":70,"column":22}},"type":"if","locations":[{"start":{"line":70,"column":2},"end":{"line":70,"column":22}},{"start":{},"end":{}}],"line":70},"14":{"loc":{"start":{"line":80,"column":2},"end":{"line":80,"column":44}},"type":"if","locations":[{"start":{"line":80,"column":2},"end":{"line":80,"column":44}},{"start":{},"end":{}}],"line":80},"15":{"loc":{"start":{"line":81,"column":2},"end":{"line":81,"column":22}},"type":"if","locations":[{"start":{"line":81,"column":2},"end":{"line":81,"column":22}},{"start":{},"end":{}}],"line":81},"16":{"loc":{"start":{"line":82,"column":9},"end":{"line":82,"column":51}},"type":"binary-expr","locations":[{"start":{"line":82,"column":9},"end":{"line":82,"column":46}},{"start":{"line":82,"column":50},"end":{"line":82,"column":51}}],"line":82},"17":{"loc":{"start":{"line":89,"column":2},"end":{"line":89,"column":29}},"type":"if","locations":[{"start":{"line":89,"column":2},"end":{"line":89,"column":29}},{"start":{},"end":{}}],"line":89},"18":{"loc":{"start":{"line":91,"column":2},"end":{"line":91,"column":37}},"type":"if","locations":[{"start":{"line":91,"column":2},"end":{"line":91,"column":37}},{"start":{},"end":{}}],"line":91},"19":{"loc":{"start":{"line":103,"column":2},"end":{"line":103,"column":29}},"type":"if","locations":[{"start":{"line":103,"column":2},"end":{"line":103,"column":29}},{"start":{},"end":{}}],"line":103},"20":{"loc":{"start":{"line":105,"column":2},"end":{"line":105,"column":37}},"type":"if","locations":[{"start":{"line":105,"column":2},"end":{"line":105,"column":37}},{"start":{},"end":{}}],"line":105},"21":{"loc":{"start":{"line":116,"column":2},"end":{"line":116,"column":28}},"type":"if","locations":[{"start":{"line":116,"column":2},"end":{"line":116,"column":28}},{"start":{},"end":{}}],"line":116},"22":{"loc":{"start":{"line":118,"column":2},"end":{"line":118,"column":36}},"type":"if","locations":[{"start":{"line":118,"column":2},"end":{"line":118,"column":36}},{"start":{},"end":{}}],"line":118},"23":{"loc":{"start":{"line":130,"column":2},"end":{"line":130,"column":54}},"type":"if","locations":[{"start":{"line":130,"column":2},"end":{"line":130,"column":54}},{"start":{},"end":{}}],"line":130},"24":{"loc":{"start":{"line":130,"column":6},"end":{"line":130,"column":30}},"type":"binary-expr","locations":[{"start":{"line":130,"column":6},"end":{"line":130,"column":16}},{"start":{"line":130,"column":20},"end":{"line":130,"column":30}}],"line":130},"25":{"loc":{"start":{"line":131,"column":2},"end":{"line":131,"column":56}},"type":"if","locations":[{"start":{"line":131,"column":2},"end":{"line":131,"column":56}},{"start":{},"end":{}}],"line":131},"26":{"loc":{"start":{"line":131,"column":6},"end":{"line":131,"column":31}},"type":"binary-expr","locations":[{"start":{"line":131,"column":6},"end":{"line":131,"column":17}},{"start":{"line":131,"column":21},"end":{"line":131,"column":31}}],"line":131},"27":{"loc":{"start":{"line":132,"column":2},"end":{"line":132,"column":55}},"type":"if","locations":[{"start":{"line":132,"column":2},"end":{"line":132,"column":55}},{"start":{},"end":{}}],"line":132},"28":{"loc":{"start":{"line":132,"column":6},"end":{"line":132,"column":31}},"type":"binary-expr","locations":[{"start":{"line":132,"column":6},"end":{"line":132,"column":17}},{"start":{"line":132,"column":21},"end":{"line":132,"column":31}}],"line":132},"29":{"loc":{"start":{"line":140,"column":2},"end":{"line":140,"column":51}},"type":"if","locations":[{"start":{"line":140,"column":2},"end":{"line":140,"column":51}},{"start":{},"end":{}}],"line":140},"30":{"loc":{"start":{"line":140,"column":6},"end":{"line":140,"column":39}},"type":"binary-expr","locations":[{"start":{"line":140,"column":6},"end":{"line":140,"column":18}},{"start":{"line":140,"column":22},"end":{"line":140,"column":39}}],"line":140},"31":{"loc":{"start":{"line":143,"column":2},"end":{"line":145,"column":3}},"type":"if","locations":[{"start":{"line":143,"column":2},"end":{"line":145,"column":3}},{"start":{},"end":{}}],"line":143},"32":{"loc":{"start":{"line":146,"column":2},"end":{"line":148,"column":3}},"type":"if","locations":[{"start":{"line":146,"column":2},"end":{"line":148,"column":3}},{"start":{},"end":{}}],"line":146},"33":{"loc":{"start":{"line":146,"column":6},"end":{"line":146,"column":87}},"type":"binary-expr","locations":[{"start":{"line":146,"column":6},"end":{"line":146,"column":23}},{"start":{"line":146,"column":27},"end":{"line":146,"column":44}},{"start":{"line":146,"column":48},"end":{"line":146,"column":65}},{"start":{"line":146,"column":69},"end":{"line":146,"column":87}}],"line":146}},"s":{"0":45,"1":3,"2":42,"3":42,"4":42,"5":38,"6":38,"7":42,"8":1,"9":41,"10":2,"11":39,"12":24,"13":15,"14":11,"15":4,"16":7,"17":7,"18":7,"19":1,"20":1,"21":6,"22":1,"23":1,"24":5,"25":5,"26":12,"27":3,"28":9,"29":9,"30":1,"31":8,"32":8,"33":17,"34":2,"35":15,"36":6,"37":9,"38":9,"39":3,"40":6,"41":6,"42":1,"43":5,"44":2,"45":1,"46":1,"47":1,"48":0,"49":1,"50":5,"51":2,"52":3,"53":3,"54":1,"55":2,"56":2,"57":2,"58":2,"59":6,"60":6,"61":2,"62":4,"63":1,"64":3,"65":1,"66":2,"67":22,"68":4,"69":18,"70":18,"71":7,"72":18,"73":8,"74":18},"f":{"0":45,"1":38,"2":7,"3":12,"4":17,"5":9,"6":2,"7":5,"8":6,"9":22},"b":{"0":[3,42],"1":[45,44,43],"2":[1,41],"3":[1,41],"4":[2,39],"5":[24,15],"6":[11,4],"7":[7,3],"8":[0,7],"9":[7,3],"10":[1,6],"11":[1,5],"12":[3,9],"13":[1,8],"14":[2,15],"15":[6,9],"16":[9,1],"17":[3,6],"18":[1,5],"19":[1,1],"20":[0,1],"21":[2,3],"22":[1,2],"23":[2,4],"24":[6,5],"25":[1,3],"26":[4,3],"27":[1,2],"28":[3,2],"29":[4,18],"30":[22,20],"31":[7,11],"32":[8,10],"33":[18,15,13,11]},"_coverageSchema":"1a1c01bbd47fc00a2c39e90264f33305004495a9","hash":"1c00dd5566ce5072cc9d80b94816096f2c621000"}
}
