TN:
SF:src\constants\theme.js
FNF:0
FNH:0
DA:8,1
DA:44,1
DA:56,1
DA:64,1
DA:74,1
DA:84,1
LF:6
LH:6
BRF:0
BRH:0
end_of_record
TN:
SF:src\db\database.js
FN:5,initDatabase
FN:79,runMigrations
FN:100,seedAccounts
FN:121,seedCategories
FN:155,getDateFilterBoundary
FN:179,getAccounts
FN:183,getTotalHarta
FN:188,getCategories
FN:192,getSubCategories
FN:197,addCategory
FN:201,deleteCategory
FN:205,deleteSubCategory
FN:210,getPref
FN:215,setPref
FN:220,addSubCategory
FN:224,updateAccountBalance
FN:248,addTransaction
FN:278,deleteTransaction
FN:306,updateTransaction
FN:343,getAllTransactions
FN:373,getRecentTransactions
FN:387,getStats
FN:393,(anonymous_22)
FN:406,getExpenseByCategory
FN:418,getFixedVsVariableExpense
FN:431,getSubCategoryExpense
FN:446,getMonthComparison
FN:460,calculateFinancialHealth
FN:497,generateSummary
FN:543,factoryReset
FNF:30
FNH:7
FNDA:0,initDatabase
FNDA:0,runMigrations
FNDA:0,seedAccounts
FNDA:0,seedCategories
FNDA:9,getDateFilterBoundary
FNDA:1,getAccounts
FNDA:2,getTotalHarta
FNDA:0,getCategories
FNDA:0,getSubCategories
FNDA:1,addCategory
FNDA:1,deleteCategory
FNDA:0,deleteSubCategory
FNDA:0,getPref
FNDA:0,setPref
FNDA:0,addSubCategory
FNDA:0,updateAccountBalance
FNDA:0,addTransaction
FNDA:0,deleteTransaction
FNDA:0,updateTransaction
FNDA:0,getAllTransactions
FNDA:0,getRecentTransactions
FNDA:0,getStats
FNDA:0,(anonymous_22)
FNDA:0,getExpenseByCategory
FNDA:0,getFixedVsVariableExpense
FNDA:0,getSubCategoryExpense
FNDA:0,getMonthComparison
FNDA:8,calculateFinancialHealth
FNDA:6,generateSummary
FNDA:0,factoryReset
DA:3,1
DA:6,0
DA:8,0
DA:11,0
DA:63,0
DA:66,0
DA:67,0
DA:68,0
DA:69,0
DA:72,0
DA:74,0
DA:75,0
DA:80,0
DA:81,0
DA:84,0
DA:85,0
DA:92,0
DA:93,0
DA:101,0
DA:113,0
DA:114,0
DA:122,0
DA:143,0
DA:144,0
DA:148,0
DA:149,0
DA:150,0
DA:156,9
DA:157,9
DA:158,9
DA:160,9
DA:161,2
DA:162,2
DA:163,7
DA:164,1
DA:165,1
DA:166,1
DA:167,1
DA:168,6
DA:169,2
DA:170,4
DA:171,1
DA:172,3
DA:173,1
DA:174,1
DA:176,9
DA:180,1
DA:184,2
DA:185,2
DA:189,0
DA:193,0
DA:198,1
DA:202,1
DA:206,0
DA:211,0
DA:212,0
DA:216,0
DA:221,0
DA:225,0
DA:234,0
DA:236,0
DA:237,0
DA:239,0
DA:245,0
DA:249,0
DA:250,0
DA:251,0
DA:266,0
DA:267,0
DA:268,0
DA:270,0
DA:271,0
DA:273,0
DA:274,0
DA:279,0
DA:281,0
DA:282,0
DA:285,0
DA:288,0
DA:291,0
DA:292,0
DA:293,0
DA:297,0
DA:298,0
DA:300,0
DA:301,0
DA:302,0
DA:307,0
DA:308,0
DA:310,0
DA:327,0
DA:328,0
DA:329,0
DA:331,0
DA:332,0
DA:335,0
DA:336,0
DA:338,0
DA:339,0
DA:344,0
DA:346,0
DA:355,0
DA:357,0
DA:358,0
DA:359,0
DA:362,0
DA:363,0
DA:364,0
DA:365,0
DA:368,0
DA:370,0
DA:374,0
DA:375,0
DA:388,0
DA:389,0
DA:391,0
DA:392,0
DA:393,0
DA:394,0
DA:395,0
DA:398,0
DA:399,0
DA:400,0
DA:403,0
DA:407,0
DA:408,0
DA:419,0
DA:420,0
DA:432,0
DA:433,0
DA:447,0
DA:448,0
DA:449,0
DA:450,0
DA:451,0
DA:453,0
DA:457,0
DA:461,8
DA:462,8
DA:463,8
DA:464,8
DA:465,8
DA:467,8
DA:468,8
DA:469,3
DA:470,2
DA:471,2
DA:473,8
DA:474,2
DA:475,1
DA:476,1
DA:478,8
DA:479,2
DA:480,1
DA:482,8
DA:483,4
DA:484,3
DA:486,8
DA:498,6
DA:499,6
DA:501,6
DA:502,1
DA:503,5
DA:504,4
DA:506,1
DA:509,6
DA:510,1
DA:511,5
DA:512,0
DA:514,5
DA:517,6
DA:518,0
DA:519,6
DA:520,1
DA:523,6
DA:524,1
DA:525,5
DA:526,0
DA:528,5
DA:531,6
DA:532,1
DA:533,1
DA:534,1
DA:535,1
DA:536,1
DA:540,6
DA:544,0
DA:545,0
DA:548,0
DA:554,0
DA:559,0
DA:563,0
DA:565,0
DA:566,0
LF:194
LH:71
BRDA:67,0,0,0
BRDA:67,0,1,0
BRDA:81,1,0,0
BRDA:81,1,1,0
BRDA:84,2,0,0
BRDA:84,2,1,0
BRDA:92,3,0,0
BRDA:92,3,1,0
BRDA:160,4,0,2
BRDA:160,4,1,7
BRDA:163,5,0,1
BRDA:163,5,1,6
BRDA:165,6,0,0
BRDA:165,6,1,1
BRDA:168,7,0,2
BRDA:168,7,1,4
BRDA:170,8,0,1
BRDA:170,8,1,3
BRDA:172,9,0,1
BRDA:172,9,1,2
BRDA:185,10,0,2
BRDA:185,10,1,1
BRDA:189,11,0,0
BRDA:189,11,1,0
BRDA:198,12,0,1
BRDA:198,12,1,0
BRDA:202,13,0,1
BRDA:202,13,1,0
BRDA:206,14,0,0
BRDA:206,14,1,0
BRDA:210,15,0,0
BRDA:212,16,0,0
BRDA:212,16,1,0
BRDA:234,17,0,0
BRDA:234,17,1,0
BRDA:237,18,0,0
BRDA:237,18,1,0
BRDA:239,19,0,0
BRDA:239,19,1,0
BRDA:240,20,0,0
BRDA:240,20,1,0
BRDA:241,21,0,0
BRDA:241,21,1,0
BRDA:242,22,0,0
BRDA:242,22,1,0
BRDA:243,23,0,0
BRDA:243,23,1,0
BRDA:255,24,0,0
BRDA:255,24,1,0
BRDA:258,25,0,0
BRDA:258,25,1,0
BRDA:259,26,0,0
BRDA:259,26,1,0
BRDA:260,27,0,0
BRDA:260,27,1,0
BRDA:261,28,0,0
BRDA:261,28,1,0
BRDA:267,29,0,0
BRDA:267,29,1,0
BRDA:282,30,0,0
BRDA:282,30,1,0
BRDA:282,31,0,0
BRDA:282,31,1,0
BRDA:292,32,0,0
BRDA:292,32,1,0
BRDA:314,33,0,0
BRDA:314,33,1,0
BRDA:317,34,0,0
BRDA:317,34,1,0
BRDA:318,35,0,0
BRDA:318,35,1,0
BRDA:319,36,0,0
BRDA:319,36,1,0
BRDA:320,37,0,0
BRDA:320,37,1,0
BRDA:328,38,0,0
BRDA:328,38,1,0
BRDA:329,39,0,0
BRDA:329,39,1,0
BRDA:332,40,0,0
BRDA:332,40,1,0
BRDA:343,41,0,0
BRDA:343,42,0,0
BRDA:344,43,0,0
BRDA:344,43,1,0
BRDA:357,44,0,0
BRDA:357,44,1,0
BRDA:362,45,0,0
BRDA:362,45,1,0
BRDA:373,46,0,0
BRDA:374,47,0,0
BRDA:374,47,1,0
BRDA:388,48,0,0
BRDA:388,48,1,0
BRDA:394,49,0,0
BRDA:394,49,1,0
BRDA:395,50,0,0
BRDA:395,50,1,0
BRDA:399,51,0,0
BRDA:399,51,1,0
BRDA:399,52,0,0
BRDA:399,52,1,0
BRDA:407,53,0,0
BRDA:407,53,1,0
BRDA:419,54,0,0
BRDA:419,54,1,0
BRDA:432,55,0,0
BRDA:432,55,1,0
BRDA:461,56,0,7
BRDA:461,56,1,1
BRDA:462,57,0,7
BRDA:462,57,1,1
BRDA:463,58,0,7
BRDA:463,58,1,1
BRDA:464,59,0,6
BRDA:464,59,1,2
BRDA:468,60,0,5
BRDA:468,60,1,3
BRDA:469,61,0,1
BRDA:469,61,1,2
BRDA:470,62,0,0
BRDA:470,62,1,2
BRDA:471,63,0,1
BRDA:471,63,1,1
BRDA:473,64,0,6
BRDA:473,64,1,2
BRDA:474,65,0,1
BRDA:474,65,1,1
BRDA:475,66,0,0
BRDA:475,66,1,1
BRDA:476,67,0,0
BRDA:476,67,1,1
BRDA:478,68,0,6
BRDA:478,68,1,2
BRDA:479,69,0,1
BRDA:479,69,1,1
BRDA:480,70,0,0
BRDA:480,70,1,1
BRDA:482,71,0,4
BRDA:482,71,1,4
BRDA:483,72,0,1
BRDA:483,72,1,3
BRDA:484,73,0,1
BRDA:484,73,1,2
BRDA:493,74,0,6
BRDA:493,74,1,2
BRDA:493,75,0,1
BRDA:493,75,1,1
BRDA:501,76,0,1
BRDA:501,76,1,5
BRDA:503,77,0,4
BRDA:503,77,1,1
BRDA:509,78,0,1
BRDA:509,78,1,5
BRDA:511,79,0,0
BRDA:511,79,1,5
BRDA:517,80,0,0
BRDA:517,80,1,6
BRDA:519,81,0,1
BRDA:519,81,1,5
BRDA:523,82,0,1
BRDA:523,82,1,5
BRDA:525,83,0,0
BRDA:525,83,1,5
BRDA:531,84,0,1
BRDA:531,84,1,5
BRDA:531,85,0,6
BRDA:531,85,1,4
BRDA:533,86,0,1
BRDA:533,86,1,0
BRDA:535,87,0,1
BRDA:535,87,1,0
BRF:172
BRH:70
end_of_record
TN:
SF:src\utils\formatting.js
FN:12,formatRupiah
FN:24,formatRupiahFull
FN:32,formatDate
FN:41,formatDateShort
FN:49,formatDateInput
FN:60,formatDateCSV
FN:69,parseDateInput
FN:93,getGreeting
FN:105,escapeCSV
FNF:9
FNH:5
FNDA:13,formatRupiah
FNDA:5,formatRupiahFull
FNDA:0,formatDate
FNDA:0,formatDateShort
FNDA:0,formatDateInput
FNDA:0,formatDateCSV
FNDA:13,parseDateInput
FNDA:4,getGreeting
FNDA:7,escapeCSV
DA:13,13
DA:14,11
DA:15,11
DA:16,9
DA:17,5
DA:25,5
DA:33,0
DA:34,0
DA:42,0
DA:43,0
DA:50,0
DA:51,0
DA:52,0
DA:53,0
DA:54,0
DA:61,0
DA:62,0
DA:70,13
DA:71,10
DA:72,10
DA:73,7
DA:75,7
DA:76,7
DA:77,7
DA:79,7
DA:82,2
DA:83,2
DA:84,2
DA:87,1
DA:94,4
DA:95,4
DA:96,3
DA:97,2
DA:98,1
DA:106,7
DA:107,5
DA:108,5
DA:109,3
DA:111,2
LF:39
LH:28
BRDA:13,0,0,2
BRDA:13,0,1,11
BRDA:13,1,0,13
BRDA:13,1,1,3
BRDA:15,2,0,2
BRDA:15,2,1,9
BRDA:16,3,0,4
BRDA:16,3,1,5
BRDA:25,4,0,5
BRDA:25,4,1,3
BRDA:70,5,0,3
BRDA:70,5,1,10
BRDA:72,6,0,3
BRDA:72,6,1,7
BRDA:79,7,0,5
BRDA:79,7,1,2
BRDA:79,8,0,7
BRDA:79,8,1,6
BRDA:79,8,2,5
BRDA:79,8,3,5
BRDA:79,8,4,4
BRDA:79,8,5,3
BRDA:83,9,0,0
BRDA:83,9,1,2
BRDA:84,10,0,1
BRDA:84,10,1,1
BRDA:84,11,0,2
BRDA:84,11,1,1
BRDA:84,11,2,1
BRDA:95,12,0,1
BRDA:95,12,1,3
BRDA:96,13,0,1
BRDA:96,13,1,2
BRDA:97,14,0,1
BRDA:97,14,1,1
BRDA:106,15,0,2
BRDA:106,15,1,5
BRDA:106,16,0,7
BRDA:106,16,1,6
BRDA:108,17,0,3
BRDA:108,17,1,2
BRDA:108,18,0,5
BRDA:108,18,1,4
BRDA:108,18,2,3
BRF:44
BRH:43
end_of_record
