TN:
SF:src\constants\benchmarks.js
FN:76,getHealthLevel
FN:77,(anonymous_1)
FNF:2
FNH:2
FNDA:22,getHealthLevel
FNDA:60,(anonymous_1)
DA:9,4
DA:20,4
DA:27,4
DA:36,4
DA:44,4
DA:55,4
DA:58,4
DA:68,4
DA:77,60
LF:9
LH:9
BRDA:77,0,0,22
BRDA:77,0,1,1
BRDA:77,1,0,60
BRDA:77,1,1,21
BRF:4
BRH:4
end_of_record
TN:
SF:src\constants\categoryMap.js
FN:93,getAnalysisGroup
FNF:1
FNH:1
FNDA:21,getAnalysisGroup
DA:11,3
DA:50,3
DA:75,3
DA:94,21
DA:95,9
DA:97,12
DA:98,5
DA:100,7
LF:8
LH:8
BRDA:94,0,0,9
BRDA:94,0,1,12
BRDA:94,1,0,21
BRDA:94,1,1,9
BRDA:97,2,0,5
BRDA:97,2,1,7
BRDA:97,3,0,12
BRDA:97,3,1,6
BRF:8
BRH:8
end_of_record
TN:
SF:src\constants\theme.js
FN:93,(anonymous_0)
FN:139,(anonymous_1)
FNF:2
FNH:2
FNDA:12,(anonymous_0)
FNDA:4,(anonymous_1)
DA:19,1
DA:20,1
DA:21,1
DA:23,1
DA:53,1
DA:84,1
DA:93,1
DA:94,12
DA:95,3
DA:97,9
DA:100,1
DA:112,1
DA:120,1
DA:130,1
DA:139,1
DA:140,4
DA:141,4
LF:17
LH:17
BRDA:93,0,0,1
BRDA:94,1,0,3
BRDA:94,1,1,9
BRDA:139,2,0,0
BRF:4
BRH:3
end_of_record
TN:
SF:src\db\database.js
FN:5,initDatabase
FN:130,runMigrations
FN:300,seedAccounts
FN:321,seedCategories
FN:355,getDateFilterBoundary
FN:380,getAccounts
FN:384,getTotalHarta
FN:389,getCategories
FN:393,getSubCategories
FN:398,addCategory
FN:402,deleteCategory
FN:406,deleteSubCategory
FN:411,getPref
FN:416,setPref
FN:421,addSubCategory
FN:425,updateAccountBalance
FN:449,addTransaction
FN:479,deleteTransaction
FN:507,updateTransaction
FN:544,getAllTransactions
FN:584,getRecentTransactions
FN:598,getStats
FN:604,(anonymous_22)
FN:617,getExpenseByCategory
FN:629,getFixedVsVariableExpense
FN:642,getSubCategoryExpense
FN:657,getMonthComparison
FN:671,calculateFinancialHealth
FN:708,generateSummary
FN:756,getBudgets
FN:766,getBudgetWithSpending
FN:784,setBudget
FN:791,deleteBudget
FN:797,getRecurringTransactions
FN:808,addRecurringTransaction
FN:816,updateRecurringTransaction
FN:823,deleteRecurringTransaction
FN:827,toggleRecurringTransaction
FN:831,calculateNextDate
FN:852,processDueRecurring
FN:883,getDebts
FN:890,getDebtSummary
FN:900,addDebt
FN:907,addDebtPayment
FN:927,settleDebt
FN:936,deleteDebt
FN:948,getDebtPayments
FN:952,factoryReset
FN:984,getFinancialProfile
FN:988,saveFinancialProfile
FN:1017,getIncomeSources
FN:1021,addIncomeSource
FN:1029,updateIncomeSource
FN:1036,deleteIncomeSource
FN:1040,getTotalMonthlyIncome
FN:1042,(anonymous_55)
FN:1052,getFixedExpenses
FN:1056,addFixedExpense
FN:1064,updateFixedExpense
FN:1071,deleteFixedExpense
FN:1077,getFinancialGoals
FN:1087,addFinancialGoal
FN:1096,updateFinancialGoal
FN:1104,contributeToGoal
FN:1116,deleteFinancialGoal
FN:1122,saveFinancialAssessment
FN:1143,getLatestAssessment
FN:1155,getAssessmentHistory
FN:1160,(anonymous_68)
FN:1169,getMonthlyTransactionSummary
FN:1190,getTotalLiquidBalance
FN:1204,saveSimulation
FN:1212,getSimulations
FN:1214,(anonymous_73)
FN:1221,deleteSimulation
FN:1227,getAchievements
FN:1231,unlockAchievement
FNF:77
FNH:56
FNDA:0,initDatabase
FNDA:0,runMigrations
FNDA:0,seedAccounts
FNDA:0,seedCategories
FNDA:9,getDateFilterBoundary
FNDA:1,getAccounts
FNDA:2,getTotalHarta
FNDA:0,getCategories
FNDA:0,getSubCategories
FNDA:1,addCategory
FNDA:1,deleteCategory
FNDA:0,deleteSubCategory
FNDA:0,getPref
FNDA:0,setPref
FNDA:1,addSubCategory
FNDA:1,updateAccountBalance
FNDA:1,addTransaction
FNDA:0,deleteTransaction
FNDA:0,updateTransaction
FNDA:1,getAllTransactions
FNDA:0,getRecentTransactions
FNDA:0,getStats
FNDA:0,(anonymous_22)
FNDA:0,getExpenseByCategory
FNDA:0,getFixedVsVariableExpense
FNDA:0,getSubCategoryExpense
FNDA:0,getMonthComparison
FNDA:8,calculateFinancialHealth
FNDA:6,generateSummary
FNDA:1,getBudgets
FNDA:1,getBudgetWithSpending
FNDA:1,setBudget
FNDA:1,deleteBudget
FNDA:1,getRecurringTransactions
FNDA:1,addRecurringTransaction
FNDA:0,updateRecurringTransaction
FNDA:1,deleteRecurringTransaction
FNDA:2,toggleRecurringTransaction
FNDA:13,calculateNextDate
FNDA:0,processDueRecurring
FNDA:1,getDebts
FNDA:2,getDebtSummary
FNDA:1,addDebt
FNDA:2,addDebtPayment
FNDA:1,settleDebt
FNDA:1,deleteDebt
FNDA:1,getDebtPayments
FNDA:0,factoryReset
FNDA:3,getFinancialProfile
FNDA:2,saveFinancialProfile
FNDA:2,getIncomeSources
FNDA:1,addIncomeSource
FNDA:1,updateIncomeSource
FNDA:1,deleteIncomeSource
FNDA:1,getTotalMonthlyIncome
FNDA:3,(anonymous_55)
FNDA:1,getFixedExpenses
FNDA:1,addFixedExpense
FNDA:1,updateFixedExpense
FNDA:1,deleteFixedExpense
FNDA:2,getFinancialGoals
FNDA:1,addFinancialGoal
FNDA:1,updateFinancialGoal
FNDA:2,contributeToGoal
FNDA:1,deleteFinancialGoal
FNDA:1,saveFinancialAssessment
FNDA:2,getLatestAssessment
FNDA:1,getAssessmentHistory
FNDA:2,(anonymous_68)
FNDA:1,getMonthlyTransactionSummary
FNDA:1,getTotalLiquidBalance
FNDA:1,saveSimulation
FNDA:1,getSimulations
FNDA:1,(anonymous_73)
FNDA:1,deleteSimulation
FNDA:1,getAchievements
FNDA:1,unlockAchievement
DA:3,4
DA:6,0
DA:8,0
DA:11,0
DA:114,0
DA:117,0
DA:118,0
DA:119,0
DA:120,0
DA:123,0
DA:125,0
DA:126,0
DA:131,0
DA:132,0
DA:135,0
DA:136,0
DA:139,0
DA:140,0
DA:144,0
DA:145,0
DA:146,0
DA:197,0
DA:198,0
DA:199,0
DA:288,0
DA:292,0
DA:293,0
DA:301,0
DA:313,0
DA:314,0
DA:322,0
DA:343,0
DA:344,0
DA:348,0
DA:349,0
DA:350,0
DA:356,9
DA:357,9
DA:358,9
DA:360,9
DA:361,2
DA:362,2
DA:363,7
DA:364,1
DA:365,1
DA:366,1
DA:367,1
DA:368,1
DA:369,6
DA:370,2
DA:371,4
DA:372,1
DA:373,3
DA:374,1
DA:375,1
DA:377,9
DA:381,1
DA:385,2
DA:386,2
DA:390,0
DA:394,0
DA:399,1
DA:403,1
DA:407,0
DA:412,0
DA:413,0
DA:417,0
DA:422,1
DA:426,1
DA:435,1
DA:437,1
DA:438,1
DA:440,1
DA:446,1
DA:450,1
DA:451,1
DA:452,1
DA:467,1
DA:468,1
DA:469,0
DA:471,1
DA:472,1
DA:474,0
DA:475,0
DA:480,0
DA:482,0
DA:483,0
DA:486,0
DA:489,0
DA:492,0
DA:493,0
DA:494,0
DA:498,0
DA:499,0
DA:501,0
DA:502,0
DA:503,0
DA:508,0
DA:509,0
DA:511,0
DA:528,0
DA:529,0
DA:530,0
DA:532,0
DA:533,0
DA:536,0
DA:537,0
DA:539,0
DA:540,0
DA:545,1
DA:547,1
DA:556,1
DA:558,1
DA:559,0
DA:560,0
DA:563,1
DA:564,1
DA:565,1
DA:566,1
DA:569,1
DA:570,0
DA:571,0
DA:574,1
DA:576,1
DA:577,0
DA:578,0
DA:581,1
DA:585,0
DA:586,0
DA:599,0
DA:600,0
DA:602,0
DA:603,0
DA:604,0
DA:605,0
DA:606,0
DA:609,0
DA:610,0
DA:611,0
DA:614,0
DA:618,0
DA:619,0
DA:630,0
DA:631,0
DA:643,0
DA:644,0
DA:658,0
DA:659,0
DA:660,0
DA:661,0
DA:662,0
DA:664,0
DA:668,0
DA:672,8
DA:673,8
DA:674,8
DA:675,8
DA:676,8
DA:678,8
DA:679,8
DA:680,3
DA:681,2
DA:682,2
DA:684,8
DA:685,2
DA:686,1
DA:687,1
DA:689,8
DA:690,2
DA:691,1
DA:693,8
DA:694,4
DA:695,3
DA:697,8
DA:709,6
DA:710,6
DA:712,6
DA:713,1
DA:714,5
DA:715,4
DA:717,1
DA:720,6
DA:721,1
DA:722,5
DA:723,0
DA:725,5
DA:728,6
DA:729,0
DA:730,6
DA:731,1
DA:734,6
DA:735,1
DA:736,5
DA:737,0
DA:739,5
DA:742,6
DA:743,1
DA:744,1
DA:745,1
DA:746,1
DA:747,1
DA:751,6
DA:757,1
DA:767,1
DA:768,1
DA:770,1
DA:785,1
DA:792,1
DA:798,1
DA:809,1
DA:817,0
DA:824,1
DA:828,2
DA:832,13
DA:833,13
DA:835,4
DA:836,4
DA:838,2
DA:839,2
DA:841,3
DA:842,3
DA:844,3
DA:845,3
DA:847,1
DA:849,13
DA:853,0
DA:854,0
DA:859,0
DA:860,0
DA:861,0
DA:862,0
DA:863,0
DA:867,0
DA:868,0
DA:869,0
DA:870,0
DA:871,0
DA:872,0
DA:874,0
DA:875,0
DA:878,0
DA:884,1
DA:885,1
DA:887,0
DA:891,2
DA:892,2
DA:893,2
DA:901,1
DA:908,2
DA:909,2
DA:910,2
DA:914,2
DA:915,2
DA:916,2
DA:917,2
DA:918,2
DA:919,2
DA:920,2
DA:922,0
DA:923,0
DA:928,1
DA:929,1
DA:930,1
DA:931,1
DA:933,1
DA:937,1
DA:938,1
DA:939,1
DA:940,1
DA:941,1
DA:943,0
DA:944,0
DA:949,1
DA:953,0
DA:954,0
DA:956,0
DA:963,0
DA:967,0
DA:971,0
DA:973,0
DA:974,0
DA:985,3
DA:989,2
DA:990,2
DA:991,1
DA:1003,1
DA:1018,2
DA:1022,1
DA:1026,1
DA:1030,1
DA:1037,1
DA:1041,1
DA:1042,1
DA:1043,3
DA:1046,3
DA:1053,1
DA:1057,1
DA:1061,1
DA:1065,1
DA:1072,1
DA:1078,2
DA:1079,1
DA:1081,1
DA:1088,1
DA:1093,1
DA:1097,1
DA:1105,2
DA:1106,2
DA:1107,1
DA:1108,1
DA:1109,1
DA:1113,1
DA:1117,1
DA:1123,1
DA:1144,2
DA:1147,2
DA:1148,1
DA:1156,1
DA:1160,2
DA:1170,1
DA:1171,1
DA:1173,1
DA:1187,1
DA:1192,1
DA:1199,1
DA:1205,1
DA:1209,1
DA:1213,1
DA:1214,1
DA:1222,1
DA:1228,1
DA:1232,1
LF:332
LH:198
BRDA:118,0,0,0
BRDA:118,0,1,0
BRDA:132,1,0,0
BRDA:132,1,1,0
BRDA:135,2,0,0
BRDA:135,2,1,0
BRDA:139,3,0,0
BRDA:139,3,1,0
BRDA:144,4,0,0
BRDA:144,4,1,0
BRDA:197,5,0,0
BRDA:197,5,1,0
BRDA:292,6,0,0
BRDA:292,6,1,0
BRDA:360,7,0,2
BRDA:360,7,1,7
BRDA:363,8,0,1
BRDA:363,8,1,6
BRDA:366,9,0,0
BRDA:366,9,1,1
BRDA:369,10,0,2
BRDA:369,10,1,4
BRDA:371,11,0,1
BRDA:371,11,1,3
BRDA:373,12,0,1
BRDA:373,12,1,2
BRDA:386,13,0,2
BRDA:386,13,1,1
BRDA:390,14,0,0
BRDA:390,14,1,0
BRDA:399,15,0,1
BRDA:399,15,1,0
BRDA:403,16,0,1
BRDA:403,16,1,0
BRDA:407,17,0,0
BRDA:407,17,1,0
BRDA:411,18,0,0
BRDA:413,19,0,0
BRDA:413,19,1,0
BRDA:435,20,0,0
BRDA:435,20,1,1
BRDA:438,21,0,0
BRDA:438,21,1,1
BRDA:440,22,0,1
BRDA:440,22,1,1
BRDA:441,23,0,1
BRDA:441,23,1,1
BRDA:442,24,0,1
BRDA:442,24,1,1
BRDA:443,25,0,1
BRDA:443,25,1,1
BRDA:444,26,0,1
BRDA:444,26,1,1
BRDA:456,27,0,1
BRDA:456,27,1,1
BRDA:459,28,0,1
BRDA:459,28,1,1
BRDA:460,29,0,1
BRDA:460,29,1,0
BRDA:461,30,0,1
BRDA:461,30,1,1
BRDA:462,31,0,1
BRDA:462,31,1,0
BRDA:468,32,0,0
BRDA:468,32,1,1
BRDA:483,33,0,0
BRDA:483,33,1,0
BRDA:483,34,0,0
BRDA:483,34,1,0
BRDA:493,35,0,0
BRDA:493,35,1,0
BRDA:515,36,0,0
BRDA:515,36,1,0
BRDA:518,37,0,0
BRDA:518,37,1,0
BRDA:519,38,0,0
BRDA:519,38,1,0
BRDA:520,39,0,0
BRDA:520,39,1,0
BRDA:521,40,0,0
BRDA:521,40,1,0
BRDA:529,41,0,0
BRDA:529,41,1,0
BRDA:530,42,0,0
BRDA:530,42,1,0
BRDA:533,43,0,0
BRDA:533,43,1,0
BRDA:544,44,0,0
BRDA:544,45,0,1
BRDA:544,46,0,1
BRDA:544,47,0,1
BRDA:544,48,0,1
BRDA:545,49,0,1
BRDA:545,49,1,1
BRDA:558,50,0,0
BRDA:558,50,1,1
BRDA:563,51,0,1
BRDA:563,51,1,0
BRDA:569,52,0,0
BRDA:569,52,1,1
BRDA:576,53,0,0
BRDA:576,53,1,1
BRDA:584,54,0,0
BRDA:585,55,0,0
BRDA:585,55,1,0
BRDA:599,56,0,0
BRDA:599,56,1,0
BRDA:605,57,0,0
BRDA:605,57,1,0
BRDA:606,58,0,0
BRDA:606,58,1,0
BRDA:610,59,0,0
BRDA:610,59,1,0
BRDA:610,60,0,0
BRDA:610,60,1,0
BRDA:618,61,0,0
BRDA:618,61,1,0
BRDA:630,62,0,0
BRDA:630,62,1,0
BRDA:643,63,0,0
BRDA:643,63,1,0
BRDA:672,64,0,7
BRDA:672,64,1,1
BRDA:673,65,0,7
BRDA:673,65,1,1
BRDA:674,66,0,7
BRDA:674,66,1,1
BRDA:675,67,0,6
BRDA:675,67,1,2
BRDA:679,68,0,5
BRDA:679,68,1,3
BRDA:680,69,0,1
BRDA:680,69,1,2
BRDA:681,70,0,0
BRDA:681,70,1,2
BRDA:682,71,0,1
BRDA:682,71,1,1
BRDA:684,72,0,6
BRDA:684,72,1,2
BRDA:685,73,0,1
BRDA:685,73,1,1
BRDA:686,74,0,0
BRDA:686,74,1,1
BRDA:687,75,0,0
BRDA:687,75,1,1
BRDA:689,76,0,6
BRDA:689,76,1,2
BRDA:690,77,0,1
BRDA:690,77,1,1
BRDA:691,78,0,0
BRDA:691,78,1,1
BRDA:693,79,0,4
BRDA:693,79,1,4
BRDA:694,80,0,1
BRDA:694,80,1,3
BRDA:695,81,0,1
BRDA:695,81,1,2
BRDA:704,82,0,6
BRDA:704,82,1,2
BRDA:704,83,0,1
BRDA:704,83,1,1
BRDA:712,84,0,1
BRDA:712,84,1,5
BRDA:714,85,0,4
BRDA:714,85,1,1
BRDA:720,86,0,1
BRDA:720,86,1,5
BRDA:722,87,0,0
BRDA:722,87,1,5
BRDA:728,88,0,0
BRDA:728,88,1,6
BRDA:730,89,0,1
BRDA:730,89,1,5
BRDA:734,90,0,1
BRDA:734,90,1,5
BRDA:736,91,0,0
BRDA:736,91,1,5
BRDA:742,92,0,1
BRDA:742,92,1,5
BRDA:742,93,0,6
BRDA:742,93,1,4
BRDA:744,94,0,1
BRDA:744,94,1,0
BRDA:746,95,0,1
BRDA:746,95,1,0
BRDA:812,96,0,1
BRDA:812,96,1,1
BRDA:812,97,0,1
BRDA:812,97,1,1
BRDA:812,98,0,1
BRDA:812,98,1,0
BRDA:812,99,0,1
BRDA:812,99,1,1
BRDA:812,100,0,1
BRDA:812,100,1,0
BRDA:819,101,0,0
BRDA:819,101,1,0
BRDA:819,102,0,0
BRDA:819,102,1,0
BRDA:819,103,0,0
BRDA:819,103,1,0
BRDA:819,104,0,0
BRDA:819,104,1,0
BRDA:819,105,0,0
BRDA:819,105,1,0
BRDA:819,106,0,0
BRDA:819,106,1,0
BRDA:828,107,0,1
BRDA:828,107,1,1
BRDA:833,108,0,4
BRDA:833,108,1,2
BRDA:833,108,2,3
BRDA:833,108,3,3
BRDA:833,108,4,1
BRDA:865,109,0,0
BRDA:865,109,1,0
BRDA:868,110,0,0
BRDA:868,110,1,0
BRDA:883,111,0,0
BRDA:884,112,0,1
BRDA:884,112,1,0
BRDA:894,113,0,2
BRDA:894,113,1,1
BRDA:895,114,0,2
BRDA:895,114,1,1
BRDA:896,115,0,2
BRDA:896,115,1,1
BRDA:896,116,0,2
BRDA:896,116,1,1
BRDA:903,117,0,1
BRDA:903,117,1,0
BRDA:903,118,0,1
BRDA:903,118,1,0
BRDA:907,119,0,0
BRDA:915,120,0,0
BRDA:915,120,1,2
BRDA:917,121,0,1
BRDA:917,121,1,1
BRDA:929,122,0,0
BRDA:929,122,1,1
BRDA:930,123,0,1
BRDA:930,123,1,0
BRDA:990,124,0,1
BRDA:990,124,1,1
BRDA:1024,125,0,1
BRDA:1024,125,1,0
BRDA:1032,126,0,1
BRDA:1032,126,1,0
BRDA:1043,127,0,1
BRDA:1043,127,1,2
BRDA:1044,128,0,1
BRDA:1044,128,1,1
BRDA:1059,129,0,1
BRDA:1059,129,1,1
BRDA:1059,130,0,1
BRDA:1059,130,1,1
BRDA:1067,131,0,1
BRDA:1067,131,1,1
BRDA:1067,132,0,1
BRDA:1067,132,1,1
BRDA:1077,133,0,0
BRDA:1078,134,0,1
BRDA:1078,134,1,1
BRDA:1091,135,0,1
BRDA:1091,135,1,1
BRDA:1091,136,0,1
BRDA:1091,136,1,1
BRDA:1091,137,0,1
BRDA:1091,137,1,1
BRDA:1091,138,0,1
BRDA:1091,138,1,1
BRDA:1100,139,0,1
BRDA:1100,139,1,0
BRDA:1106,140,0,1
BRDA:1106,140,1,1
BRDA:1108,141,0,1
BRDA:1108,141,1,0
BRDA:1133,142,0,1
BRDA:1133,142,1,1
BRDA:1133,143,0,1
BRDA:1133,143,1,1
BRDA:1133,144,0,1
BRDA:1133,144,1,1
BRDA:1134,145,0,1
BRDA:1134,145,1,1
BRDA:1134,146,0,1
BRDA:1134,146,1,1
BRDA:1134,147,0,1
BRDA:1134,147,1,1
BRDA:1135,148,0,1
BRDA:1135,148,1,1
BRDA:1135,149,0,1
BRDA:1135,149,1,1
BRDA:1135,150,0,1
BRDA:1135,150,1,1
BRDA:1136,151,0,1
BRDA:1136,151,1,1
BRDA:1136,152,0,1
BRDA:1136,152,1,1
BRDA:1137,153,0,1
BRDA:1137,153,1,0
BRDA:1138,154,0,1
BRDA:1138,154,1,0
BRDA:1147,155,0,1
BRDA:1147,155,1,1
BRDA:1150,156,0,1
BRDA:1150,156,1,0
BRDA:1151,157,0,1
BRDA:1151,157,1,0
BRDA:1155,158,0,0
BRDA:1162,159,0,2
BRDA:1162,159,1,0
BRDA:1163,160,0,2
BRDA:1163,160,1,0
BRDA:1199,161,0,1
BRDA:1199,161,1,0
BRDA:1216,162,0,1
BRDA:1216,162,1,0
BRDA:1217,163,0,1
BRDA:1217,163,1,0
BRF:320
BRH:195
end_of_record
TN:
SF:src\utils\achievementEngine.js
FN:87,checkAndUnlockAchievements
FN:89,(anonymous_1)
FN:92,(anonymous_2)
FN:95,(anonymous_3)
FN:112,(anonymous_4)
FNF:5
FNH:5
FNDA:3,checkAndUnlockAchievements
FNDA:2,(anonymous_1)
FNDA:24,(anonymous_2)
FNDA:56,(anonymous_3)
FNDA:1,(anonymous_4)
DA:10,1
DA:88,3
DA:89,3
DA:90,3
DA:92,3
DA:93,24
DA:94,11
DA:95,56
DA:96,11
DA:100,3
DA:101,3
DA:102,3
DA:103,3
DA:104,3
DA:105,3
DA:106,3
DA:107,3
DA:110,3
DA:111,1
DA:112,1
DA:115,3
DA:116,1
DA:119,3
LF:23
LH:23
BRDA:87,0,0,0
BRDA:87,1,0,0
BRDA:93,2,0,11
BRDA:93,2,1,13
BRDA:93,3,0,24
BRDA:93,3,1,22
BRDA:96,4,0,11
BRDA:96,4,1,0
BRDA:100,5,0,3
BRDA:100,5,1,0
BRDA:102,6,0,3
BRDA:102,6,1,0
BRDA:103,7,0,3
BRDA:103,7,1,0
BRDA:104,8,0,3
BRDA:104,8,1,1
BRDA:105,9,0,3
BRDA:105,9,1,1
BRDA:106,10,0,3
BRDA:106,10,1,1
BRDA:107,11,0,3
BRDA:107,11,1,0
BRDA:110,12,0,1
BRDA:110,12,1,2
BRDA:115,13,0,1
BRDA:115,13,1,2
BRF:26
BRH:19
end_of_record
TN:
SF:src\utils\diagnosisEngine.js
FN:18,runDiagnosis
FN:157,(anonymous_1)
FN:193,(anonymous_2)
FN:202,generateRecommendations
FN:205,(anonymous_4)
FNF:5
FNH:5
FNDA:10,runDiagnosis
FNDA:9,(anonymous_1)
FNDA:1,(anonymous_2)
FNDA:1,generateRecommendations
FNDA:5,(anonymous_4)
DA:11,1
DA:23,10
DA:25,10
DA:28,10
DA:29,2
DA:30,2
DA:31,2
DA:48,10
DA:49,10
DA:50,1
DA:51,1
DA:68,10
DA:69,1
DA:86,10
DA:87,10
DA:88,1
DA:89,1
DA:103,9
DA:104,1
DA:119,10
DA:120,1
DA:137,10
DA:138,10
DA:139,1
DA:140,1
DA:157,10
DA:158,10
DA:159,1
DA:175,10
DA:176,10
DA:177,1
DA:193,10
DA:194,1
DA:195,1
DA:203,1
DA:205,5
LF:36
LH:36
BRDA:22,0,0,0
BRDA:28,1,0,2
BRDA:28,1,1,8
BRDA:30,2,0,2
BRDA:30,2,1,0
BRDA:33,3,0,1
BRDA:33,3,1,1
BRDA:48,4,0,10
BRDA:48,4,1,1
BRDA:49,5,0,1
BRDA:49,5,1,9
BRDA:49,6,0,10
BRDA:49,6,1,1
BRDA:50,7,0,1
BRDA:50,7,1,0
BRDA:53,8,0,1
BRDA:53,8,1,0
BRDA:53,9,0,0
BRDA:53,9,1,0
BRDA:68,10,0,1
BRDA:68,10,1,9
BRDA:68,11,0,10
BRDA:68,11,1,1
BRDA:71,12,0,1
BRDA:71,12,1,0
BRDA:75,13,0,1
BRDA:75,13,1,0
BRDA:86,14,0,10
BRDA:86,14,1,0
BRDA:87,15,0,1
BRDA:87,15,1,9
BRDA:88,16,0,1
BRDA:88,16,1,0
BRDA:91,17,0,1
BRDA:91,17,1,0
BRDA:103,18,0,1
BRDA:103,18,1,8
BRDA:119,19,0,1
BRDA:119,19,1,9
BRDA:119,20,0,10
BRDA:119,20,1,10
BRDA:119,20,2,1
BRDA:119,20,3,1
BRDA:122,21,0,1
BRDA:122,21,1,0
BRDA:137,22,0,10
BRDA:137,22,1,1
BRDA:138,23,0,1
BRDA:138,23,1,9
BRDA:138,24,0,10
BRDA:138,24,1,1
BRDA:139,25,0,1
BRDA:139,25,1,0
BRDA:142,26,0,1
BRDA:142,26,1,0
BRDA:158,27,0,1
BRDA:158,27,1,9
BRDA:158,28,0,10
BRDA:158,28,1,1
BRDA:175,29,0,10
BRDA:175,29,1,9
BRDA:176,30,0,1
BRDA:176,30,1,9
BRDA:176,31,0,10
BRDA:176,31,1,1
BRDA:194,32,0,1
BRDA:194,32,1,0
BRDA:194,33,0,1
BRDA:194,33,1,0
BRDA:195,34,0,1
BRDA:195,34,1,0
BRDA:211,35,0,5
BRDA:211,35,1,0
BRDA:212,36,0,5
BRDA:212,36,1,0
BRDA:213,37,0,5
BRDA:213,37,1,4
BRDA:214,38,0,5
BRDA:214,38,1,0
BRF:79
BRH:59
end_of_record
TN:
SF:src\utils\financialEngine.js
FN:27,runFinancialAnalysis
FN:31,(anonymous_1)
FN:31,(anonymous_2)
FN:32,(anonymous_3)
FN:32,(anonymous_4)
FN:64,(anonymous_5)
FN:92,buildExpenseGroups
FN:116,calcRatios
FN:125,calcTotalMonthlyDebtPayment
FN:128,(anonymous_9)
FN:129,(anonymous_10)
FN:135,calcEssentialMonthlyExpense
FN:146,getMaxScore
FN:151,calcHealthScores
FN:162,scoreCashFlow
FN:173,scoreDebt
FN:182,scoreEmergencyFund
FN:193,scoreSavings
FN:202,scoreHousing
FN:212,scoreGoals
FN:213,(anonymous_20)
FN:214,(anonymous_21)
FN:226,simulateExpenseReduction
FN:243,simulateInvestment
FN:268,simulateDebtPayoff
FN:301,simulateGoalTimeline
FN:317,formatPercent
FN:321,getRatioBenchmarkStatus
FNF:28
FNH:28
FNDA:16,runFinancialAnalysis
FNDA:27,(anonymous_1)
FNDA:13,(anonymous_2)
FNDA:27,(anonymous_3)
FNDA:14,(anonymous_4)
FNDA:96,(anonymous_5)
FNDA:16,buildExpenseGroups
FNDA:16,calcRatios
FNDA:16,calcTotalMonthlyDebtPayment
FNDA:2,(anonymous_9)
FNDA:1,(anonymous_10)
FNDA:16,calcEssentialMonthlyExpense
FNDA:96,getMaxScore
FNDA:16,calcHealthScores
FNDA:16,scoreCashFlow
FNDA:16,scoreDebt
FNDA:16,scoreEmergencyFund
FNDA:16,scoreSavings
FNDA:16,scoreHousing
FNDA:16,scoreGoals
FNDA:3,(anonymous_20)
FNDA:2,(anonymous_21)
FNDA:2,simulateExpenseReduction
FNDA:2,simulateInvestment
FNDA:3,simulateDebtPayoff
FNDA:3,simulateGoalTimeline
FNDA:3,formatPercent
FNDA:4,getRatioBenchmarkStatus
DA:28,16
DA:31,27
DA:32,27
DA:35,16
DA:36,16
DA:39,16
DA:42,16
DA:45,16
DA:46,16
DA:49,16
DA:50,16
DA:53,16
DA:54,16
DA:55,16
DA:58,16
DA:63,16
DA:64,96
DA:67,16
DA:68,16
DA:70,16
DA:93,16
DA:100,16
DA:101,27
DA:102,14
DA:103,14
DA:107,16
DA:108,2
DA:109,2
DA:110,2
DA:113,16
DA:117,16
DA:118,15
DA:119,15
DA:120,165
DA:122,15
DA:127,16
DA:128,2
DA:129,1
DA:132,16
DA:137,16
DA:147,96
DA:148,96
DA:152,16
DA:163,16
DA:164,15
DA:165,15
DA:166,5
DA:167,4
DA:168,3
DA:169,2
DA:170,1
DA:174,16
DA:175,3
DA:176,2
DA:177,2
DA:178,2
DA:179,1
DA:183,16
DA:184,16
DA:185,16
DA:186,15
DA:187,14
DA:188,14
DA:189,13
DA:190,13
DA:194,16
DA:195,6
DA:196,5
DA:197,4
DA:198,4
DA:199,2
DA:203,16
DA:204,5
DA:205,4
DA:206,4
DA:207,3
DA:208,2
DA:209,1
DA:213,16
DA:214,16
DA:215,16
DA:216,15
DA:217,15
DA:218,14
DA:227,2
DA:228,2
DA:229,2
DA:230,2
DA:244,2
DA:245,2
DA:247,2
DA:248,72
DA:251,2
DA:252,2
DA:253,2
DA:254,2
DA:256,2
DA:269,3
DA:271,1
DA:272,1
DA:275,2
DA:276,2
DA:277,2
DA:278,2
DA:279,2
DA:281,2
DA:282,12
DA:283,12
DA:284,12
DA:285,11
DA:286,11
DA:287,11
DA:290,2
DA:302,3
DA:303,3
DA:304,1
DA:306,2
DA:307,2
DA:318,3
DA:322,4
DA:323,4
DA:324,3
DA:325,2
DA:326,1
LF:124
LH:124
BRDA:28,0,0,0
BRDA:28,1,0,0
BRDA:28,2,0,12
BRDA:28,3,0,12
BRDA:28,4,0,12
BRDA:28,5,0,12
BRDA:35,6,0,13
BRDA:35,6,1,3
BRDA:35,7,0,3
BRDA:35,7,1,1
BRDA:46,8,0,15
BRDA:46,8,1,1
BRDA:50,9,0,15
BRDA:50,9,1,1
BRDA:54,10,0,8
BRDA:54,10,1,8
BRDA:55,11,0,16
BRDA:55,11,1,14
BRDA:64,12,0,96
BRDA:64,12,1,33
BRDA:86,13,0,13
BRDA:86,13,1,3
BRDA:101,14,0,13
BRDA:101,14,1,14
BRDA:103,15,0,14
BRDA:103,15,1,14
BRDA:108,16,0,2
BRDA:108,16,1,0
BRDA:109,17,0,1
BRDA:109,17,1,1
BRDA:110,18,0,2
BRDA:110,18,1,2
BRDA:117,19,0,1
BRDA:117,19,1,15
BRDA:117,20,0,16
BRDA:117,20,1,15
BRDA:129,21,0,1
BRDA:129,21,1,0
BRDA:132,22,0,16
BRDA:132,22,1,14
BRDA:137,23,0,16
BRDA:137,23,1,11
BRDA:138,24,0,16
BRDA:138,24,1,13
BRDA:139,25,0,16
BRDA:139,25,1,16
BRDA:140,26,0,16
BRDA:140,26,1,16
BRDA:141,27,0,16
BRDA:141,27,1,14
BRDA:148,28,0,96
BRDA:148,28,1,0
BRDA:157,29,0,16
BRDA:157,29,1,11
BRDA:163,30,0,1
BRDA:163,30,1,15
BRDA:163,31,0,16
BRDA:163,31,1,15
BRDA:165,32,0,10
BRDA:165,32,1,5
BRDA:166,33,0,1
BRDA:166,33,1,4
BRDA:167,34,0,1
BRDA:167,34,1,3
BRDA:168,35,0,1
BRDA:168,35,1,2
BRDA:169,36,0,1
BRDA:169,36,1,1
BRDA:174,37,0,13
BRDA:174,37,1,3
BRDA:175,38,0,1
BRDA:175,38,1,2
BRDA:176,39,0,0
BRDA:176,39,1,2
BRDA:177,40,0,0
BRDA:177,40,1,2
BRDA:178,41,0,1
BRDA:178,41,1,1
BRDA:183,42,0,16
BRDA:183,42,1,0
BRDA:185,43,0,1
BRDA:185,43,1,15
BRDA:186,44,0,1
BRDA:186,44,1,14
BRDA:187,45,0,0
BRDA:187,45,1,14
BRDA:188,46,0,1
BRDA:188,46,1,13
BRDA:189,47,0,0
BRDA:189,47,1,13
BRDA:194,48,0,10
BRDA:194,48,1,6
BRDA:195,49,0,1
BRDA:195,49,1,5
BRDA:196,50,0,1
BRDA:196,50,1,4
BRDA:197,51,0,0
BRDA:197,51,1,4
BRDA:198,52,0,2
BRDA:198,52,1,2
BRDA:203,53,0,11
BRDA:203,53,1,5
BRDA:204,54,0,1
BRDA:204,54,1,4
BRDA:205,55,0,0
BRDA:205,55,1,4
BRDA:206,56,0,1
BRDA:206,56,1,3
BRDA:207,57,0,1
BRDA:207,57,1,2
BRDA:208,58,0,1
BRDA:208,58,1,1
BRDA:212,59,0,0
BRDA:214,60,0,2
BRDA:214,60,1,1
BRDA:215,61,0,1
BRDA:215,61,1,15
BRDA:215,62,0,16
BRDA:215,62,1,1
BRDA:216,63,0,0
BRDA:216,63,1,15
BRDA:217,64,0,1
BRDA:217,64,1,14
BRDA:226,65,0,0
BRDA:229,66,0,1
BRDA:229,66,1,1
BRDA:243,67,0,0
BRDA:245,68,0,2
BRDA:245,68,1,0
BRDA:248,69,0,72
BRDA:248,69,1,12
BRDA:251,70,0,2
BRDA:251,70,1,0
BRDA:251,71,0,2
BRDA:251,71,1,1
BRDA:269,72,0,1
BRDA:269,72,1,2
BRDA:269,73,0,3
BRDA:269,73,1,2
BRDA:271,74,0,1
BRDA:271,74,1,0
BRDA:281,75,0,13
BRDA:281,75,1,12
BRDA:284,76,0,1
BRDA:284,76,1,11
BRDA:291,77,0,1
BRDA:291,77,1,1
BRDA:303,78,0,1
BRDA:303,78,1,2
BRDA:303,79,0,3
BRDA:303,79,1,2
BRDA:323,80,0,1
BRDA:323,80,1,3
BRDA:324,81,0,1
BRDA:324,81,1,2
BRDA:324,82,0,3
BRDA:324,82,1,3
BRDA:324,83,0,3
BRDA:324,83,1,0
BRDA:325,84,0,1
BRDA:325,84,1,1
BRDA:325,85,0,2
BRDA:325,85,1,2
BRF:163
BRH:143
end_of_record
TN:
SF:src\utils\formatting.js
FN:12,formatRupiah
FN:18,(anonymous_1)
FN:39,formatRupiahFull
FN:67,formatCurrencyInput
FN:79,parseCurrencyRaw
FN:88,formatDate
FN:102,formatDateShort
FN:115,formatDateInput
FN:128,getGreeting
FN:139,escapeCSV
FNF:10
FNH:10
FNDA:45,formatRupiah
FNDA:38,(anonymous_1)
FNDA:7,formatRupiahFull
FNDA:12,formatCurrencyInput
FNDA:17,parseCurrencyRaw
FNDA:9,formatDate
FNDA:2,formatDateShort
FNDA:5,formatDateInput
FNDA:6,getGreeting
FNDA:22,escapeCSV
DA:13,45
DA:15,42
DA:16,42
DA:18,42
DA:19,38
DA:23,38
DA:26,42
DA:27,41
DA:28,39
DA:29,15
DA:31,4
DA:40,7
DA:41,7
DA:43,7
DA:44,1
DA:48,1
DA:51,6
DA:52,1
DA:56,1
DA:60,5
DA:61,5
DA:68,12
DA:69,9
DA:70,9
DA:72,8
DA:73,8
DA:80,17
DA:81,15
DA:82,9
DA:89,9
DA:90,6
DA:91,6
DA:92,5
DA:103,2
DA:104,1
DA:105,1
DA:106,1
DA:116,5
DA:117,3
DA:118,3
DA:119,2
DA:120,2
DA:121,2
DA:122,2
DA:129,6
DA:130,6
DA:131,4
DA:132,3
DA:133,2
DA:140,22
DA:141,18
DA:143,18
DA:144,7
DA:146,18
DA:147,8
DA:149,18
LF:56
LH:56
BRDA:13,0,0,3
BRDA:13,0,1,42
BRDA:13,1,0,45
BRDA:13,1,1,44
BRDA:13,1,2,43
BRDA:16,2,0,1
BRDA:16,2,1,41
BRDA:26,3,0,1
BRDA:26,3,1,41
BRDA:27,4,0,2
BRDA:27,4,1,39
BRDA:28,5,0,24
BRDA:28,5,1,15
BRDA:29,6,0,11
BRDA:29,6,1,4
BRDA:40,7,0,7
BRDA:40,7,1,3
BRDA:41,8,0,0
BRDA:41,8,1,7
BRDA:41,9,0,7
BRDA:41,9,1,3
BRDA:43,10,0,1
BRDA:43,10,1,6
BRDA:51,11,0,1
BRDA:51,11,1,5
BRDA:68,12,0,3
BRDA:68,12,1,9
BRDA:70,13,0,1
BRDA:70,13,1,8
BRDA:80,14,0,2
BRDA:80,14,1,15
BRDA:81,15,0,6
BRDA:81,15,1,9
BRDA:82,16,0,9
BRDA:82,16,1,1
BRDA:89,17,0,3
BRDA:89,17,1,6
BRDA:91,18,0,1
BRDA:91,18,1,5
BRDA:103,19,0,1
BRDA:103,19,1,1
BRDA:105,20,0,0
BRDA:105,20,1,1
BRDA:116,21,0,2
BRDA:116,21,1,3
BRDA:118,22,0,1
BRDA:118,22,1,2
BRDA:130,23,0,2
BRDA:130,23,1,4
BRDA:130,24,0,6
BRDA:130,24,1,5
BRDA:131,25,0,1
BRDA:131,25,1,3
BRDA:131,26,0,4
BRDA:131,26,1,3
BRDA:132,27,0,1
BRDA:132,27,1,2
BRDA:132,28,0,3
BRDA:132,28,1,2
BRDA:140,29,0,4
BRDA:140,29,1,18
BRDA:140,30,0,22
BRDA:140,30,1,20
BRDA:143,31,0,7
BRDA:143,31,1,11
BRDA:146,32,0,8
BRDA:146,32,1,10
BRDA:146,33,0,18
BRDA:146,33,1,15
BRDA:146,33,2,13
BRDA:146,33,3,11
BRF:71
BRH:69
end_of_record
